{"D:\\web-engineering\\frontend\\src\\types.ts": {"path":"D:\\web-engineering\\frontend\\src\\types.ts","statementMap":{},"fnMap":{},"branchMap":{},"s":{},"f":{},"b":{}}
,"D:\\web-engineering\\frontend\\src\\components\\AddToPlaylistModal.tsx": {"path":"D:\\web-engineering\\frontend\\src\\components\\AddToPlaylistModal.tsx","statementMap":{"0":{"start":{"line":14,"column":36},"end":{"line":14,"column":60}},"1":{"start":{"line":15,"column":32},"end":{"line":15,"column":46}},"2":{"start":{"line":16,"column":38},"end":{"line":16,"column":67}},"3":{"start":{"line":19,"column":34},"end":{"line":19,"column":63}},"4":{"start":{"line":20,"column":34},"end":{"line":20,"column":66}},"5":{"start":{"line":23,"column":46},"end":{"line":23,"column":61}},"6":{"start":{"line":24,"column":32},"end":{"line":24,"column":44}},"7":{"start":{"line":25,"column":34},"end":{"line":25,"column":49}},"8":{"start":{"line":26,"column":40},"end":{"line":26,"column":69}},"9":{"start":{"line":28,"column":28},"end":{"line":28,"column":54}},"10":{"start":{"line":29,"column":19},"end":{"line":29,"column":47}},"11":{"start":{"line":32,"column":2},"end":{"line":40,"column":15}},"12":{"start":{"line":34,"column":6},"end":{"line":36,"column":7}},"13":{"start":{"line":35,"column":8},"end":{"line":35,"column":17}},"14":{"start":{"line":38,"column":4},"end":{"line":38,"column":57}},"15":{"start":{"line":39,"column":4},"end":{"line":39,"column":73}},"16":{"start":{"line":39,"column":17},"end":{"line":39,"column":73}},"17":{"start":{"line":43,"column":2},"end":{"line":52,"column":8}},"18":{"start":{"line":44,"column":4},"end":{"line":44,"column":46}},"19":{"start":{"line":44,"column":40},"end":{"line":44,"column":46}},"20":{"start":{"line":45,"column":4},"end":{"line":51,"column":39}},"21":{"start":{"line":49,"column":8},"end":{"line":49,"column":86}},"22":{"start":{"line":51,"column":21},"end":{"line":51,"column":38}},"23":{"start":{"line":55,"column":4},"end":{"line":55,"column":31}},"24":{"start":{"line":56,"column":4},"end":{"line":56,"column":42}},"25":{"start":{"line":56,"column":21},"end":{"line":56,"column":35}},"26":{"start":{"line":60,"column":4},"end":{"line":60,"column":27}},"27":{"start":{"line":61,"column":4},"end":{"line":72,"column":5}},"28":{"start":{"line":62,"column":22},"end":{"line":62,"column":83}},"29":{"start":{"line":63,"column":6},"end":{"line":65,"column":7}},"30":{"start":{"line":64,"column":8},"end":{"line":64,"column":81}},"31":{"start":{"line":64,"column":32},"end":{"line":64,"column":79}},"32":{"start":{"line":66,"column":6},"end":{"line":66,"column":59}},"33":{"start":{"line":66,"column":28},"end":{"line":66,"column":58}},"34":{"start":{"line":67,"column":6},"end":{"line":67,"column":48}},"35":{"start":{"line":69,"column":6},"end":{"line":69,"column":84}},"36":{"start":{"line":71,"column":6},"end":{"line":71,"column":23}},"37":{"start":{"line":76,"column":4},"end":{"line":76,"column":22}},"38":{"start":{"line":77,"column":4},"end":{"line":77,"column":31}},"39":{"start":{"line":77,"column":25},"end":{"line":77,"column":31}},"40":{"start":{"line":78,"column":4},"end":{"line":78,"column":21}},"41":{"start":{"line":79,"column":4},"end":{"line":79,"column":24}},"42":{"start":{"line":80,"column":4},"end":{"line":93,"column":5}},"43":{"start":{"line":81,"column":22},"end":{"line":81,"column":74}},"44":{"start":{"line":83,"column":22},"end":{"line":83,"column":83}},"45":{"start":{"line":84,"column":6},"end":{"line":84,"column":48}},"46":{"start":{"line":84,"column":29},"end":{"line":84,"column":47}},"47":{"start":{"line":85,"column":6},"end":{"line":85,"column":59}},"48":{"start":{"line":85,"column":28},"end":{"line":85,"column":58}},"49":{"start":{"line":86,"column":6},"end":{"line":86,"column":20}},"50":{"start":{"line":87,"column":6},"end":{"line":87,"column":30}},"51":{"start":{"line":88,"column":6},"end":{"line":88,"column":72}},"52":{"start":{"line":90,"column":6},"end":{"line":90,"column":86}},"53":{"start":{"line":92,"column":6},"end":{"line":92,"column":24}},"54":{"start":{"line":96,"column":2},"end":{"line":279,"column":3}},"55":{"start":{"line":140,"column":30},"end":{"line":140,"column":49}},"56":{"start":{"line":141,"column":31},"end":{"line":141,"column":49}},"57":{"start":{"line":142,"column":14},"end":{"line":178,"column":15}},"58":{"start":{"line":145,"column":35},"end":{"line":145,"column":63}},"59":{"start":{"line":197,"column":33},"end":{"line":197,"column":59}},"60":{"start":{"line":224,"column":20},"end":{"line":224,"column":44}},"61":{"start":{"line":225,"column":20},"end":{"line":225,"column":34}},"62":{"start":{"line":226,"column":20},"end":{"line":226,"column":40}},"63":{"start":{"line":242,"column":27},"end":{"line":242,"column":50}},"64":{"start":{"line":285,"column":2},"end":{"line":299,"column":3}},"65":{"start":{"line":303,"column":2},"end":{"line":316,"column":3}},"66":{"start":{"line":320,"column":2},"end":{"line":332,"column":3}},"67":{"start":{"line":336,"column":2},"end":{"line":353,"column":3}},"68":{"start":{"line":357,"column":2},"end":{"line":369,"column":3}}},"fnMap":{"0":{"name":"AddToPlaylistModal","decl":{"start":{"line":13,"column":24},"end":{"line":13,"column":42}},"loc":{"start":{"line":13,"column":90},"end":{"line":280,"column":1}},"line":13},"1":{"name":"(anonymous_1)","decl":{"start":{"line":32,"column":12},"end":{"line":32,"column":13}},"loc":{"start":{"line":32,"column":18},"end":{"line":40,"column":3}},"line":32},"2":{"name":"handleOutside","decl":{"start":{"line":33,"column":13},"end":{"line":33,"column":26}},"loc":{"start":{"line":33,"column":42},"end":{"line":37,"column":5}},"line":33},"3":{"name":"(anonymous_3)","decl":{"start":{"line":39,"column":11},"end":{"line":39,"column":12}},"loc":{"start":{"line":39,"column":17},"end":{"line":39,"column":73}},"line":39},"4":{"name":"(anonymous_4)","decl":{"start":{"line":43,"column":12},"end":{"line":43,"column":13}},"loc":{"start":{"line":43,"column":18},"end":{"line":52,"column":3}},"line":43},"5":{"name":"(anonymous_5)","decl":{"start":{"line":48,"column":13},"end":{"line":48,"column":14}},"loc":{"start":{"line":49,"column":8},"end":{"line":49,"column":86}},"line":49},"6":{"name":"(anonymous_6)","decl":{"start":{"line":51,"column":15},"end":{"line":51,"column":16}},"loc":{"start":{"line":51,"column":21},"end":{"line":51,"column":38}},"line":51},"7":{"name":"showToast","decl":{"start":{"line":54,"column":11},"end":{"line":54,"column":20}},"loc":{"start":{"line":54,"column":65},"end":{"line":57,"column":3}},"line":54},"8":{"name":"(anonymous_8)","decl":{"start":{"line":56,"column":15},"end":{"line":56,"column":16}},"loc":{"start":{"line":56,"column":21},"end":{"line":56,"column":35}},"line":56},"9":{"name":"handleAdd","decl":{"start":{"line":59,"column":17},"end":{"line":59,"column":26}},"loc":{"start":{"line":59,"column":47},"end":{"line":73,"column":3}},"line":59},"10":{"name":"(anonymous_10)","decl":{"start":{"line":63,"column":19},"end":{"line":63,"column":20}},"loc":{"start":{"line":64,"column":8},"end":{"line":64,"column":81}},"line":64},"11":{"name":"(anonymous_11)","decl":{"start":{"line":64,"column":17},"end":{"line":64,"column":18}},"loc":{"start":{"line":64,"column":32},"end":{"line":64,"column":79}},"line":64},"12":{"name":"(anonymous_12)","decl":{"start":{"line":66,"column":18},"end":{"line":66,"column":19}},"loc":{"start":{"line":66,"column":28},"end":{"line":66,"column":58}},"line":66},"13":{"name":"handleCreate","decl":{"start":{"line":75,"column":17},"end":{"line":75,"column":29}},"loc":{"start":{"line":75,"column":50},"end":{"line":94,"column":3}},"line":75},"14":{"name":"(anonymous_14)","decl":{"start":{"line":84,"column":19},"end":{"line":84,"column":20}},"loc":{"start":{"line":84,"column":29},"end":{"line":84,"column":47}},"line":84},"15":{"name":"(anonymous_15)","decl":{"start":{"line":85,"column":18},"end":{"line":85,"column":19}},"loc":{"start":{"line":85,"column":28},"end":{"line":85,"column":58}},"line":85},"16":{"name":"(anonymous_16)","decl":{"start":{"line":139,"column":27},"end":{"line":139,"column":28}},"loc":{"start":{"line":139,"column":35},"end":{"line":179,"column":13}},"line":139},"17":{"name":"(anonymous_17)","decl":{"start":{"line":145,"column":29},"end":{"line":145,"column":30}},"loc":{"start":{"line":145,"column":35},"end":{"line":145,"column":63}},"line":145},"18":{"name":"(anonymous_18)","decl":{"start":{"line":197,"column":26},"end":{"line":197,"column":27}},"loc":{"start":{"line":197,"column":33},"end":{"line":197,"column":59}},"line":197},"19":{"name":"(anonymous_19)","decl":{"start":{"line":223,"column":27},"end":{"line":223,"column":28}},"loc":{"start":{"line":223,"column":33},"end":{"line":227,"column":19}},"line":223},"20":{"name":"(anonymous_20)","decl":{"start":{"line":242,"column":21},"end":{"line":242,"column":22}},"loc":{"start":{"line":242,"column":27},"end":{"line":242,"column":50}},"line":242},"21":{"name":"SaveIcon","decl":{"start":{"line":284,"column":9},"end":{"line":284,"column":17}},"loc":{"start":{"line":284,"column":20},"end":{"line":300,"column":1}},"line":284},"22":{"name":"CloseIcon","decl":{"start":{"line":302,"column":9},"end":{"line":302,"column":18}},"loc":{"start":{"line":302,"column":21},"end":{"line":317,"column":1}},"line":302},"23":{"name":"CheckIcon","decl":{"start":{"line":319,"column":9},"end":{"line":319,"column":18}},"loc":{"start":{"line":319,"column":21},"end":{"line":333,"column":1}},"line":319},"24":{"name":"SmallPlaylistIcon","decl":{"start":{"line":335,"column":9},"end":{"line":335,"column":26}},"loc":{"start":{"line":335,"column":29},"end":{"line":354,"column":1}},"line":335},"25":{"name":"PlusIcon","decl":{"start":{"line":356,"column":9},"end":{"line":356,"column":17}},"loc":{"start":{"line":356,"column":20},"end":{"line":370,"column":1}},"line":356}},"branchMap":{"0":{"loc":{"start":{"line":34,"column":6},"end":{"line":36,"column":7}},"type":"if","locations":[{"start":{"line":34,"column":6},"end":{"line":36,"column":7}},{"start":{},"end":{}}],"line":34},"1":{"loc":{"start":{"line":34,"column":10},"end":{"line":34,"column":74}},"type":"binary-expr","locations":[{"start":{"line":34,"column":10},"end":{"line":34,"column":26}},{"start":{"line":34,"column":30},"end":{"line":34,"column":74}}],"line":34},"2":{"loc":{"start":{"line":44,"column":4},"end":{"line":44,"column":46}},"type":"if","locations":[{"start":{"line":44,"column":4},"end":{"line":44,"column":46}},{"start":{},"end":{}}],"line":44},"3":{"loc":{"start":{"line":49,"column":22},"end":{"line":49,"column":85}},"type":"cond-expr","locations":[{"start":{"line":49,"column":45},"end":{"line":49,"column":56}},{"start":{"line":49,"column":59},"end":{"line":49,"column":85}}],"line":49},"4":{"loc":{"start":{"line":64,"column":32},"end":{"line":64,"column":79}},"type":"cond-expr","locations":[{"start":{"line":64,"column":61},"end":{"line":64,"column":68}},{"start":{"line":64,"column":71},"end":{"line":64,"column":79}}],"line":64},"5":{"loc":{"start":{"line":69,"column":25},"end":{"line":69,"column":83}},"type":"cond-expr","locations":[{"start":{"line":69,"column":48},"end":{"line":69,"column":59}},{"start":{"line":69,"column":62},"end":{"line":69,"column":83}}],"line":69},"6":{"loc":{"start":{"line":77,"column":4},"end":{"line":77,"column":31}},"type":"if","locations":[{"start":{"line":77,"column":4},"end":{"line":77,"column":31}},{"start":{},"end":{}}],"line":77},"7":{"loc":{"start":{"line":90,"column":21},"end":{"line":90,"column":85}},"type":"cond-expr","locations":[{"start":{"line":90,"column":44},"end":{"line":90,"column":55}},{"start":{"line":90,"column":58},"end":{"line":90,"column":85}}],"line":90},"8":{"loc":{"start":{"line":121,"column":9},"end":{"line":125,"column":9}},"type":"binary-expr","locations":[{"start":{"line":121,"column":9},"end":{"line":121,"column":16}},{"start":{"line":122,"column":10},"end":{"line":124,"column":16}}],"line":121},"9":{"loc":{"start":{"line":127,"column":9},"end":{"line":129,"column":9}},"type":"binary-expr","locations":[{"start":{"line":127,"column":9},"end":{"line":127,"column":19}},{"start":{"line":127,"column":23},"end":{"line":127,"column":31}},{"start":{"line":128,"column":10},"end":{"line":128,"column":94}}],"line":127},"10":{"loc":{"start":{"line":131,"column":9},"end":{"line":135,"column":9}},"type":"binary-expr","locations":[{"start":{"line":131,"column":9},"end":{"line":131,"column":17}},{"start":{"line":131,"column":21},"end":{"line":131,"column":32}},{"start":{"line":131,"column":36},"end":{"line":131,"column":58}},{"start":{"line":131,"column":62},"end":{"line":131,"column":77}},{"start":{"line":132,"column":10},"end":{"line":134,"column":14}}],"line":131},"11":{"loc":{"start":{"line":137,"column":9},"end":{"line":181,"column":9}},"type":"binary-expr","locations":[{"start":{"line":137,"column":9},"end":{"line":137,"column":17}},{"start":{"line":137,"column":21},"end":{"line":137,"column":32}},{"start":{"line":137,"column":36},"end":{"line":137,"column":56}},{"start":{"line":138,"column":10},"end":{"line":180,"column":15}}],"line":137},"12":{"loc":{"start":{"line":145,"column":35},"end":{"line":145,"column":63}},"type":"binary-expr","locations":[{"start":{"line":145,"column":35},"end":{"line":145,"column":43}},{"start":{"line":145,"column":47},"end":{"line":145,"column":63}}],"line":145},"13":{"loc":{"start":{"line":146,"column":30},"end":{"line":146,"column":49}},"type":"binary-expr","locations":[{"start":{"line":146,"column":30},"end":{"line":146,"column":37}},{"start":{"line":146,"column":41},"end":{"line":146,"column":49}}],"line":146},"14":{"loc":{"start":{"line":149,"column":24},"end":{"line":151,"column":102}},"type":"cond-expr","locations":[{"start":{"line":150,"column":28},"end":{"line":150,"column":112}},{"start":{"line":151,"column":28},"end":{"line":151,"column":102}}],"line":149},"15":{"loc":{"start":{"line":156,"column":97},"end":{"line":156,"column":175}},"type":"cond-expr","locations":[{"start":{"line":156,"column":107},"end":{"line":156,"column":142}},{"start":{"line":156,"column":145},"end":{"line":156,"column":175}}],"line":156},"16":{"loc":{"start":{"line":158,"column":23},"end":{"line":158,"column":70}},"type":"cond-expr","locations":[{"start":{"line":158,"column":33},"end":{"line":158,"column":46}},{"start":{"line":158,"column":49},"end":{"line":158,"column":70}}],"line":158},"17":{"loc":{"start":{"line":164,"column":46},"end":{"line":164,"column":76}},"type":"cond-expr","locations":[{"start":{"line":164,"column":68},"end":{"line":164,"column":71}},{"start":{"line":164,"column":74},"end":{"line":164,"column":76}}],"line":164},"18":{"loc":{"start":{"line":168,"column":21},"end":{"line":170,"column":21}},"type":"binary-expr","locations":[{"start":{"line":168,"column":21},"end":{"line":168,"column":29}},{"start":{"line":169,"column":22},"end":{"line":169,"column":127}}],"line":168},"19":{"loc":{"start":{"line":171,"column":21},"end":{"line":175,"column":21}},"type":"binary-expr","locations":[{"start":{"line":171,"column":21},"end":{"line":171,"column":28}},{"start":{"line":172,"column":22},"end":{"line":174,"column":29}}],"line":171},"20":{"loc":{"start":{"line":184,"column":9},"end":{"line":235,"column":9}},"type":"binary-expr","locations":[{"start":{"line":184,"column":9},"end":{"line":184,"column":23}},{"start":{"line":185,"column":10},"end":{"line":234,"column":16}}],"line":184},"21":{"loc":{"start":{"line":203,"column":15},"end":{"line":205,"column":15}},"type":"binary-expr","locations":[{"start":{"line":203,"column":15},"end":{"line":203,"column":26}},{"start":{"line":204,"column":16},"end":{"line":204,"column":87}}],"line":203},"22":{"loc":{"start":{"line":209,"column":28},"end":{"line":209,"column":55}},"type":"binary-expr","locations":[{"start":{"line":209,"column":28},"end":{"line":209,"column":36}},{"start":{"line":209,"column":40},"end":{"line":209,"column":55}}],"line":209},"23":{"loc":{"start":{"line":212,"column":19},"end":{"line":219,"column":19}},"type":"cond-expr","locations":[{"start":{"line":213,"column":20},"end":{"line":216,"column":27}},{"start":{"line":218,"column":20},"end":{"line":218,"column":34}}],"line":212},"24":{"loc":{"start":{"line":239,"column":7},"end":{"line":251,"column":7}},"type":"binary-expr","locations":[{"start":{"line":239,"column":7},"end":{"line":239,"column":22}},{"start":{"line":240,"column":8},"end":{"line":250,"column":14}}],"line":239},"25":{"loc":{"start":{"line":254,"column":7},"end":{"line":262,"column":7}},"type":"binary-expr","locations":[{"start":{"line":254,"column":7},"end":{"line":254,"column":12}},{"start":{"line":255,"column":8},"end":{"line":261,"column":14}}],"line":254},"26":{"loc":{"start":{"line":257,"column":14},"end":{"line":257,"column":70}},"type":"cond-expr","locations":[{"start":{"line":257,"column":41},"end":{"line":257,"column":55}},{"start":{"line":257,"column":58},"end":{"line":257,"column":70}}],"line":257}},"s":{"0":0,"1":0,"2":0,"3":0,"4":0,"5":0,"6":0,"7":0,"8":0,"9":0,"10":0,"11":0,"12":0,"13":0,"14":0,"15":0,"16":0,"17":0,"18":0,"19":0,"20":0,"21":0,"22":0,"23":0,"24":0,"25":0,"26":0,"27":0,"28":0,"29":0,"30":0,"31":0,"32":0,"33":0,"34":0,"35":0,"36":0,"37":0,"38":0,"39":0,"40":0,"41":0,"42":0,"43":0,"44":0,"45":0,"46":0,"47":0,"48":0,"49":0,"50":0,"51":0,"52":0,"53":0,"54":0,"55":0,"56":0,"57":0,"58":0,"59":0,"60":0,"61":0,"62":0,"63":0,"64":0,"65":0,"66":0,"67":0,"68":0},"f":{"0":0,"1":0,"2":0,"3":0,"4":0,"5":0,"6":0,"7":0,"8":0,"9":0,"10":0,"11":0,"12":0,"13":0,"14":0,"15":0,"16":0,"17":0,"18":0,"19":0,"20":0,"21":0,"22":0,"23":0,"24":0,"25":0},"b":{"0":[0,0],"1":[0,0],"2":[0,0],"3":[0,0],"4":[0,0],"5":[0,0],"6":[0,0],"7":[0,0],"8":[0,0],"9":[0,0,0],"10":[0,0,0,0,0],"11":[0,0,0,0],"12":[0,0],"13":[0,0],"14":[0,0],"15":[0,0],"16":[0,0],"17":[0,0],"18":[0,0],"19":[0,0],"20":[0,0],"21":[0,0],"22":[0,0],"23":[0,0],"24":[0,0],"25":[0,0],"26":[0,0]},"_coverageSchema":"1a1c01bbd47fc00a2c39e90264f33305004495a9","hash":"34b9f5283567c144a5bb2777104e795aacbb0704"}
,"D:\\web-engineering\\frontend\\src\\components\\EditVideoModal.tsx": {"path":"D:\\web-engineering\\frontend\\src\\components\\EditVideoModal.tsx","statementMap":{"0":{"start":{"line":12,"column":28},"end":{"line":12,"column":49}},"1":{"start":{"line":13,"column":40},"end":{"line":13,"column":67}},"2":{"start":{"line":14,"column":30},"end":{"line":14,"column":45}},"3":{"start":{"line":15,"column":28},"end":{"line":15,"column":57}},"4":{"start":{"line":17,"column":18},"end":{"line":17,"column":90}},"5":{"start":{"line":20,"column":4},"end":{"line":20,"column":41}},"6":{"start":{"line":20,"column":35},"end":{"line":20,"column":41}},"7":{"start":{"line":21,"column":4},"end":{"line":21,"column":19}},"8":{"start":{"line":22,"column":4},"end":{"line":22,"column":18}},"9":{"start":{"line":23,"column":4},"end":{"line":32,"column":5}},"10":{"start":{"line":24,"column":22},"end":{"line":27,"column":8}},"11":{"start":{"line":28,"column":6},"end":{"line":28,"column":38}},"12":{"start":{"line":30,"column":6},"end":{"line":30,"column":78}},"13":{"start":{"line":31,"column":6},"end":{"line":31,"column":22}},"14":{"start":{"line":35,"column":2},"end":{"line":118,"column":3}},"15":{"start":{"line":38,"column":22},"end":{"line":38,"column":74}},"16":{"start":{"line":69,"column":31},"end":{"line":69,"column":55}},"17":{"start":{"line":83,"column":31},"end":{"line":83,"column":61}},"18":{"start":{"line":122,"column":2},"end":{"line":127,"column":3}}},"fnMap":{"0":{"name":"EditVideoModal","decl":{"start":{"line":11,"column":24},"end":{"line":11,"column":38}},"loc":{"start":{"line":11,"column":88},"end":{"line":119,"column":1}},"line":11},"1":{"name":"handleSave","decl":{"start":{"line":19,"column":17},"end":{"line":19,"column":27}},"loc":{"start":{"line":19,"column":30},"end":{"line":33,"column":3}},"line":19},"2":{"name":"(anonymous_2)","decl":{"start":{"line":38,"column":15},"end":{"line":38,"column":16}},"loc":{"start":{"line":38,"column":22},"end":{"line":38,"column":74}},"line":38},"3":{"name":"(anonymous_3)","decl":{"start":{"line":69,"column":24},"end":{"line":69,"column":25}},"loc":{"start":{"line":69,"column":31},"end":{"line":69,"column":55}},"line":69},"4":{"name":"(anonymous_4)","decl":{"start":{"line":83,"column":24},"end":{"line":83,"column":25}},"loc":{"start":{"line":83,"column":31},"end":{"line":83,"column":61}},"line":83},"5":{"name":"XIcon","decl":{"start":{"line":121,"column":9},"end":{"line":121,"column":14}},"loc":{"start":{"line":121,"column":17},"end":{"line":128,"column":1}},"line":121}},"branchMap":{"0":{"loc":{"start":{"line":17,"column":18},"end":{"line":17,"column":90}},"type":"binary-expr","locations":[{"start":{"line":17,"column":18},"end":{"line":17,"column":46}},{"start":{"line":17,"column":50},"end":{"line":17,"column":90}}],"line":17},"1":{"loc":{"start":{"line":20,"column":4},"end":{"line":20,"column":41}},"type":"if","locations":[{"start":{"line":20,"column":4},"end":{"line":20,"column":41}},{"start":{},"end":{}}],"line":20},"2":{"loc":{"start":{"line":20,"column":8},"end":{"line":20,"column":33}},"type":"binary-expr","locations":[{"start":{"line":20,"column":8},"end":{"line":20,"column":21}},{"start":{"line":20,"column":25},"end":{"line":20,"column":33}}],"line":20},"3":{"loc":{"start":{"line":30,"column":15},"end":{"line":30,"column":77}},"type":"cond-expr","locations":[{"start":{"line":30,"column":38},"end":{"line":30,"column":49}},{"start":{"line":30,"column":52},"end":{"line":30,"column":77}}],"line":30},"4":{"loc":{"start":{"line":38,"column":22},"end":{"line":38,"column":74}},"type":"binary-expr","locations":[{"start":{"line":38,"column":22},"end":{"line":38,"column":50}},{"start":{"line":38,"column":54},"end":{"line":38,"column":61}},{"start":{"line":38,"column":65},"end":{"line":38,"column":74}}],"line":38},"5":{"loc":{"start":{"line":54,"column":9},"end":{"line":58,"column":9}},"type":"binary-expr","locations":[{"start":{"line":54,"column":9},"end":{"line":54,"column":14}},{"start":{"line":55,"column":10},"end":{"line":57,"column":16}}],"line":54},"6":{"loc":{"start":{"line":103,"column":22},"end":{"line":103,"column":57}},"type":"binary-expr","locations":[{"start":{"line":103,"column":22},"end":{"line":103,"column":35}},{"start":{"line":103,"column":39},"end":{"line":103,"column":47}},{"start":{"line":103,"column":51},"end":{"line":103,"column":57}}],"line":103},"7":{"loc":{"start":{"line":106,"column":13},"end":{"line":113,"column":13}},"type":"cond-expr","locations":[{"start":{"line":107,"column":14},"end":{"line":110,"column":17}},{"start":{"line":112,"column":14},"end":{"line":112,"column":28}}],"line":106}},"s":{"0":5,"1":5,"2":5,"3":5,"4":5,"5":0,"6":0,"7":0,"8":0,"9":0,"10":0,"11":0,"12":0,"13":0,"14":5,"15":1,"16":0,"17":0,"18":5},"f":{"0":5,"1":0,"2":1,"3":0,"4":0,"5":5},"b":{"0":[5,5],"1":[0,0],"2":[0,0],"3":[0,0],"4":[1,0,0],"5":[5,0],"6":[5,5,0],"7":[0,5]},"_coverageSchema":"1a1c01bbd47fc00a2c39e90264f33305004495a9","hash":"2dbe964b5d75a638351a8608d29e58494d17f914"}
,"D:\\web-engineering\\frontend\\src\\components\\GoLiveModal.tsx": {"path":"D:\\web-engineering\\frontend\\src\\components\\GoLiveModal.tsx","statementMap":{"0":{"start":{"line":3,"column":18},"end":{"line":3,"column":20}},"1":{"start":{"line":11,"column":28},"end":{"line":11,"column":40}},"2":{"start":{"line":12,"column":34},"end":{"line":12,"column":48}},"3":{"start":{"line":13,"column":28},"end":{"line":13,"column":42}},"4":{"start":{"line":14,"column":42},"end":{"line":14,"column":57}},"5":{"start":{"line":15,"column":36},"end":{"line":15,"column":50}},"6":{"start":{"line":16,"column":48},"end":{"line":16,"column":77}},"7":{"start":{"line":17,"column":40},"end":{"line":17,"column":53}},"8":{"start":{"line":18,"column":34},"end":{"line":18,"column":47}},"9":{"start":{"line":20,"column":19},"end":{"line":20,"column":49}},"10":{"start":{"line":21,"column":20},"end":{"line":21,"column":52}},"11":{"start":{"line":22,"column":22},"end":{"line":22,"column":55}},"12":{"start":{"line":23,"column":22},"end":{"line":23,"column":55}},"13":{"start":{"line":24,"column":17},"end":{"line":24,"column":34}},"14":{"start":{"line":26,"column":17},"end":{"line":26,"column":79}},"15":{"start":{"line":29,"column":2},"end":{"line":62,"column":8}},"16":{"start":{"line":30,"column":20},"end":{"line":30,"column":25}},"17":{"start":{"line":32,"column":4},"end":{"line":53,"column":8}},"18":{"start":{"line":35,"column":8},"end":{"line":38,"column":9}},"19":{"start":{"line":36,"column":10},"end":{"line":36,"column":53}},"20":{"start":{"line":36,"column":44},"end":{"line":36,"column":52}},"21":{"start":{"line":37,"column":10},"end":{"line":37,"column":16}},"22":{"start":{"line":39,"column":8},"end":{"line":39,"column":34}},"23":{"start":{"line":40,"column":8},"end":{"line":40,"column":65}},"24":{"start":{"line":40,"column":30},"end":{"line":40,"column":65}},"25":{"start":{"line":42,"column":27},"end":{"line":42,"column":53}},"26":{"start":{"line":43,"column":27},"end":{"line":43,"column":53}},"27":{"start":{"line":44,"column":8},"end":{"line":44,"column":68}},"28":{"start":{"line":44,"column":24},"end":{"line":44,"column":68}},"29":{"start":{"line":45,"column":8},"end":{"line":45,"column":69}},"30":{"start":{"line":45,"column":24},"end":{"line":45,"column":69}},"31":{"start":{"line":47,"column":8},"end":{"line":47,"column":27}},"32":{"start":{"line":50,"column":8},"end":{"line":50,"column":29}},"33":{"start":{"line":50,"column":23},"end":{"line":50,"column":29}},"34":{"start":{"line":51,"column":8},"end":{"line":51,"column":95}},"35":{"start":{"line":52,"column":8},"end":{"line":52,"column":27}},"36":{"start":{"line":55,"column":4},"end":{"line":61,"column":5}},"37":{"start":{"line":56,"column":6},"end":{"line":56,"column":22}},"38":{"start":{"line":58,"column":6},"end":{"line":58,"column":61}},"39":{"start":{"line":58,"column":52},"end":{"line":58,"column":60}},"40":{"start":{"line":59,"column":6},"end":{"line":59,"column":42}},"41":{"start":{"line":60,"column":6},"end":{"line":60,"column":34}},"42":{"start":{"line":66,"column":17},"end":{"line":66,"column":26}},"43":{"start":{"line":67,"column":4},"end":{"line":67,"column":21}},"44":{"start":{"line":68,"column":4},"end":{"line":70,"column":6}},"45":{"start":{"line":69,"column":6},"end":{"line":69,"column":22}},"46":{"start":{"line":75,"column":17},"end":{"line":75,"column":23}},"47":{"start":{"line":76,"column":4},"end":{"line":76,"column":18}},"48":{"start":{"line":77,"column":4},"end":{"line":79,"column":6}},"49":{"start":{"line":78,"column":6},"end":{"line":78,"column":22}},"50":{"start":{"line":83,"column":19},"end":{"line":95,"column":8}},"51":{"start":{"line":84,"column":4},"end":{"line":84,"column":36}},"52":{"start":{"line":84,"column":30},"end":{"line":84,"column":36}},"53":{"start":{"line":85,"column":17},"end":{"line":85,"column":70}},"54":{"start":{"line":86,"column":4},"end":{"line":86,"column":50}},"55":{"start":{"line":87,"column":4},"end":{"line":93,"column":6}},"56":{"start":{"line":88,"column":6},"end":{"line":88,"column":21}},"57":{"start":{"line":88,"column":15},"end":{"line":88,"column":21}},"58":{"start":{"line":89,"column":18},"end":{"line":89,"column":59}},"59":{"start":{"line":90,"column":18},"end":{"line":90,"column":54}},"60":{"start":{"line":91,"column":6},"end":{"line":91,"column":33}},"61":{"start":{"line":92,"column":6},"end":{"line":92,"column":88}},"62":{"start":{"line":94,"column":4},"end":{"line":94,"column":52}},"63":{"start":{"line":99,"column":4},"end":{"line":109,"column":5}},"64":{"start":{"line":100,"column":6},"end":{"line":100,"column":42}},"65":{"start":{"line":101,"column":6},"end":{"line":101,"column":34}},"66":{"start":{"line":102,"column":6},"end":{"line":102,"column":32}},"67":{"start":{"line":103,"column":6},"end":{"line":103,"column":32}},"68":{"start":{"line":104,"column":6},"end":{"line":106,"column":8}},"69":{"start":{"line":105,"column":8},"end":{"line":105,"column":74}},"70":{"start":{"line":105,"column":18},"end":{"line":105,"column":42}},"71":{"start":{"line":105,"column":43},"end":{"line":105,"column":72}},"72":{"start":{"line":107,"column":6},"end":{"line":107,"column":28}},"73":{"start":{"line":108,"column":6},"end":{"line":108,"column":12}},"74":{"start":{"line":111,"column":4},"end":{"line":111,"column":34}},"75":{"start":{"line":111,"column":28},"end":{"line":111,"column":34}},"76":{"start":{"line":113,"column":16},"end":{"line":113,"column":34}},"77":{"start":{"line":114,"column":16},"end":{"line":114,"column":62}},"78":{"start":{"line":115,"column":21},"end":{"line":115,"column":41}},"79":{"start":{"line":116,"column":4},"end":{"line":116,"column":25}},"80":{"start":{"line":117,"column":4},"end":{"line":117,"column":25}},"81":{"start":{"line":119,"column":4},"end":{"line":119,"column":29}},"82":{"start":{"line":120,"column":4},"end":{"line":120,"column":34}},"83":{"start":{"line":121,"column":4},"end":{"line":121,"column":25}},"84":{"start":{"line":122,"column":4},"end":{"line":122,"column":52}},"85":{"start":{"line":127,"column":4},"end":{"line":127,"column":51}},"86":{"start":{"line":127,"column":45},"end":{"line":127,"column":51}},"87":{"start":{"line":130,"column":4},"end":{"line":130,"column":40}},"88":{"start":{"line":131,"column":4},"end":{"line":131,"column":32}},"89":{"start":{"line":132,"column":4},"end":{"line":132,"column":30}},"90":{"start":{"line":134,"column":19},"end":{"line":134,"column":36}},"91":{"start":{"line":135,"column":4},"end":{"line":135,"column":28}},"92":{"start":{"line":136,"column":4},"end":{"line":136,"column":33}},"93":{"start":{"line":141,"column":4},"end":{"line":141,"column":59}},"94":{"start":{"line":141,"column":50},"end":{"line":141,"column":58}},"95":{"start":{"line":142,"column":4},"end":{"line":142,"column":28}},"96":{"start":{"line":143,"column":4},"end":{"line":143,"column":40}},"97":{"start":{"line":144,"column":4},"end":{"line":144,"column":32}},"98":{"start":{"line":145,"column":4},"end":{"line":145,"column":13}},"99":{"start":{"line":148,"column":19},"end":{"line":148,"column":76}},"100":{"start":{"line":150,"column":2},"end":{"line":319,"column":3}},"101":{"start":{"line":153,"column":22},"end":{"line":153,"column":67}},"102":{"start":{"line":250,"column":33},"end":{"line":250,"column":57}},"103":{"start":{"line":251,"column":34},"end":{"line":251,"column":68}},"104":{"start":{"line":270,"column":20},"end":{"line":275,"column":22}},"105":{"start":{"line":272,"column":37},"end":{"line":272,"column":59}},"106":{"start":{"line":334,"column":2},"end":{"line":347,"column":3}},"107":{"start":{"line":358,"column":2},"end":{"line":364,"column":3}},"108":{"start":{"line":370,"column":2},"end":{"line":374,"column":3}},"109":{"start":{"line":378,"column":2},"end":{"line":382,"column":3}},"110":{"start":{"line":386,"column":2},"end":{"line":391,"column":3}},"111":{"start":{"line":395,"column":2},"end":{"line":401,"column":3}},"112":{"start":{"line":405,"column":2},"end":{"line":414,"column":3}}},"fnMap":{"0":{"name":"GoLiveModal","decl":{"start":{"line":10,"column":24},"end":{"line":10,"column":35}},"loc":{"start":{"line":10,"column":76},"end":{"line":320,"column":1}},"line":10},"1":{"name":"(anonymous_1)","decl":{"start":{"line":29,"column":12},"end":{"line":29,"column":13}},"loc":{"start":{"line":29,"column":18},"end":{"line":62,"column":3}},"line":29},"2":{"name":"(anonymous_2)","decl":{"start":{"line":34,"column":12},"end":{"line":34,"column":13}},"loc":{"start":{"line":34,"column":24},"end":{"line":48,"column":7}},"line":34},"3":{"name":"(anonymous_3)","decl":{"start":{"line":36,"column":37},"end":{"line":36,"column":38}},"loc":{"start":{"line":36,"column":44},"end":{"line":36,"column":52}},"line":36},"4":{"name":"(anonymous_4)","decl":{"start":{"line":49,"column":13},"end":{"line":49,"column":14}},"loc":{"start":{"line":49,"column":19},"end":{"line":53,"column":7}},"line":49},"5":{"name":"(anonymous_5)","decl":{"start":{"line":55,"column":11},"end":{"line":55,"column":12}},"loc":{"start":{"line":55,"column":17},"end":{"line":61,"column":5}},"line":55},"6":{"name":"(anonymous_6)","decl":{"start":{"line":58,"column":45},"end":{"line":58,"column":46}},"loc":{"start":{"line":58,"column":52},"end":{"line":58,"column":60}},"line":58},"7":{"name":"handleCameraToggle","decl":{"start":{"line":65,"column":11},"end":{"line":65,"column":29}},"loc":{"start":{"line":65,"column":32},"end":{"line":71,"column":3}},"line":65},"8":{"name":"(anonymous_8)","decl":{"start":{"line":68,"column":48},"end":{"line":68,"column":49}},"loc":{"start":{"line":68,"column":55},"end":{"line":70,"column":5}},"line":68},"9":{"name":"handleMicToggle","decl":{"start":{"line":74,"column":11},"end":{"line":74,"column":26}},"loc":{"start":{"line":74,"column":29},"end":{"line":80,"column":3}},"line":74},"10":{"name":"(anonymous_10)","decl":{"start":{"line":77,"column":48},"end":{"line":77,"column":49}},"loc":{"start":{"line":77,"column":55},"end":{"line":79,"column":5}},"line":77},"11":{"name":"(anonymous_11)","decl":{"start":{"line":83,"column":31},"end":{"line":83,"column":32}},"loc":{"start":{"line":83,"column":37},"end":{"line":95,"column":3}},"line":83},"12":{"name":"(anonymous_12)","decl":{"start":{"line":87,"column":27},"end":{"line":87,"column":28}},"loc":{"start":{"line":87,"column":38},"end":{"line":93,"column":5}},"line":87},"13":{"name":"handleAudioTest","decl":{"start":{"line":98,"column":11},"end":{"line":98,"column":26}},"loc":{"start":{"line":98,"column":29},"end":{"line":123,"column":3}},"line":98},"14":{"name":"(anonymous_14)","decl":{"start":{"line":104,"column":29},"end":{"line":104,"column":30}},"loc":{"start":{"line":104,"column":37},"end":{"line":106,"column":7}},"line":104},"15":{"name":"handleStart","decl":{"start":{"line":126,"column":11},"end":{"line":126,"column":22}},"loc":{"start":{"line":126,"column":25},"end":{"line":137,"column":3}},"line":126},"16":{"name":"handleClose","decl":{"start":{"line":140,"column":11},"end":{"line":140,"column":22}},"loc":{"start":{"line":140,"column":25},"end":{"line":146,"column":3}},"line":140},"17":{"name":"(anonymous_17)","decl":{"start":{"line":141,"column":43},"end":{"line":141,"column":44}},"loc":{"start":{"line":141,"column":50},"end":{"line":141,"column":58}},"line":141},"18":{"name":"(anonymous_18)","decl":{"start":{"line":153,"column":15},"end":{"line":153,"column":16}},"loc":{"start":{"line":153,"column":22},"end":{"line":153,"column":67}},"line":153},"19":{"name":"(anonymous_19)","decl":{"start":{"line":250,"column":26},"end":{"line":250,"column":27}},"loc":{"start":{"line":250,"column":33},"end":{"line":250,"column":57}},"line":250},"20":{"name":"(anonymous_20)","decl":{"start":{"line":251,"column":27},"end":{"line":251,"column":28}},"loc":{"start":{"line":251,"column":34},"end":{"line":251,"column":68}},"line":251},"21":{"name":"(anonymous_21)","decl":{"start":{"line":269,"column":57},"end":{"line":269,"column":58}},"loc":{"start":{"line":270,"column":20},"end":{"line":275,"column":22}},"line":270},"22":{"name":"(anonymous_22)","decl":{"start":{"line":272,"column":27},"end":{"line":272,"column":28}},"loc":{"start":{"line":272,"column":35},"end":{"line":272,"column":61}},"line":272},"23":{"name":"ToggleButton","decl":{"start":{"line":333,"column":9},"end":{"line":333,"column":21}},"loc":{"start":{"line":333,"column":105},"end":{"line":348,"column":1}},"line":333},"24":{"name":"DeviceRow","decl":{"start":{"line":357,"column":9},"end":{"line":357,"column":18}},"loc":{"start":{"line":357,"column":67},"end":{"line":365,"column":1}},"line":357},"25":{"name":"XIcon","decl":{"start":{"line":369,"column":9},"end":{"line":369,"column":14}},"loc":{"start":{"line":369,"column":17},"end":{"line":375,"column":1}},"line":369},"26":{"name":"CameraOnIcon","decl":{"start":{"line":377,"column":9},"end":{"line":377,"column":21}},"loc":{"start":{"line":377,"column":24},"end":{"line":383,"column":1}},"line":377},"27":{"name":"CameraOffIcon","decl":{"start":{"line":385,"column":9},"end":{"line":385,"column":22}},"loc":{"start":{"line":385,"column":74},"end":{"line":392,"column":1}},"line":385},"28":{"name":"MicOnIcon","decl":{"start":{"line":394,"column":9},"end":{"line":394,"column":18}},"loc":{"start":{"line":394,"column":21},"end":{"line":402,"column":1}},"line":394},"29":{"name":"MicOffIcon","decl":{"start":{"line":404,"column":9},"end":{"line":404,"column":19}},"loc":{"start":{"line":404,"column":22},"end":{"line":415,"column":1}},"line":404}},"branchMap":{"0":{"loc":{"start":{"line":35,"column":8},"end":{"line":38,"column":9}},"type":"if","locations":[{"start":{"line":35,"column":8},"end":{"line":38,"column":9}},{"start":{},"end":{}}],"line":35},"1":{"loc":{"start":{"line":40,"column":8},"end":{"line":40,"column":65}},"type":"if","locations":[{"start":{"line":40,"column":8},"end":{"line":40,"column":65}},{"start":{},"end":{}}],"line":40},"2":{"loc":{"start":{"line":44,"column":8},"end":{"line":44,"column":68}},"type":"if","locations":[{"start":{"line":44,"column":8},"end":{"line":44,"column":68}},{"start":{},"end":{}}],"line":44},"3":{"loc":{"start":{"line":44,"column":39},"end":{"line":44,"column":67}},"type":"binary-expr","locations":[{"start":{"line":44,"column":39},"end":{"line":44,"column":55}},{"start":{"line":44,"column":59},"end":{"line":44,"column":67}}],"line":44},"4":{"loc":{"start":{"line":45,"column":8},"end":{"line":45,"column":69}},"type":"if","locations":[{"start":{"line":45,"column":8},"end":{"line":45,"column":69}},{"start":{},"end":{}}],"line":45},"5":{"loc":{"start":{"line":45,"column":36},"end":{"line":45,"column":68}},"type":"binary-expr","locations":[{"start":{"line":45,"column":36},"end":{"line":45,"column":52}},{"start":{"line":45,"column":56},"end":{"line":45,"column":68}}],"line":45},"6":{"loc":{"start":{"line":50,"column":8},"end":{"line":50,"column":29}},"type":"if","locations":[{"start":{"line":50,"column":8},"end":{"line":50,"column":29}},{"start":{},"end":{}}],"line":50},"7":{"loc":{"start":{"line":84,"column":4},"end":{"line":84,"column":36}},"type":"if","locations":[{"start":{"line":84,"column":4},"end":{"line":84,"column":36}},{"start":{},"end":{}}],"line":84},"8":{"loc":{"start":{"line":88,"column":6},"end":{"line":88,"column":21}},"type":"if","locations":[{"start":{"line":88,"column":6},"end":{"line":88,"column":21}},{"start":{},"end":{}}],"line":88},"9":{"loc":{"start":{"line":92,"column":33},"end":{"line":92,"column":88}},"type":"cond-expr","locations":[{"start":{"line":92,"column":44},"end":{"line":92,"column":53}},{"start":{"line":92,"column":56},"end":{"line":92,"column":88}}],"line":92},"10":{"loc":{"start":{"line":92,"column":56},"end":{"line":92,"column":88}},"type":"cond-expr","locations":[{"start":{"line":92,"column":67},"end":{"line":92,"column":76}},{"start":{"line":92,"column":79},"end":{"line":92,"column":88}}],"line":92},"11":{"loc":{"start":{"line":99,"column":4},"end":{"line":109,"column":5}},"type":"if","locations":[{"start":{"line":99,"column":4},"end":{"line":109,"column":5}},{"start":{},"end":{}}],"line":99},"12":{"loc":{"start":{"line":105,"column":8},"end":{"line":105,"column":74}},"type":"if","locations":[{"start":{"line":105,"column":8},"end":{"line":105,"column":74}},{"start":{},"end":{}}],"line":105},"13":{"loc":{"start":{"line":111,"column":4},"end":{"line":111,"column":34}},"type":"if","locations":[{"start":{"line":111,"column":4},"end":{"line":111,"column":34}},{"start":{},"end":{}}],"line":111},"14":{"loc":{"start":{"line":127,"column":4},"end":{"line":127,"column":51}},"type":"if","locations":[{"start":{"line":127,"column":4},"end":{"line":127,"column":51}},{"start":{},"end":{}}],"line":127},"15":{"loc":{"start":{"line":127,"column":8},"end":{"line":127,"column":43}},"type":"binary-expr","locations":[{"start":{"line":127,"column":8},"end":{"line":127,"column":21}},{"start":{"line":127,"column":25},"end":{"line":127,"column":43}}],"line":127},"16":{"loc":{"start":{"line":148,"column":19},"end":{"line":148,"column":76}},"type":"binary-expr","locations":[{"start":{"line":148,"column":19},"end":{"line":148,"column":42}},{"start":{"line":148,"column":46},"end":{"line":148,"column":56}},{"start":{"line":148,"column":60},"end":{"line":148,"column":76}}],"line":148},"17":{"loc":{"start":{"line":153,"column":22},"end":{"line":153,"column":67}},"type":"binary-expr","locations":[{"start":{"line":153,"column":22},"end":{"line":153,"column":50}},{"start":{"line":153,"column":54},"end":{"line":153,"column":67}}],"line":153},"18":{"loc":{"start":{"line":181,"column":16},"end":{"line":181,"column":68}},"type":"cond-expr","locations":[{"start":{"line":181,"column":41},"end":{"line":181,"column":54}},{"start":{"line":181,"column":57},"end":{"line":181,"column":68}}],"line":181},"19":{"loc":{"start":{"line":181,"column":16},"end":{"line":181,"column":38}},"type":"binary-expr","locations":[{"start":{"line":181,"column":16},"end":{"line":181,"column":24}},{"start":{"line":181,"column":28},"end":{"line":181,"column":38}}],"line":181},"20":{"loc":{"start":{"line":186,"column":13},"end":{"line":191,"column":13}},"type":"binary-expr","locations":[{"start":{"line":186,"column":13},"end":{"line":186,"column":22}},{"start":{"line":186,"column":26},"end":{"line":186,"column":42}},{"start":{"line":187,"column":14},"end":{"line":190,"column":20}}],"line":186},"21":{"loc":{"start":{"line":194,"column":13},"end":{"line":199,"column":13}},"type":"binary-expr","locations":[{"start":{"line":194,"column":13},"end":{"line":194,"column":28}},{"start":{"line":195,"column":14},"end":{"line":198,"column":20}}],"line":194},"22":{"loc":{"start":{"line":202,"column":13},"end":{"line":207,"column":13}},"type":"binary-expr","locations":[{"start":{"line":202,"column":13},"end":{"line":202,"column":22}},{"start":{"line":202,"column":26},"end":{"line":202,"column":36}},{"start":{"line":202,"column":40},"end":{"line":202,"column":56}},{"start":{"line":203,"column":14},"end":{"line":206,"column":20}}],"line":202},"23":{"loc":{"start":{"line":210,"column":13},"end":{"line":229,"column":13}},"type":"binary-expr","locations":[{"start":{"line":210,"column":13},"end":{"line":210,"column":29}},{"start":{"line":211,"column":14},"end":{"line":228,"column":20}}],"line":210},"24":{"loc":{"start":{"line":218,"column":25},"end":{"line":218,"column":72}},"type":"cond-expr","locations":[{"start":{"line":218,"column":36},"end":{"line":218,"column":53}},{"start":{"line":218,"column":56},"end":{"line":218,"column":72}}],"line":218},"25":{"loc":{"start":{"line":226,"column":25},"end":{"line":226,"column":72}},"type":"cond-expr","locations":[{"start":{"line":226,"column":33},"end":{"line":226,"column":50}},{"start":{"line":226,"column":53},"end":{"line":226,"column":72}}],"line":226},"26":{"loc":{"start":{"line":251,"column":34},"end":{"line":251,"column":68}},"type":"binary-expr","locations":[{"start":{"line":251,"column":34},"end":{"line":251,"column":51}},{"start":{"line":251,"column":55},"end":{"line":251,"column":68}}],"line":251},"27":{"loc":{"start":{"line":260,"column":77},"end":{"line":260,"column":107}},"type":"cond-expr","locations":[{"start":{"line":260,"column":88},"end":{"line":260,"column":99}},{"start":{"line":260,"column":102},"end":{"line":260,"column":107}}],"line":260},"28":{"loc":{"start":{"line":260,"column":119},"end":{"line":260,"column":141}},"type":"binary-expr","locations":[{"start":{"line":260,"column":119},"end":{"line":260,"column":127}},{"start":{"line":260,"column":131},"end":{"line":260,"column":141}}],"line":260},"29":{"loc":{"start":{"line":261,"column":77},"end":{"line":261,"column":109}},"type":"cond-expr","locations":[{"start":{"line":261,"column":88},"end":{"line":261,"column":96}},{"start":{"line":261,"column":102},"end":{"line":261,"column":109}}],"line":261},"30":{"loc":{"start":{"line":261,"column":119},"end":{"line":261,"column":141}},"type":"binary-expr","locations":[{"start":{"line":261,"column":119},"end":{"line":261,"column":124}},{"start":{"line":261,"column":131},"end":{"line":261,"column":141}}],"line":261},"31":{"loc":{"start":{"line":280,"column":28},"end":{"line":280,"column":58}},"type":"binary-expr","locations":[{"start":{"line":280,"column":28},"end":{"line":280,"column":37}},{"start":{"line":280,"column":41},"end":{"line":280,"column":58}}],"line":280},"32":{"loc":{"start":{"line":282,"column":20},"end":{"line":284,"column":135}},"type":"cond-expr","locations":[{"start":{"line":283,"column":24},"end":{"line":283,"column":100}},{"start":{"line":284,"column":24},"end":{"line":284,"column":135}}],"line":282},"33":{"loc":{"start":{"line":287,"column":19},"end":{"line":287,"column":60}},"type":"cond-expr","locations":[{"start":{"line":287,"column":34},"end":{"line":287,"column":45}},{"start":{"line":287,"column":48},"end":{"line":287,"column":60}}],"line":287},"34":{"loc":{"start":{"line":290,"column":15},"end":{"line":292,"column":15}},"type":"binary-expr","locations":[{"start":{"line":290,"column":15},"end":{"line":290,"column":27}},{"start":{"line":290,"column":31},"end":{"line":290,"column":37}},{"start":{"line":291,"column":16},"end":{"line":291,"column":104}}],"line":290},"35":{"loc":{"start":{"line":340,"column":8},"end":{"line":342,"column":52}},"type":"cond-expr","locations":[{"start":{"line":341,"column":12},"end":{"line":341,"column":54}},{"start":{"line":342,"column":12},"end":{"line":342,"column":52}}],"line":340},"36":{"loc":{"start":{"line":345,"column":7},"end":{"line":345,"column":41}},"type":"cond-expr","locations":[{"start":{"line":345,"column":16},"end":{"line":345,"column":26}},{"start":{"line":345,"column":29},"end":{"line":345,"column":41}}],"line":345},"37":{"loc":{"start":{"line":360,"column":40},"end":{"line":360,"column":120}},"type":"cond-expr","locations":[{"start":{"line":360,"column":49},"end":{"line":360,"column":83}},{"start":{"line":360,"column":86},"end":{"line":360,"column":120}}],"line":360},"38":{"loc":{"start":{"line":362,"column":43},"end":{"line":362,"column":123}},"type":"cond-expr","locations":[{"start":{"line":362,"column":52},"end":{"line":362,"column":86}},{"start":{"line":362,"column":89},"end":{"line":362,"column":123}}],"line":362},"39":{"loc":{"start":{"line":385,"column":25},"end":{"line":385,"column":46}},"type":"default-arg","locations":[{"start":{"line":385,"column":37},"end":{"line":385,"column":46}}],"line":385}},"s":{"0":1,"1":12,"2":12,"3":12,"4":12,"5":12,"6":12,"7":12,"8":12,"9":12,"10":12,"11":12,"12":12,"13":12,"14":12,"15":12,"16":6,"17":6,"18":5,"19":0,"20":0,"21":0,"22":5,"23":5,"24":5,"25":5,"26":5,"27":5,"28":5,"29":5,"30":5,"31":5,"32":1,"33":0,"34":1,"35":1,"36":6,"37":6,"38":6,"39":5,"40":6,"41":6,"42":0,"43":0,"44":0,"45":0,"46":0,"47":0,"48":0,"49":0,"50":12,"51":0,"52":0,"53":0,"54":0,"55":0,"56":0,"57":0,"58":0,"59":0,"60":0,"61":0,"62":0,"63":0,"64":0,"65":0,"66":0,"67":0,"68":0,"69":0,"70":0,"71":0,"72":0,"73":0,"74":0,"75":0,"76":0,"77":0,"78":0,"79":0,"80":0,"81":0,"82":0,"83":0,"84":0,"85":0,"86":0,"87":0,"88":0,"89":0,"90":0,"91":0,"92":0,"93":0,"94":0,"95":0,"96":0,"97":0,"98":0,"99":12,"100":12,"101":0,"102":0,"103":0,"104":144,"105":288,"106":22,"107":24,"108":12,"109":23,"110":1,"111":23,"112":0},"f":{"0":12,"1":6,"2":5,"3":0,"4":1,"5":6,"6":5,"7":0,"8":0,"9":0,"10":0,"11":0,"12":0,"13":0,"14":0,"15":0,"16":0,"17":0,"18":0,"19":0,"20":0,"21":144,"22":288,"23":22,"24":24,"25":12,"26":23,"27":1,"28":23,"29":0},"b":{"0":[0,5],"1":[5,0],"2":[5,0],"3":[5,0],"4":[5,0],"5":[5,0],"6":[0,1],"7":[0,0],"8":[0,0],"9":[0,0],"10":[0,0],"11":[0,0],"12":[0,0],"13":[0,0],"14":[0,0],"15":[0,0],"16":[12,0,0],"17":[0,0],"18":[6,6],"19":[12,12],"20":[12,6,6],"21":[12,1],"22":[12,0,0,0],"23":[12,11],"24":[11,0],"25":[11,0],"26":[0,0],"27":[12,0],"28":[12,12],"29":[12,0],"30":[12,12],"31":[12,6],"32":[0,12],"33":[0,12],"34":[12,0,0],"35":[22,0],"36":[22,0],"37":[12,12],"38":[12,12],"39":[0]},"_coverageSchema":"1a1c01bbd47fc00a2c39e90264f33305004495a9","hash":"7f8977b3a4fc8c2e02e4e8428be912c9659a5af5"}
,"D:\\web-engineering\\frontend\\src\\components\\Header.tsx": {"path":"D:\\web-engineering\\frontend\\src\\components\\Header.tsx","statementMap":{"0":{"start":{"line":16,"column":28},"end":{"line":16,"column":38}},"1":{"start":{"line":17,"column":34},"end":{"line":17,"column":49}},"2":{"start":{"line":19,"column":48},"end":{"line":19,"column":63}},"3":{"start":{"line":20,"column":48},"end":{"line":20,"column":63}},"4":{"start":{"line":21,"column":19},"end":{"line":21,"column":32}},"5":{"start":{"line":22,"column":26},"end":{"line":22,"column":55}},"6":{"start":{"line":23,"column":22},"end":{"line":23,"column":43}},"7":{"start":{"line":25,"column":25},"end":{"line":25,"column":42}},"8":{"start":{"line":26,"column":23},"end":{"line":26,"column":55}},"9":{"start":{"line":27,"column":40},"end":{"line":27,"column":62}},"10":{"start":{"line":29,"column":25},"end":{"line":29,"column":53}},"11":{"start":{"line":31,"column":2},"end":{"line":33,"column":20}},"12":{"start":{"line":32,"column":4},"end":{"line":32,"column":52}},"13":{"start":{"line":36,"column":2},"end":{"line":45,"column":23}},"14":{"start":{"line":37,"column":4},"end":{"line":37,"column":32}},"15":{"start":{"line":37,"column":26},"end":{"line":37,"column":32}},"16":{"start":{"line":39,"column":6},"end":{"line":41,"column":7}},"17":{"start":{"line":40,"column":8},"end":{"line":40,"column":33}},"18":{"start":{"line":43,"column":4},"end":{"line":43,"column":57}},"19":{"start":{"line":44,"column":4},"end":{"line":44,"column":73}},"20":{"start":{"line":44,"column":17},"end":{"line":44,"column":73}},"21":{"start":{"line":48,"column":4},"end":{"line":48,"column":24}},"22":{"start":{"line":49,"column":4},"end":{"line":49,"column":29}},"23":{"start":{"line":50,"column":4},"end":{"line":50,"column":22}},"24":{"start":{"line":54,"column":4},"end":{"line":54,"column":22}},"25":{"start":{"line":55,"column":4},"end":{"line":59,"column":5}},"26":{"start":{"line":56,"column":6},"end":{"line":56,"column":68}},"27":{"start":{"line":58,"column":6},"end":{"line":58,"column":19}},"28":{"start":{"line":62,"column":2},"end":{"line":258,"column":3}},"29":{"start":{"line":79,"column":29},"end":{"line":79,"column":59}},"30":{"start":{"line":85,"column":29},"end":{"line":85,"column":47}},"31":{"start":{"line":135,"column":31},"end":{"line":135,"column":55}},"32":{"start":{"line":153,"column":44},"end":{"line":153,"column":93}},"33":{"start":{"line":167,"column":35},"end":{"line":167,"column":64}},"34":{"start":{"line":167,"column":61},"end":{"line":167,"column":63}},"35":{"start":{"line":195,"column":41},"end":{"line":195,"column":66}},"36":{"start":{"line":203,"column":41},"end":{"line":203,"column":66}},"37":{"start":{"line":240,"column":12},"end":{"line":244,"column":13}},"38":{"start":{"line":241,"column":14},"end":{"line":241,"column":29}},"39":{"start":{"line":243,"column":14},"end":{"line":243,"column":59}},"40":{"start":{"line":245,"column":12},"end":{"line":245,"column":37}},"41":{"start":{"line":247,"column":25},"end":{"line":247,"column":50}},"42":{"start":{"line":262,"column":2},"end":{"line":277,"column":3}},"43":{"start":{"line":281,"column":2},"end":{"line":302,"column":3}},"44":{"start":{"line":306,"column":2},"end":{"line":319,"column":3}},"45":{"start":{"line":323,"column":2},"end":{"line":337,"column":3}},"46":{"start":{"line":341,"column":2},"end":{"line":356,"column":3}},"47":{"start":{"line":360,"column":2},"end":{"line":374,"column":3}},"48":{"start":{"line":378,"column":2},"end":{"line":394,"column":3}},"49":{"start":{"line":398,"column":2},"end":{"line":412,"column":3}},"50":{"start":{"line":416,"column":2},"end":{"line":434,"column":3}},"51":{"start":{"line":438,"column":2},"end":{"line":453,"column":3}}},"fnMap":{"0":{"name":"Header","decl":{"start":{"line":15,"column":24},"end":{"line":15,"column":30}},"loc":{"start":{"line":15,"column":81},"end":{"line":259,"column":1}},"line":15},"1":{"name":"(anonymous_1)","decl":{"start":{"line":31,"column":12},"end":{"line":31,"column":13}},"loc":{"start":{"line":31,"column":18},"end":{"line":33,"column":3}},"line":31},"2":{"name":"(anonymous_2)","decl":{"start":{"line":36,"column":12},"end":{"line":36,"column":13}},"loc":{"start":{"line":36,"column":18},"end":{"line":45,"column":3}},"line":36},"3":{"name":"handleOutside","decl":{"start":{"line":38,"column":13},"end":{"line":38,"column":26}},"loc":{"start":{"line":38,"column":42},"end":{"line":42,"column":5}},"line":38},"4":{"name":"(anonymous_4)","decl":{"start":{"line":44,"column":11},"end":{"line":44,"column":12}},"loc":{"start":{"line":44,"column":17},"end":{"line":44,"column":73}},"line":44},"5":{"name":"handleLogout","decl":{"start":{"line":47,"column":11},"end":{"line":47,"column":23}},"loc":{"start":{"line":47,"column":26},"end":{"line":51,"column":3}},"line":47},"6":{"name":"handleSearchSubmit","decl":{"start":{"line":53,"column":11},"end":{"line":53,"column":29}},"loc":{"start":{"line":53,"column":50},"end":{"line":60,"column":3}},"line":53},"7":{"name":"(anonymous_7)","decl":{"start":{"line":79,"column":22},"end":{"line":79,"column":23}},"loc":{"start":{"line":79,"column":29},"end":{"line":79,"column":59}},"line":79},"8":{"name":"(anonymous_8)","decl":{"start":{"line":85,"column":23},"end":{"line":85,"column":24}},"loc":{"start":{"line":85,"column":29},"end":{"line":85,"column":47}},"line":85},"9":{"name":"(anonymous_9)","decl":{"start":{"line":135,"column":25},"end":{"line":135,"column":26}},"loc":{"start":{"line":135,"column":31},"end":{"line":135,"column":55}},"line":135},"10":{"name":"(anonymous_10)","decl":{"start":{"line":153,"column":38},"end":{"line":153,"column":39}},"loc":{"start":{"line":153,"column":44},"end":{"line":153,"column":93}},"line":153},"11":{"name":"(anonymous_11)","decl":{"start":{"line":167,"column":29},"end":{"line":167,"column":30}},"loc":{"start":{"line":167,"column":35},"end":{"line":167,"column":64}},"line":167},"12":{"name":"(anonymous_12)","decl":{"start":{"line":167,"column":54},"end":{"line":167,"column":55}},"loc":{"start":{"line":167,"column":61},"end":{"line":167,"column":63}},"line":167},"13":{"name":"(anonymous_13)","decl":{"start":{"line":195,"column":35},"end":{"line":195,"column":36}},"loc":{"start":{"line":195,"column":41},"end":{"line":195,"column":66}},"line":195},"14":{"name":"(anonymous_14)","decl":{"start":{"line":203,"column":35},"end":{"line":203,"column":36}},"loc":{"start":{"line":203,"column":41},"end":{"line":203,"column":66}},"line":203},"15":{"name":"(anonymous_15)","decl":{"start":{"line":239,"column":20},"end":{"line":239,"column":21}},"loc":{"start":{"line":239,"column":31},"end":{"line":246,"column":11}},"line":239},"16":{"name":"(anonymous_16)","decl":{"start":{"line":247,"column":19},"end":{"line":247,"column":20}},"loc":{"start":{"line":247,"column":25},"end":{"line":247,"column":50}},"line":247},"17":{"name":"UploadIcon","decl":{"start":{"line":261,"column":9},"end":{"line":261,"column":19}},"loc":{"start":{"line":261,"column":22},"end":{"line":278,"column":1}},"line":261},"18":{"name":"SunIcon","decl":{"start":{"line":280,"column":9},"end":{"line":280,"column":16}},"loc":{"start":{"line":280,"column":19},"end":{"line":303,"column":1}},"line":280},"19":{"name":"MoonIcon","decl":{"start":{"line":305,"column":9},"end":{"line":305,"column":17}},"loc":{"start":{"line":305,"column":20},"end":{"line":320,"column":1}},"line":305},"20":{"name":"SearchIcon","decl":{"start":{"line":322,"column":9},"end":{"line":322,"column":19}},"loc":{"start":{"line":322,"column":22},"end":{"line":338,"column":1}},"line":322},"21":{"name":"MicrophoneIcon","decl":{"start":{"line":340,"column":9},"end":{"line":340,"column":23}},"loc":{"start":{"line":340,"column":26},"end":{"line":357,"column":1}},"line":340},"22":{"name":"ClearIcon","decl":{"start":{"line":359,"column":9},"end":{"line":359,"column":18}},"loc":{"start":{"line":359,"column":21},"end":{"line":375,"column":1}},"line":359},"23":{"name":"InstallIcon","decl":{"start":{"line":377,"column":9},"end":{"line":377,"column":20}},"loc":{"start":{"line":377,"column":23},"end":{"line":395,"column":1}},"line":377},"24":{"name":"UserIcon","decl":{"start":{"line":397,"column":9},"end":{"line":397,"column":17}},"loc":{"start":{"line":397,"column":20},"end":{"line":413,"column":1}},"line":397},"25":{"name":"PlaylistIcon","decl":{"start":{"line":415,"column":9},"end":{"line":415,"column":21}},"loc":{"start":{"line":415,"column":24},"end":{"line":435,"column":1}},"line":415},"26":{"name":"LogoutIcon","decl":{"start":{"line":437,"column":9},"end":{"line":437,"column":19}},"loc":{"start":{"line":437,"column":22},"end":{"line":454,"column":1}},"line":437}},"branchMap":{"0":{"loc":{"start":{"line":26,"column":23},"end":{"line":26,"column":55}},"type":"binary-expr","locations":[{"start":{"line":26,"column":23},"end":{"line":26,"column":49}},{"start":{"line":26,"column":53},"end":{"line":26,"column":55}}],"line":26},"1":{"loc":{"start":{"line":32,"column":19},"end":{"line":32,"column":51}},"type":"binary-expr","locations":[{"start":{"line":32,"column":19},"end":{"line":32,"column":45}},{"start":{"line":32,"column":49},"end":{"line":32,"column":51}}],"line":32},"2":{"loc":{"start":{"line":37,"column":4},"end":{"line":37,"column":32}},"type":"if","locations":[{"start":{"line":37,"column":4},"end":{"line":37,"column":32}},{"start":{},"end":{}}],"line":37},"3":{"loc":{"start":{"line":39,"column":6},"end":{"line":41,"column":7}},"type":"if","locations":[{"start":{"line":39,"column":6},"end":{"line":41,"column":7}},{"start":{},"end":{}}],"line":39},"4":{"loc":{"start":{"line":39,"column":10},"end":{"line":39,"column":86}},"type":"binary-expr","locations":[{"start":{"line":39,"column":10},"end":{"line":39,"column":32}},{"start":{"line":39,"column":36},"end":{"line":39,"column":86}}],"line":39},"5":{"loc":{"start":{"line":55,"column":4},"end":{"line":59,"column":5}},"type":"if","locations":[{"start":{"line":55,"column":4},"end":{"line":59,"column":5}},{"start":{"line":57,"column":11},"end":{"line":59,"column":5}}],"line":55},"6":{"loc":{"start":{"line":82,"column":11},"end":{"line":90,"column":11}},"type":"binary-expr","locations":[{"start":{"line":82,"column":11},"end":{"line":82,"column":22}},{"start":{"line":83,"column":12},"end":{"line":89,"column":21}}],"line":82},"7":{"loc":{"start":{"line":109,"column":9},"end":{"line":120,"column":9}},"type":"binary-expr","locations":[{"start":{"line":109,"column":9},"end":{"line":109,"column":19}},{"start":{"line":110,"column":10},"end":{"line":119,"column":19}}],"line":109},"8":{"loc":{"start":{"line":125,"column":22},"end":{"line":125,"column":87}},"type":"cond-expr","locations":[{"start":{"line":125,"column":41},"end":{"line":125,"column":63}},{"start":{"line":125,"column":66},"end":{"line":125,"column":87}}],"line":125},"9":{"loc":{"start":{"line":128,"column":11},"end":{"line":128,"column":56}},"type":"cond-expr","locations":[{"start":{"line":128,"column":30},"end":{"line":128,"column":41}},{"start":{"line":128,"column":44},"end":{"line":128,"column":56}}],"line":128},"10":{"loc":{"start":{"line":132,"column":11},"end":{"line":225,"column":11}},"type":"binary-expr","locations":[{"start":{"line":132,"column":11},"end":{"line":132,"column":26}},{"start":{"line":133,"column":12},"end":{"line":224,"column":15}}],"line":132},"11":{"loc":{"start":{"line":142,"column":15},"end":{"line":160,"column":15}},"type":"cond-expr","locations":[{"start":{"line":143,"column":16},"end":{"line":149,"column":23}},{"start":{"line":151,"column":16},"end":{"line":159,"column":25}}],"line":142},"12":{"loc":{"start":{"line":153,"column":20},"end":{"line":153,"column":94}},"type":"binary-expr","locations":[{"start":{"line":153,"column":20},"end":{"line":153,"column":33}},{"start":{"line":153,"column":38},"end":{"line":153,"column":93}}],"line":153},"13":{"loc":{"start":{"line":163,"column":15},"end":{"line":223,"column":15}},"type":"binary-expr","locations":[{"start":{"line":163,"column":15},"end":{"line":163,"column":26}},{"start":{"line":164,"column":16},"end":{"line":222,"column":22}}],"line":163},"14":{"loc":{"start":{"line":176,"column":19},"end":{"line":221,"column":19}},"type":"binary-expr","locations":[{"start":{"line":176,"column":19},"end":{"line":176,"column":34}},{"start":{"line":177,"column":20},"end":{"line":220,"column":26}}],"line":176},"15":{"loc":{"start":{"line":227,"column":11},"end":{"line":234,"column":11}},"type":"binary-expr","locations":[{"start":{"line":227,"column":11},"end":{"line":227,"column":27}},{"start":{"line":228,"column":12},"end":{"line":233,"column":19}}],"line":227},"16":{"loc":{"start":{"line":237,"column":7},"end":{"line":249,"column":7}},"type":"binary-expr","locations":[{"start":{"line":237,"column":7},"end":{"line":237,"column":22}},{"start":{"line":238,"column":8},"end":{"line":248,"column":10}}],"line":237},"17":{"loc":{"start":{"line":240,"column":12},"end":{"line":244,"column":13}},"type":"if","locations":[{"start":{"line":240,"column":12},"end":{"line":244,"column":13}},{"start":{"line":242,"column":19},"end":{"line":244,"column":13}}],"line":240}},"s":{"0":10,"1":10,"2":10,"3":10,"4":10,"5":10,"6":10,"7":10,"8":10,"9":10,"10":10,"11":10,"12":6,"13":10,"14":7,"15":6,"16":0,"17":0,"18":1,"19":1,"20":1,"21":0,"22":0,"23":0,"24":1,"25":1,"26":1,"27":0,"28":10,"29":1,"30":0,"31":0,"32":0,"33":1,"34":1,"35":0,"36":0,"37":0,"38":0,"39":0,"40":0,"41":0,"42":7,"43":8,"44":0,"45":8,"46":8,"47":1,"48":0,"49":1,"50":1,"51":1},"f":{"0":10,"1":6,"2":7,"3":0,"4":1,"5":0,"6":1,"7":1,"8":0,"9":0,"10":0,"11":1,"12":1,"13":0,"14":0,"15":0,"16":0,"17":7,"18":8,"19":0,"20":8,"21":8,"22":1,"23":0,"24":1,"25":1,"26":1},"b":{"0":[10,10],"1":[6,6],"2":[6,1],"3":[0,0],"4":[0,0],"5":[1,0],"6":[10,2],"7":[10,0],"8":[10,0],"9":[10,0],"10":[10,9],"11":[1,8],"12":[8,7],"13":[9,9],"14":[9,2],"15":[10,1],"16":[10,0],"17":[0,0]},"_coverageSchema":"1a1c01bbd47fc00a2c39e90264f33305004495a9","hash":"8f5e413d057453d94b7044498ba598dd7263d8bb"}
,"D:\\web-engineering\\frontend\\src\\components\\OfflineBanner.tsx": {"path":"D:\\web-engineering\\frontend\\src\\components\\OfflineBanner.tsx","statementMap":{"0":{"start":{"line":8,"column":19},"end":{"line":8,"column":36}},"1":{"start":{"line":10,"column":2},"end":{"line":42,"column":3}}},"fnMap":{"0":{"name":"OfflineBanner","decl":{"start":{"line":7,"column":24},"end":{"line":7,"column":37}},"loc":{"start":{"line":7,"column":40},"end":{"line":43,"column":1}},"line":7}},"branchMap":{"0":{"loc":{"start":{"line":18,"column":8},"end":{"line":18,"column":55}},"type":"cond-expr","locations":[{"start":{"line":18,"column":19},"end":{"line":18,"column":37}},{"start":{"line":18,"column":40},"end":{"line":18,"column":55}}],"line":18}},"s":{"0":0,"1":0},"f":{"0":0},"b":{"0":[0,0]}}
,"D:\\web-engineering\\frontend\\src\\components\\UploadVideoModal.tsx": {"path":"D:\\web-engineering\\frontend\\src\\components\\UploadVideoModal.tsx","statementMap":{"0":{"start":{"line":11,"column":2},"end":{"line":11,"column":67}},"1":{"start":{"line":11,"column":27},"end":{"line":11,"column":67}},"2":{"start":{"line":12,"column":2},"end":{"line":12,"column":51}},"3":{"start":{"line":16,"column":28},"end":{"line":16,"column":40}},"4":{"start":{"line":17,"column":40},"end":{"line":17,"column":52}},"5":{"start":{"line":18,"column":26},"end":{"line":18,"column":53}},"6":{"start":{"line":19,"column":32},"end":{"line":19,"column":61}},"7":{"start":{"line":20,"column":34},"end":{"line":20,"column":54}},"8":{"start":{"line":21,"column":23},"end":{"line":21,"column":68}},"9":{"start":{"line":22,"column":36},"end":{"line":22,"column":51}},"10":{"start":{"line":23,"column":28},"end":{"line":23,"column":57}},"11":{"start":{"line":25,"column":36},"end":{"line":25,"column":58}},"12":{"start":{"line":26,"column":42},"end":{"line":26,"column":64}},"13":{"start":{"line":27,"column":34},"end":{"line":27,"column":46}},"14":{"start":{"line":29,"column":23},"end":{"line":29,"column":53}},"15":{"start":{"line":31,"column":2},"end":{"line":44,"column":8}},"16":{"start":{"line":33,"column":6},"end":{"line":41,"column":7}},"17":{"start":{"line":34,"column":25},"end":{"line":34,"column":73}},"18":{"start":{"line":35,"column":8},"end":{"line":38,"column":9}},"19":{"start":{"line":36,"column":23},"end":{"line":36,"column":44}},"20":{"start":{"line":37,"column":10},"end":{"line":37,"column":28}},"21":{"start":{"line":40,"column":8},"end":{"line":40,"column":67}},"22":{"start":{"line":43,"column":4},"end":{"line":43,"column":15}},"23":{"start":{"line":46,"column":21},"end":{"line":58,"column":3}},"24":{"start":{"line":47,"column":4},"end":{"line":47,"column":27}},"25":{"start":{"line":47,"column":16},"end":{"line":47,"column":27}},"26":{"start":{"line":48,"column":23},"end":{"line":48,"column":42}},"27":{"start":{"line":49,"column":24},"end":{"line":49,"column":44}},"28":{"start":{"line":50,"column":19},"end":{"line":50,"column":20}},"29":{"start":{"line":51,"column":4},"end":{"line":56,"column":5}},"30":{"start":{"line":51,"column":25},"end":{"line":51,"column":26}},"31":{"start":{"line":52,"column":6},"end":{"line":55,"column":7}},"32":{"start":{"line":53,"column":8},"end":{"line":53,"column":18}},"33":{"start":{"line":54,"column":8},"end":{"line":54,"column":55}},"34":{"start":{"line":54,"column":44},"end":{"line":54,"column":55}},"35":{"start":{"line":57,"column":4},"end":{"line":57,"column":16}},"36":{"start":{"line":60,"column":28},"end":{"line":62,"column":3}},"37":{"start":{"line":61,"column":13},"end":{"line":61,"column":69}},"38":{"start":{"line":65,"column":20},"end":{"line":65,"column":30}},"39":{"start":{"line":66,"column":4},"end":{"line":68,"column":5}},"40":{"start":{"line":67,"column":6},"end":{"line":67,"column":49}},"41":{"start":{"line":69,"column":4},"end":{"line":69,"column":19}},"42":{"start":{"line":73,"column":18},"end":{"line":73,"column":32}},"43":{"start":{"line":74,"column":4},"end":{"line":78,"column":5}},"44":{"start":{"line":75,"column":6},"end":{"line":75,"column":19}},"45":{"start":{"line":77,"column":6},"end":{"line":77,"column":24}},"46":{"start":{"line":82,"column":4},"end":{"line":85,"column":5}},"47":{"start":{"line":83,"column":6},"end":{"line":83,"column":24}},"48":{"start":{"line":84,"column":6},"end":{"line":84,"column":22}},"49":{"start":{"line":89,"column":25},"end":{"line":89,"column":44}},"50":{"start":{"line":90,"column":4},"end":{"line":104,"column":5}},"51":{"start":{"line":91,"column":6},"end":{"line":91,"column":27}},"52":{"start":{"line":92,"column":6},"end":{"line":92,"column":57}},"53":{"start":{"line":93,"column":6},"end":{"line":93,"column":49}},"54":{"start":{"line":94,"column":6},"end":{"line":94,"column":20}},"55":{"start":{"line":97,"column":21},"end":{"line":97,"column":37}},"56":{"start":{"line":98,"column":6},"end":{"line":100,"column":7}},"57":{"start":{"line":99,"column":8},"end":{"line":99,"column":50}},"58":{"start":{"line":101,"column":6},"end":{"line":101,"column":40}},"59":{"start":{"line":103,"column":6},"end":{"line":103,"column":50}},"60":{"start":{"line":108,"column":4},"end":{"line":108,"column":38}},"61":{"start":{"line":108,"column":32},"end":{"line":108,"column":38}},"62":{"start":{"line":109,"column":4},"end":{"line":109,"column":18}},"63":{"start":{"line":110,"column":4},"end":{"line":110,"column":22}},"64":{"start":{"line":112,"column":4},"end":{"line":136,"column":5}},"65":{"start":{"line":113,"column":23},"end":{"line":118,"column":8}},"66":{"start":{"line":120,"column":27},"end":{"line":129,"column":7}},"67":{"start":{"line":131,"column":6},"end":{"line":131,"column":21}},"68":{"start":{"line":133,"column":22},"end":{"line":133,"column":93}},"69":{"start":{"line":134,"column":6},"end":{"line":134,"column":23}},"70":{"start":{"line":135,"column":6},"end":{"line":135,"column":25}},"71":{"start":{"line":140,"column":4},"end":{"line":140,"column":61}},"72":{"start":{"line":140,"column":30},"end":{"line":140,"column":61}},"73":{"start":{"line":141,"column":4},"end":{"line":141,"column":13}},"74":{"start":{"line":144,"column":20},"end":{"line":144,"column":65}},"75":{"start":{"line":146,"column":2},"end":{"line":348,"column":3}},"76":{"start":{"line":149,"column":22},"end":{"line":149,"column":67}},"77":{"start":{"line":179,"column":31},"end":{"line":179,"column":74}},"78":{"start":{"line":192,"column":31},"end":{"line":192,"column":60}},"79":{"start":{"line":236,"column":33},"end":{"line":236,"column":57}},"80":{"start":{"line":237,"column":34},"end":{"line":237,"column":83}},"81":{"start":{"line":250,"column":33},"end":{"line":250,"column":63}},"82":{"start":{"line":273,"column":33},"end":{"line":273,"column":49}},"83":{"start":{"line":282,"column":18},"end":{"line":282,"column":50}},"84":{"start":{"line":289,"column":18},"end":{"line":302,"column":25}},"85":{"start":{"line":296,"column":37},"end":{"line":296,"column":91}},"86":{"start":{"line":296,"column":80},"end":{"line":296,"column":89}},"87":{"start":{"line":359,"column":2},"end":{"line":364,"column":3}},"88":{"start":{"line":370,"column":2},"end":{"line":383,"column":3}},"89":{"start":{"line":387,"column":2},"end":{"line":402,"column":3}},"90":{"start":{"line":406,"column":2},"end":{"line":421,"column":3}}},"fnMap":{"0":{"name":"formatBytes","decl":{"start":{"line":10,"column":9},"end":{"line":10,"column":20}},"loc":{"start":{"line":10,"column":44},"end":{"line":13,"column":1}},"line":10},"1":{"name":"UploadVideoModal","decl":{"start":{"line":15,"column":24},"end":{"line":15,"column":40}},"loc":{"start":{"line":15,"column":87},"end":{"line":349,"column":1}},"line":15},"2":{"name":"(anonymous_2)","decl":{"start":{"line":31,"column":12},"end":{"line":31,"column":13}},"loc":{"start":{"line":31,"column":18},"end":{"line":44,"column":3}},"line":31},"3":{"name":"fetchTags","decl":{"start":{"line":32,"column":19},"end":{"line":32,"column":28}},"loc":{"start":{"line":32,"column":31},"end":{"line":42,"column":5}},"line":32},"4":{"name":"(anonymous_4)","decl":{"start":{"line":46,"column":21},"end":{"line":46,"column":22}},"loc":{"start":{"line":46,"column":56},"end":{"line":58,"column":3}},"line":46},"5":{"name":"(anonymous_5)","decl":{"start":{"line":61,"column":4},"end":{"line":61,"column":5}},"loc":{"start":{"line":61,"column":13},"end":{"line":61,"column":69}},"line":61},"6":{"name":"addTag","decl":{"start":{"line":64,"column":11},"end":{"line":64,"column":17}},"loc":{"start":{"line":64,"column":31},"end":{"line":70,"column":3}},"line":64},"7":{"name":"handleTagInputChange","decl":{"start":{"line":72,"column":11},"end":{"line":72,"column":31}},"loc":{"start":{"line":72,"column":72},"end":{"line":79,"column":3}},"line":72},"8":{"name":"handleTagInputKeyDown","decl":{"start":{"line":81,"column":11},"end":{"line":81,"column":32}},"loc":{"start":{"line":81,"column":75},"end":{"line":86,"column":3}},"line":81},"9":{"name":"handleFileSelect","decl":{"start":{"line":88,"column":11},"end":{"line":88,"column":27}},"loc":{"start":{"line":88,"column":68},"end":{"line":105,"column":3}},"line":88},"10":{"name":"(anonymous_10)","decl":{"start":{"line":98,"column":22},"end":{"line":98,"column":23}},"loc":{"start":{"line":98,"column":33},"end":{"line":100,"column":7}},"line":98},"11":{"name":"handleUpload","decl":{"start":{"line":107,"column":17},"end":{"line":107,"column":29}},"loc":{"start":{"line":107,"column":32},"end":{"line":137,"column":3}},"line":107},"12":{"name":"handleClose","decl":{"start":{"line":139,"column":11},"end":{"line":139,"column":22}},"loc":{"start":{"line":139,"column":25},"end":{"line":142,"column":3}},"line":139},"13":{"name":"(anonymous_13)","decl":{"start":{"line":149,"column":15},"end":{"line":149,"column":16}},"loc":{"start":{"line":149,"column":22},"end":{"line":149,"column":67}},"line":149},"14":{"name":"(anonymous_14)","decl":{"start":{"line":179,"column":25},"end":{"line":179,"column":26}},"loc":{"start":{"line":179,"column":31},"end":{"line":179,"column":74}},"line":179},"15":{"name":"(anonymous_15)","decl":{"start":{"line":192,"column":25},"end":{"line":192,"column":26}},"loc":{"start":{"line":192,"column":31},"end":{"line":192,"column":60}},"line":192},"16":{"name":"(anonymous_16)","decl":{"start":{"line":236,"column":26},"end":{"line":236,"column":27}},"loc":{"start":{"line":236,"column":33},"end":{"line":236,"column":57}},"line":236},"17":{"name":"(anonymous_17)","decl":{"start":{"line":237,"column":27},"end":{"line":237,"column":28}},"loc":{"start":{"line":237,"column":34},"end":{"line":237,"column":83}},"line":237},"18":{"name":"(anonymous_18)","decl":{"start":{"line":250,"column":26},"end":{"line":250,"column":27}},"loc":{"start":{"line":250,"column":33},"end":{"line":250,"column":63}},"line":250},"19":{"name":"(anonymous_19)","decl":{"start":{"line":273,"column":27},"end":{"line":273,"column":28}},"loc":{"start":{"line":273,"column":33},"end":{"line":273,"column":49}},"line":273},"20":{"name":"(anonymous_20)","decl":{"start":{"line":281,"column":39},"end":{"line":281,"column":40}},"loc":{"start":{"line":282,"column":18},"end":{"line":282,"column":50}},"line":282},"21":{"name":"(anonymous_21)","decl":{"start":{"line":288,"column":34},"end":{"line":288,"column":35}},"loc":{"start":{"line":289,"column":18},"end":{"line":302,"column":25}},"line":289},"22":{"name":"(anonymous_22)","decl":{"start":{"line":296,"column":31},"end":{"line":296,"column":32}},"loc":{"start":{"line":296,"column":37},"end":{"line":296,"column":91}},"line":296},"23":{"name":"(anonymous_23)","decl":{"start":{"line":296,"column":73},"end":{"line":296,"column":74}},"loc":{"start":{"line":296,"column":80},"end":{"line":296,"column":89}},"line":296},"24":{"name":"InfoRow","decl":{"start":{"line":358,"column":9},"end":{"line":358,"column":16}},"loc":{"start":{"line":358,"column":49},"end":{"line":365,"column":1}},"line":358},"25":{"name":"XIcon","decl":{"start":{"line":369,"column":9},"end":{"line":369,"column":14}},"loc":{"start":{"line":369,"column":17},"end":{"line":384,"column":1}},"line":369},"26":{"name":"UploadIcon","decl":{"start":{"line":386,"column":9},"end":{"line":386,"column":19}},"loc":{"start":{"line":386,"column":71},"end":{"line":403,"column":1}},"line":386},"27":{"name":"AlertIcon","decl":{"start":{"line":405,"column":9},"end":{"line":405,"column":18}},"loc":{"start":{"line":405,"column":70},"end":{"line":422,"column":1}},"line":405}},"branchMap":{"0":{"loc":{"start":{"line":11,"column":2},"end":{"line":11,"column":67}},"type":"if","locations":[{"start":{"line":11,"column":2},"end":{"line":11,"column":67}},{"start":{},"end":{}}],"line":11},"1":{"loc":{"start":{"line":35,"column":8},"end":{"line":38,"column":9}},"type":"if","locations":[{"start":{"line":35,"column":8},"end":{"line":38,"column":9}},{"start":{},"end":{}}],"line":35},"2":{"loc":{"start":{"line":47,"column":4},"end":{"line":47,"column":27}},"type":"if","locations":[{"start":{"line":47,"column":4},"end":{"line":47,"column":27}},{"start":{},"end":{}}],"line":47},"3":{"loc":{"start":{"line":52,"column":6},"end":{"line":55,"column":7}},"type":"if","locations":[{"start":{"line":52,"column":6},"end":{"line":55,"column":7}},{"start":{},"end":{}}],"line":52},"4":{"loc":{"start":{"line":54,"column":8},"end":{"line":54,"column":55}},"type":"if","locations":[{"start":{"line":54,"column":8},"end":{"line":54,"column":55}},{"start":{},"end":{}}],"line":54},"5":{"loc":{"start":{"line":61,"column":13},"end":{"line":61,"column":69}},"type":"binary-expr","locations":[{"start":{"line":61,"column":13},"end":{"line":61,"column":40}},{"start":{"line":61,"column":44},"end":{"line":61,"column":69}}],"line":61},"6":{"loc":{"start":{"line":66,"column":4},"end":{"line":68,"column":5}},"type":"if","locations":[{"start":{"line":66,"column":4},"end":{"line":68,"column":5}},{"start":{},"end":{}}],"line":66},"7":{"loc":{"start":{"line":66,"column":8},"end":{"line":66,"column":50}},"type":"binary-expr","locations":[{"start":{"line":66,"column":8},"end":{"line":66,"column":15}},{"start":{"line":66,"column":19},"end":{"line":66,"column":50}}],"line":66},"8":{"loc":{"start":{"line":74,"column":4},"end":{"line":78,"column":5}},"type":"if","locations":[{"start":{"line":74,"column":4},"end":{"line":78,"column":5}},{"start":{"line":76,"column":11},"end":{"line":78,"column":5}}],"line":74},"9":{"loc":{"start":{"line":82,"column":4},"end":{"line":85,"column":5}},"type":"if","locations":[{"start":{"line":82,"column":4},"end":{"line":85,"column":5}},{"start":{},"end":{}}],"line":82},"10":{"loc":{"start":{"line":90,"column":4},"end":{"line":104,"column":5}},"type":"if","locations":[{"start":{"line":90,"column":4},"end":{"line":104,"column":5}},{"start":{"line":102,"column":11},"end":{"line":104,"column":5}}],"line":90},"11":{"loc":{"start":{"line":90,"column":8},"end":{"line":90,"column":62}},"type":"binary-expr","locations":[{"start":{"line":90,"column":8},"end":{"line":90,"column":20}},{"start":{"line":90,"column":24},"end":{"line":90,"column":62}}],"line":90},"12":{"loc":{"start":{"line":108,"column":4},"end":{"line":108,"column":38}},"type":"if","locations":[{"start":{"line":108,"column":4},"end":{"line":108,"column":38}},{"start":{},"end":{}}],"line":108},"13":{"loc":{"start":{"line":108,"column":8},"end":{"line":108,"column":30}},"type":"binary-expr","locations":[{"start":{"line":108,"column":8},"end":{"line":108,"column":21}},{"start":{"line":108,"column":25},"end":{"line":108,"column":30}}],"line":108},"14":{"loc":{"start":{"line":128,"column":13},"end":{"line":128,"column":49}},"type":"binary-expr","locations":[{"start":{"line":128,"column":13},"end":{"line":128,"column":25}},{"start":{"line":128,"column":29},"end":{"line":128,"column":36}},{"start":{"line":128,"column":40},"end":{"line":128,"column":49}}],"line":128},"15":{"loc":{"start":{"line":133,"column":22},"end":{"line":133,"column":93}},"type":"cond-expr","locations":[{"start":{"line":133,"column":45},"end":{"line":133,"column":56}},{"start":{"line":133,"column":59},"end":{"line":133,"column":93}}],"line":133},"16":{"loc":{"start":{"line":140,"column":4},"end":{"line":140,"column":61}},"type":"if","locations":[{"start":{"line":140,"column":4},"end":{"line":140,"column":61}},{"start":{},"end":{}}],"line":140},"17":{"loc":{"start":{"line":144,"column":20},"end":{"line":144,"column":65}},"type":"binary-expr","locations":[{"start":{"line":144,"column":20},"end":{"line":144,"column":43}},{"start":{"line":144,"column":47},"end":{"line":144,"column":51}},{"start":{"line":144,"column":55},"end":{"line":144,"column":65}}],"line":144},"18":{"loc":{"start":{"line":149,"column":22},"end":{"line":149,"column":67}},"type":"binary-expr","locations":[{"start":{"line":149,"column":22},"end":{"line":149,"column":50}},{"start":{"line":149,"column":54},"end":{"line":149,"column":67}}],"line":149},"19":{"loc":{"start":{"line":165,"column":9},"end":{"line":170,"column":9}},"type":"binary-expr","locations":[{"start":{"line":165,"column":9},"end":{"line":165,"column":14}},{"start":{"line":166,"column":10},"end":{"line":169,"column":16}}],"line":165},"20":{"loc":{"start":{"line":175,"column":13},"end":{"line":187,"column":13}},"type":"cond-expr","locations":[{"start":{"line":176,"column":14},"end":{"line":176,"column":76}},{"start":{"line":178,"column":14},"end":{"line":186,"column":20}}],"line":175},"21":{"loc":{"start":{"line":175,"column":13},"end":{"line":175,"column":28}},"type":"binary-expr","locations":[{"start":{"line":175,"column":13},"end":{"line":175,"column":17}},{"start":{"line":175,"column":21},"end":{"line":175,"column":28}}],"line":175},"22":{"loc":{"start":{"line":179,"column":31},"end":{"line":179,"column":74}},"type":"binary-expr","locations":[{"start":{"line":179,"column":31},"end":{"line":179,"column":41}},{"start":{"line":179,"column":45},"end":{"line":179,"column":74}}],"line":179},"23":{"loc":{"start":{"line":181,"column":18},"end":{"line":181,"column":100}},"type":"cond-expr","locations":[{"start":{"line":181,"column":30},"end":{"line":181,"column":61}},{"start":{"line":181,"column":64},"end":{"line":181,"column":100}}],"line":181},"24":{"loc":{"start":{"line":190,"column":13},"end":{"line":197,"column"
[...]
lumn":55},"end":{"line":43,"column":82}},"line":43},"5":{"name":"(anonymous_5)","decl":{"start":{"line":49,"column":2},"end":{"line":49,"column":3}},"loc":{"start":{"line":49,"column":88},"end":{"line":74,"column":3}},"line":49},"6":{"name":"(anonymous_6)","decl":{"start":{"line":59,"column":48},"end":{"line":59,"column":49}},"loc":{"start":{"line":59,"column":55},"end":{"line":59,"column":81}},"line":59},"7":{"name":"(anonymous_7)","decl":{"start":{"line":76,"column":2},"end":{"line":76,"column":3}},"loc":{"start":{"line":76,"column":74},"end":{"line":98,"column":3}},"line":76},"8":{"name":"(anonymous_8)","decl":{"start":{"line":83,"column":48},"end":{"line":83,"column":49}},"loc":{"start":{"line":83,"column":55},"end":{"line":83,"column":81}},"line":83}},"branchMap":{"0":{"loc":{"start":{"line":21,"column":4},"end":{"line":24,"column":5}},"type":"if","locations":[{"start":{"line":21,"column":4},"end":{"line":24,"column":5}},{"start":{},"end":{}}],"line":21},"1":{"loc":{"start":{"line":23,"column":22},"end":{"line":23,"column":82}},"type":"binary-expr","locations":[{"start":{"line":23,"column":22},"end":{"line":23,"column":33}},{"start":{"line":23,"column":37},"end":{"line":23,"column":82}}],"line":23},"2":{"loc":{"start":{"line":27,"column":4},"end":{"line":34,"column":5}},"type":"if","locations":[{"start":{"line":27,"column":4},"end":{"line":34,"column":5}},{"start":{},"end":{}}],"line":27},"3":{"loc":{"start":{"line":42,"column":4},"end":{"line":45,"column":5}},"type":"if","locations":[{"start":{"line":42,"column":4},"end":{"line":45,"column":5}},{"start":{},"end":{}}],"line":42},"4":{"loc":{"start":{"line":44,"column":22},"end":{"line":44,"column":82}},"type":"binary-expr","locations":[{"start":{"line":44,"column":22},"end":{"line":44,"column":33}},{"start":{"line":44,"column":37},"end":{"line":44,"column":82}}],"line":44},"5":{"loc":{"start":{"line":58,"column":4},"end":{"line":61,"column":5}},"type":"if","locations":[{"start":{"line":58,"column":4},"end":{"line":61,"column":5}},{"start":{},"end":{}}],"line":58},"6":{"loc":{"start":{"line":60,"column":22},"end":{"line":60,"column":63}},"type":"binary-expr","locations":[{"start":{"line":60,"column":22},"end":{"line":60,"column":33}},{"start":{"line":60,"column":37},"end":{"line":60,"column":63}}],"line":60},"7":{"loc":{"start":{"line":65,"column":4},"end":{"line":72,"column":5}},"type":"if","locations":[{"start":{"line":65,"column":4},"end":{"line":72,"column":5}},{"start":{},"end":{}}],"line":65},"8":{"loc":{"start":{"line":82,"column":4},"end":{"line":85,"column":5}},"type":"if","locations":[{"start":{"line":82,"column":4},"end":{"line":85,"column":5}},{"start":{},"end":{}}],"line":82},"9":{"loc":{"start":{"line":84,"column":22},"end":{"line":84,"column":63}},"type":"binary-expr","locations":[{"start":{"line":84,"column":22},"end":{"line":84,"column":33}},{"start":{"line":84,"column":37},"end":{"line":84,"column":63}}],"line":84},"10":{"loc":{"start":{"line":89,"column":4},"end":{"line":96,"column":5}},"type":"if","locations":[{"start":{"line":89,"column":4},"end":{"line":96,"column":5}},{"start":{},"end":{}}],"line":89}},"s":{"0":1,"1":0,"2":0,"3":0,"4":0,"5":0,"6":0,"7":0,"8":0,"9":0,"10":0,"11":0,"12":0,"13":0,"14":0,"15":0,"16":0,"17":0,"18":0,"19":0,"20":0,"21":0,"22":0,"23":0,"24":0,"25":0,"26":0,"27":0,"28":0,"29":0,"30":0,"31":0,"32":0,"33":0,"34":0,"35":0,"36":0,"37":0},"f":{"0":0,"1":0,"2":0,"3":0,"4":0,"5":0,"6":0,"7":0,"8":0},"b":{"0":[0,0],"1":[0,0],"2":[0,0],"3":[0,0],"4":[0,0],"5":[0,0],"6":[0,0],"7":[0,0],"8":[0,0],"9":[0,0],"10":[0,0]},"_coverageSchema":"1a1c01bbd47fc00a2c39e90264f33305004495a9","hash":"86d801fa242ef5e602f10f1527b447cad711bbb1"}
,"D:\\web-engineering\\frontend\\src\\services\\videoService.ts": {"path":"D:\\web-engineering\\frontend\\src\\services\\videoService.ts","statementMap":{"0":{"start":{"line":5,"column":21},"end":{"line":5,"column":51}},"1":{"start":{"line":8,"column":2},"end":{"line":8,"column":39}},"2":{"start":{"line":12,"column":2},"end":{"line":12,"column":22}},"3":{"start":{"line":12,"column":12},"end":{"line":12,"column":22}},"4":{"start":{"line":13,"column":12},"end":{"line":13,"column":25}},"5":{"start":{"line":14,"column":2},"end":{"line":14,"column":36}},"6":{"start":{"line":14,"column":26},"end":{"line":14,"column":36}},"7":{"start":{"line":15,"column":14},"end":{"line":15,"column":55}},"8":{"start":{"line":15,"column":29},"end":{"line":15,"column":55}},"9":{"start":{"line":16,"column":2},"end":{"line":19,"column":3}},"10":{"start":{"line":23,"column":2},"end":{"line":33,"column":3}},"11":{"start":{"line":38,"column":4},"end":{"line":40,"column":5}},"12":{"start":{"line":39,"column":6},"end":{"line":39,"column":64}},"13":{"start":{"line":42,"column":17},"end":{"line":42,"column":39}},"14":{"start":{"line":44,"column":21},"end":{"line":44,"column":35}},"15":{"start":{"line":45,"column":4},"end":{"line":45,"column":40}},"16":{"start":{"line":46,"column":4},"end":{"line":46,"column":52}},"17":{"start":{"line":47,"column":4},"end":{"line":47,"column":38}},"18":{"start":{"line":48,"column":4},"end":{"line":48,"column":48}},"19":{"start":{"line":49,"column":4},"end":{"line":51,"column":5}},"20":{"start":{"line":50,"column":6},"end":{"line":50,"column":62}},"21":{"start":{"line":50,"column":33},"end":{"line":50,"column":61}},"22":{"start":{"line":53,"column":21},"end":{"line":57,"column":6}},"23":{"start":{"line":59,"column":4},"end":{"line":64,"column":5}},"24":{"start":{"line":60,"column":24},"end":{"line":60,"column":87}},"25":{"start":{"line":60,"column":59},"end":{"line":60,"column":85}},"26":{"start":{"line":61,"column":6},"end":{"line":63,"column":7}},"27":{"start":{"line":66,"column":19},"end":{"line":66,"column":50}},"28":{"start":{"line":67,"column":24},"end":{"line":67,"column":45}},"29":{"start":{"line":68,"column":4},"end":{"line":76,"column":5}},"30":{"start":{"line":69,"column":35},"end":{"line":69,"column":67}},"31":{"start":{"line":70,"column":6},"end":{"line":75,"column":8}},"32":{"start":{"line":77,"column":4},"end":{"line":77,"column":17}},"33":{"start":{"line":81,"column":21},"end":{"line":84,"column":6}},"34":{"start":{"line":85,"column":4},"end":{"line":85,"column":94}},"35":{"start":{"line":85,"column":22},"end":{"line":85,"column":94}},"36":{"start":{"line":86,"column":37},"end":{"line":86,"column":58}},"37":{"start":{"line":87,"column":4},"end":{"line":87,"column":32}},"38":{"start":{"line":91,"column":21},"end":{"line":94,"column":6}},"39":{"start":{"line":95,"column":4},"end":{"line":95,"column":93}},"40":{"start":{"line":95,"column":22},"end":{"line":95,"column":93}},"41":{"start":{"line":96,"column":4},"end":{"line":96,"column":42}},"42":{"start":{"line":100,"column":4},"end":{"line":100,"column":27}},"43":{"start":{"line":104,"column":21},"end":{"line":106,"column":6}},"44":{"start":{"line":107,"column":4},"end":{"line":107,"column":94}},"45":{"start":{"line":107,"column":22},"end":{"line":107,"column":94}},"46":{"start":{"line":111,"column":17},"end":{"line":111,"column":38}},"47":{"start":{"line":112,"column":4},"end":{"line":112,"column":70}},"48":{"start":{"line":112,"column":19},"end":{"line":112,"column":70}},"49":{"start":{"line":114,"column":21},"end":{"line":121,"column":5}},"50":{"start":{"line":122,"column":4},"end":{"line":122,"column":94}},"51":{"start":{"line":122,"column":22},"end":{"line":122,"column":94}},"52":{"start":{"line":123,"column":4},"end":{"line":123,"column":26}},"53":{"start":{"line":127,"column":21},"end":{"line":130,"column":6}},"54":{"start":{"line":132,"column":17},"end":{"line":132,"column":38}},"55":{"start":{"line":133,"column":4},"end":{"line":133,"column":96}},"56":{"start":{"line":133,"column":22},"end":{"line":133,"column":96}},"57":{"start":{"line":134,"column":4},"end":{"line":134,"column":15}},"58":{"start":{"line":138,"column":21},"end":{"line":143,"column":5}},"59":{"start":{"line":144,"column":4},"end":{"line":144,"column":92}},"60":{"start":{"line":144,"column":22},"end":{"line":144,"column":92}},"61":{"start":{"line":148,"column":19},"end":{"line":148,"column":40}},"62":{"start":{"line":149,"column":4},"end":{"line":149,"column":41}},"63":{"start":{"line":149,"column":14},"end":{"line":149,"column":41}},"64":{"start":{"line":150,"column":4},"end":{"line":152,"column":5}},"65":{"start":{"line":151,"column":6},"end":{"line":151,"column":55}},"66":{"start":{"line":151,"column":28},"end":{"line":151,"column":54}},"67":{"start":{"line":154,"column":21},"end":{"line":157,"column":6}},"68":{"start":{"line":159,"column":4},"end":{"line":161,"column":5}},"69":{"start":{"line":160,"column":6},"end":{"line":160,"column":79}},"70":{"start":{"line":163,"column":37},"end":{"line":163,"column":58}},"71":{"start":{"line":164,"column":4},"end":{"line":164,"column":32}}},"fnMap":{"0":{"name":"getStreamUrl","decl":{"start":{"line":7,"column":9},"end":{"line":7,"column":21}},"loc":{"start":{"line":7,"column":42},"end":{"line":9,"column":1}},"line":7},"1":{"name":"formatDate","decl":{"start":{"line":11,"column":9},"end":{"line":11,"column":19}},"loc":{"start":{"line":11,"column":53},"end":{"line":20,"column":1}},"line":11},"2":{"name":"(anonymous_2)","decl":{"start":{"line":15,"column":14},"end":{"line":15,"column":15}},"loc":{"start":{"line":15,"column":29},"end":{"line":15,"column":55}},"line":15},"3":{"name":"mapVideo","decl":{"start":{"line":22,"column":16},"end":{"line":22,"column":24}},"loc":{"start":{"line":22,"column":68},"end":{"line":34,"column":1}},"line":22},"4":{"name":"(anonymous_4)","decl":{"start":{"line":37,"column":2},"end":{"line":37,"column":3}},"loc":{"start":{"line":37,"column":76},"end":{"line":78,"column":3}},"line":37},"5":{"name":"(anonymous_5)","decl":{"start":{"line":50,"column":24},"end":{"line":50,"column":25}},"loc":{"start":{"line":50,"column":33},"end":{"line":50,"column":61}},"line":50},"6":{"name":"(anonymous_6)","decl":{"start":{"line":60,"column":52},"end":{"line":60,"column":53}},"loc":{"start":{"line":60,"column":59},"end":{"line":60,"column":85}},"line":60},"7":{"name":"(anonymous_7)","decl":{"start":{"line":80,"column":2},"end":{"line":80,"column":3}},"loc":{"start":{"line":80,"column":52},"end":{"line":88,"column":3}},"line":80},"8":{"name":"(anonymous_8)","decl":{"start":{"line":90,"column":2},"end":{"line":90,"column":3}},"loc":{"start":{"line":90,"column":63},"end":{"line":97,"column":3}},"line":90},"9":{"name":"(anonymous_9)","decl":{"start":{"line":99,"column":2},"end":{"line":99,"column":3}},"loc":{"start":{"line":99,"column":35},"end":{"line":101,"column":3}},"line":99},"10":{"name":"(anonymous_10)","decl":{"start":{"line":103,"column":2},"end":{"line":103,"column":3}},"loc":{"start":{"line":103,"column":47},"end":{"line":108,"column":3}},"line":103},"11":{"name":"(anonymous_11)","decl":{"start":{"line":110,"column":2},"end":{"line":110,"column":3}},"loc":{"start":{"line":110,"column":71},"end":{"line":124,"column":3}},"line":110},"12":{"name":"(anonymous_12)","decl":{"start":{"line":126,"column":2},"end":{"line":126,"column":3}},"loc":{"start":{"line":126,"column":57},"end":{"line":135,"column":3}},"line":126},"13":{"name":"(anonymous_13)","decl":{"start":{"line":137,"column":2},"end":{"line":137,"column":3}},"loc":{"start":{"line":137,"column":50},"end":{"line":145,"column":3}},"line":137},"14":{"name":"(anonymous_14)","decl":{"start":{"line":147,"column":2},"end":{"line":147,"column":3}},"loc":{"start":{"line":147,"column":85},"end":{"line":165,"column":3}},"line":147},"15":{"name":"(anonymous_15)","decl":{"start":{"line":151,"column":19},"end":{"line":151,"column":20}},"loc":{"start":{"line":151,"column":28},"end":{"line":151,"column":54}},"line":151}},"branchMap":{"0":{"loc":{"start":{"line":12,"column":2},"end":{"line":12,"column":22}},"type":"if","locations":[{"start":{"line":12,"column":2},"end":{"line":12,"column":22}},{"start":{},"end":{}}],"line":12},"1":{"loc":{"start":{"line":14,"column":2},"end":{"line":14,"column":36}},"type":"if","locations":[{"start":{"line":14,"column":2},"end":{"line":14,"column":36}},{"start":{},"end":{}}],"line":14},"2":{"loc":{"start":{"line":26,"column":10},"end":{"line":26,"column":27}},"type":"binary-expr","locations":[{"start":{"line":26,"column":10},"end":{"line":26,"column":20}},{"start":{"line":26,"column":24},"end":{"line":26,"column":27}}],"line":26},"3":{"loc":{"start":{"line":28,"column":17},"end":{"line":28,"column":40}},"type":"binary-expr","locations":[{"start":{"line":28,"column":17},"end":{"line":28,"column":34}},{"start":{"line":28,"column":38},"end":{"line":28,"column":40}}],"line":28},"4":{"loc":{"start":{"line":29,"column":12},"end":{"line":29,"column":37}},"type":"binary-expr","locations":[{"start":{"line":29,"column":12},"end":{"line":29,"column":24}},{"start":{"line":29,"column":28},"end":{"line":29,"column":37}}],"line":29},"5":{"loc":{"start":{"line":32,"column":10},"end":{"line":32,"column":26}},"type":"binary-expr","locations":[{"start":{"line":32,"column":10},"end":{"line":32,"column":20}},{"start":{"line":32,"column":24},"end":{"line":32,"column":26}}],"line":32},"6":{"loc":{"start":{"line":38,"column":4},"end":{"line":40,"column":5}},"type":"if","locations":[{"start":{"line":38,"column":4},"end":{"line":40,"column":5}},{"start":{},"end":{}}],"line":38},"7":{"loc":{"start":{"line":49,"column":4},"end":{"line":51,"column":5}},"type":"if","locations":[{"start":{"line":49,"column":4},"end":{"line":51,"column":5}},{"start":{},"end":{}}],"line":49},"8":{"loc":{"start":{"line":55,"column":32},"end":{"line":55,"column":70}},"type":"binary-expr","locations":[{"start":{"line":55,"column":32},"end":{"line":55,"column":64}},{"start":{"line":55,"column":68},"end":{"line":55,"column":70}}],"line":55},"9":{"loc":{"start":{"line":59,"column":4},"end":{"line":64,"column":5}},"type":"if","locations":[{"start":{"line":59,"column":4},"end":{"line":64,"column":5}},{"start":{},"end":{}}],"line":59},"10":{"loc":{"start":{"line":62,"column":8},"end":{"line":62,"column":94}},"type":"binary-expr","locations":[{"start":{"line":62,"column":8},"end":{"line":62,"column":23}},{"start":{"line":62,"column":27},"end":{"line":62,"column":44}},{"start":{"line":62,"column":48},"end":{"line":62,"column":94}}],"line":62},"11":{"loc":{"start":{"line":68,"column":4},"end":{"line":76,"column":5}},"type":"if","locations":[{"start":{"line":68,"column":4},"end":{"line":76,"column":5}},{"start":{},"end":{}}],"line":68},"12":{"loc":{"start":{"line":69,"column":36},"end":{"line":69,"column":55}},"type":"binary-expr","locations":[{"start":{"line":69,"column":36},"end":{"line":69,"column":49}},{"start":{"line":69,"column":53},"end":{"line":69,"column":55}}],"line":69},"13":{"loc":{"start":{"line":73,"column":14},"end":{"line":73,"column":43}},"type":"binary-expr","locations":[{"start":{"line":73,"column":14},"end":{"line":73,"column":23}},{"start":{"line":73,"column":27},"end":{"line":73,"column":43}}],"line":73},"14":{"loc":{"start":{"line":74,"column":17},"end":{"line":74,"column":54}},"type":"binary-expr","locations":[{"start":{"line":74,"column":17},"end":{"line":74,"column":31}},{"start":{"line":74,"column":35},"end":{"line":74,"column":54}}],"line":74},"15":{"loc":{"start":{"line":85,"column":4},"end":{"line":85,"column":94}},"type":"if","locations":[{"start":{"line":85,"column":4},"end":{"line":85,"column":94}},{"start":{},"end":{}}],"line":85},"16":{"loc":{"start":{"line":95,"column":4},"end":{"line":95,"column":93}},"type":"if","locations":[{"start":{"line":95,"column":4},"end":{"line":95,"column":93}},{"start":{},"end":{}}],"line":95},"17":{"loc":{"start":{"line":107,"column":4},"end":{"line":107,"column":94}},"type":"if","locations":[{"start":{"line":107,"column":4},"end":{"line":107,"column":94}},{"start":{},"end":{}}],"line":107},"18":{"loc":{"start":{"line":112,"column":4},"end":{"line":112,"column":70}},"type":"if","locations":[{"start":{"line":112,"column":4},"end":{"line":112,"column":70}},{"start":{},"end":{}}],"line":112},"19":{"loc":{"start":{"line":122,"column":4},"end":{"line":122,"column":94}},"type":"if","locations":[{"start":{"line":122,"column":4},"end":{"line":122,"column":94}},{"start":{},"end":{}}],"line":122},"20":{"loc":{"start":{"line":133,"column":4},"end":{"line":133,"column":96}},"type":"if","locations":[{"start":{"line":133,"column":4},"end":{"line":133,"column":96}},{"start":{},"end":{}}],"line":133},"21":{"loc":{"start":{"line":144,"column":4},"end":{"line":144,"column":92}},"type":"if","locations":[{"start":{"line":144,"column":4},"end":{"line":144,"column":92}},{"start":{},"end":{}}],"line":144},"22":{"loc":{"start":{"line":149,"column":4},"end":{"line":149,"column":41}},"type":"if","locations":[{"start":{"line":149,"column":4},"end":{"line":149,"column":41}},{"start":{},"end":{}}],"line":149},"23":{"loc":{"start":{"line":150,"column":4},"end":{"line":152,"column":5}},"type":"if","locations":[{"start":{"line":150,"column":4},"end":{"line":152,"column":5}},{"start":{},"end":{}}],"line":150},"24":{"loc":{"start":{"line":159,"column":4},"end":{"line":161,"column":5}},"type":"if","locations":[{"start":{"line":159,"column":4},"end":{"line":161,"column":5}},{"start":{},"end":{}}],"line":159}},"s":{"0":3,"1":3,"2":3,"3":0,"4":3,"5":3,"6":0,"7":3,"8":15,"9":3,"10":3,"11":2,"12":1,"13":1,"14":1,"15":1,"16":1,"17":1,"18":1,"19":1,"20":1,"21":1,"22":1,"23":1,"24":0,"25":0,"26":0,"27":1,"28":1,"29":1,"30":1,"31":1,"32":1,"33":1,"34":1,"35":0,"36":1,"37":1,"38":1,"39":1,"40":0,"41":1,"42":0,"43":1,"44":1,"45":0,"46":2,"47":2,"48":1,"49":1,"50":1,"51":0,"52":1,"53":1,"54":1,"55":1,"56":0,"57":1,"58":1,"59":1,"60":0,"61":1,"62":1,"63":1,"64":1,"65":1,"66":2,"67":1,"68":1,"69":0,"70":1,"71":1},"f":{"0":3,"1":3,"2":15,"3":3,"4":2,"5":1,"6":0,"7":1,"8":1,"9":0,"10":1,"11":2,"12":1,"13":1,"14":1,"15":2},"b":{"0":[0,3],"1":[0,3],"2":[3,0],"3":[3,2],"4":[3,1],"5":[3,2],"6":[1,1],"7":[1,0],"8":[1,0],"9":[0,1],"10":[0,0,0],"11":[1,0],"12":[1,0],"13":[1,0],"14":[1,1],"15":[0,1],"16":[0,1],"17":[0,1],"18":[1,1],"19":[0,1],"20":[0,1],"21":[0,1],"22":[1,0],"23":[1,0],"24":[0,1]},"_coverageSchema":"1a1c01bbd47fc00a2c39e90264f33305004495a9","hash":"0e805f0bcf3f6a27dba362faca633bb7648fc84e"}
,"D:\\web-engineering\\frontend\\src\\utils\\recordingUpload.ts": {"path":"D:\\web-engineering\\frontend\\src\\utils\\recordingUpload.ts","statementMap":{"0":{"start":{"line":9,"column":14},"end":{"line":9,"column":57}},"1":{"start":{"line":10,"column":20},"end":{"line":10,"column":59}},"2":{"start":{"line":11,"column":15},"end":{"line":11,"column":91}},"3":{"start":{"line":13,"column":19},"end":{"line":17,"column":4}},"4":{"start":{"line":19,"column":2},"end":{"line":28,"column":3}}},"fnMap":{"0":{"name":"uploadStreamRecording","decl":{"start":{"line":4,"column":22},"end":{"line":4,"column":43}},"loc":{"start":{"line":8,"column":18},"end":{"line":29,"column":1}},"line":8}},"branchMap":{"0":{"loc":{"start":{"line":7,"column":2},"end":{"line":7,"column":43}},"type":"default-arg","locations":[{"start":{"line":7,"column":16},"end":{"line":7,"column":43}}],"line":7},"1":{"loc":{"start":{"line":9,"column":14},"end":{"line":9,"column":57}},"type":"cond-expr","locations":[{"start":{"line":9,"column":43},"end":{"line":9,"column":49}},{"start":{"line":9,"column":52},"end":{"line":9,"column":57}}],"line":9},"2":{"loc":{"start":{"line":10,"column":20},"end":{"line":10,"column":59}},"type":"binary-expr","locations":[{"start":{"line":10,"column":20},"end":{"line":10,"column":32}},{"start":{"line":10,"column":36},"end":{"line":10,"column":59}}],"line":10},"3":{"loc":{"start":{"line":11,"column":63},"end":{"line":11,"column":88}},"type":"binary-expr","locations":[{"start":{"line":11,"column":63},"end":{"line":11,"column":72}},{"start":{"line":11,"column":76},"end":{"line":11,"column":88}}],"line":11}},"s":{"0":4,"1":4,"2":4,"3":4,"4":4},"f":{"0":4},"b":{"0":[3],"1":[2,2],"2":[4,1],"3":[4,0]},"_coverageSchema":"1a1c01bbd47fc00a2c39e90264f33305004495a9","hash":"3b41837908b1e54fac22ed173e705d21265f8744"}
}
