TN:
SF:src\types.ts
FNF:0
FNH:0
LF:0
LH:0
BRF:0
BRH:0
end_of_record
TN:
SF:src\components\AddToPlaylistModal.tsx
FN:13,AddToPlaylistModal
FN:32,(anonymous_1)
FN:33,handleOutside
FN:39,(anonymous_3)
FN:43,(anonymous_4)
FN:48,(anonymous_5)
FN:51,(anonymous_6)
FN:54,showToast
FN:56,(anonymous_8)
FN:59,handleAdd
FN:63,(anonymous_10)
FN:72,handleCreate
FN:81,(anonymous_12)
FN:82,(anonymous_13)
FN:136,(anonymous_14)
FN:142,(anonymous_15)
FN:194,(anonymous_16)
FN:220,(anonymous_17)
FN:239,(anonymous_18)
FN:281,SaveIcon
FN:299,CloseIcon
FN:316,CheckIcon
FN:332,SmallPlaylistIcon
FN:353,PlusIcon
FNF:24
FNH:0
FNDA:0,AddToPlaylistModal
FNDA:0,(anonymous_1)
FNDA:0,handleOutside
FNDA:0,(anonymous_3)
FNDA:0,(anonymous_4)
FNDA:0,(anonymous_5)
FNDA:0,(anonymous_6)
FNDA:0,showToast
FNDA:0,(anonymous_8)
FNDA:0,handleAdd
FNDA:0,(anonymous_10)
FNDA:0,handleCreate
FNDA:0,(anonymous_12)
FNDA:0,(anonymous_13)
FNDA:0,(anonymous_14)
FNDA:0,(anonymous_15)
FNDA:0,(anonymous_16)
FNDA:0,(anonymous_17)
FNDA:0,(anonymous_18)
FNDA:0,SaveIcon
FNDA:0,CloseIcon
FNDA:0,CheckIcon
FNDA:0,SmallPlaylistIcon
FNDA:0,PlusIcon
DA:14,0
DA:15,0
DA:16,0
DA:19,0
DA:20,0
DA:23,0
DA:24,0
DA:25,0
DA:26,0
DA:28,0
DA:29,0
DA:32,0
DA:34,0
DA:35,0
DA:38,0
DA:39,0
DA:43,0
DA:44,0
DA:45,0
DA:49,0
DA:51,0
DA:55,0
DA:56,0
DA:60,0
DA:61,0
DA:62,0
DA:63,0
DA:64,0
DA:66,0
DA:68,0
DA:73,0
DA:74,0
DA:75,0
DA:76,0
DA:77,0
DA:78,0
DA:80,0
DA:81,0
DA:82,0
DA:83,0
DA:84,0
DA:85,0
DA:87,0
DA:89,0
DA:93,0
DA:137,0
DA:138,0
DA:139,0
DA:142,0
DA:194,0
DA:221,0
DA:222,0
DA:223,0
DA:239,0
DA:282,0
DA:300,0
DA:317,0
DA:333,0
DA:354,0
LF:59
LH:0
BRDA:34,0,0,0
BRDA:34,0,1,0
BRDA:34,1,0,0
BRDA:34,1,1,0
BRDA:44,2,0,0
BRDA:44,2,1,0
BRDA:49,3,0,0
BRDA:49,3,1,0
BRDA:66,4,0,0
BRDA:66,4,1,0
BRDA:74,5,0,0
BRDA:74,5,1,0
BRDA:87,6,0,0
BRDA:87,6,1,0
BRDA:118,7,0,0
BRDA:118,7,1,0
BRDA:124,8,0,0
BRDA:124,8,1,0
BRDA:124,8,2,0
BRDA:128,9,0,0
BRDA:128,9,1,0
BRDA:128,9,2,0
BRDA:128,9,3,0
BRDA:128,9,4,0
BRDA:134,10,0,0
BRDA:134,10,1,0
BRDA:134,10,2,0
BRDA:134,10,3,0
BRDA:142,11,0,0
BRDA:142,11,1,0
BRDA:143,12,0,0
BRDA:143,12,1,0
BRDA:146,13,0,0
BRDA:146,13,1,0
BRDA:153,14,0,0
BRDA:153,14,1,0
BRDA:155,15,0,0
BRDA:155,15,1,0
BRDA:161,16,0,0
BRDA:161,16,1,0
BRDA:165,17,0,0
BRDA:165,17,1,0
BRDA:168,18,0,0
BRDA:168,18,1,0
BRDA:181,19,0,0
BRDA:181,19,1,0
BRDA:200,20,0,0
BRDA:200,20,1,0
BRDA:206,21,0,0
BRDA:206,21,1,0
BRDA:209,22,0,0
BRDA:209,22,1,0
BRDA:236,23,0,0
BRDA:236,23,1,0
BRDA:251,24,0,0
BRDA:251,24,1,0
BRDA:254,25,0,0
BRDA:254,25,1,0
BRF:58
BRH:0
end_of_record
TN:
SF:src\components\EditVideoModal.tsx
FN:11,EditVideoModal
FN:19,handleSave
FN:38,(anonymous_2)
FN:69,(anonymous_3)
FN:83,(anonymous_4)
FN:121,XIcon
FNF:6
FNH:3
FNDA:5,EditVideoModal
FNDA:0,handleSave
FNDA:1,(anonymous_2)
FNDA:0,(anonymous_3)
FNDA:0,(anonymous_4)
FNDA:5,XIcon
DA:12,5
DA:13,5
DA:14,5
DA:15,5
DA:17,5
DA:20,0
DA:21,0
DA:22,0
DA:23,0
DA:24,0
DA:28,0
DA:30,0
DA:31,0
DA:35,5
DA:38,1
DA:69,0
DA:83,0
DA:122,5
LF:18
LH:8
BRDA:17,0,0,5
BRDA:17,0,1,5
BRDA:20,1,0,0
BRDA:20,1,1,0
BRDA:20,2,0,0
BRDA:20,2,1,0
BRDA:30,3,0,0
BRDA:30,3,1,0
BRDA:38,4,0,1
BRDA:38,4,1,0
BRDA:38,4,2,0
BRDA:54,5,0,5
BRDA:54,5,1,0
BRDA:103,6,0,5
BRDA:103,6,1,5
BRDA:103,6,2,0
BRDA:106,7,0,0
BRDA:106,7,1,5
BRF:18
BRH:7
end_of_record
TN:
SF:src\components\GoLiveModal.tsx
FN:10,GoLiveModal
FN:29,(anonymous_1)
FN:34,(anonymous_2)
FN:36,(anonymous_3)
FN:49,(anonymous_4)
FN:55,(anonymous_5)
FN:58,(anonymous_6)
FN:65,handleCameraToggle
FN:68,(anonymous_8)
FN:74,handleMicToggle
FN:77,(anonymous_10)
FN:83,(anonymous_11)
FN:87,(anonymous_12)
FN:98,handleAudioTest
FN:104,(anonymous_14)
FN:126,handleStart
FN:140,handleClose
FN:141,(anonymous_17)
FN:153,(anonymous_18)
FN:250,(anonymous_19)
FN:251,(anonymous_20)
FN:269,(anonymous_21)
FN:272,(anonymous_22)
FN:333,ToggleButton
FN:357,DeviceRow
FN:369,XIcon
FN:377,CameraOnIcon
FN:385,CameraOffIcon
FN:394,MicOnIcon
FN:404,MicOffIcon
FNF:30
FNH:14
FNDA:12,GoLiveModal
FNDA:6,(anonymous_1)
FNDA:5,(anonymous_2)
FNDA:0,(anonymous_3)
FNDA:1,(anonymous_4)
FNDA:6,(anonymous_5)
FNDA:5,(anonymous_6)
FNDA:0,handleCameraToggle
FNDA:0,(anonymous_8)
FNDA:0,handleMicToggle
FNDA:0,(anonymous_10)
FNDA:0,(anonymous_11)
FNDA:0,(anonymous_12)
FNDA:0,handleAudioTest
FNDA:0,(anonymous_14)
FNDA:0,handleStart
FNDA:0,handleClose
FNDA:0,(anonymous_17)
FNDA:0,(anonymous_18)
FNDA:0,(anonymous_19)
FNDA:0,(anonymous_20)
FNDA:144,(anonymous_21)
FNDA:288,(anonymous_22)
FNDA:22,ToggleButton
FNDA:24,DeviceRow
FNDA:12,XIcon
FNDA:23,CameraOnIcon
FNDA:1,CameraOffIcon
FNDA:23,MicOnIcon
FNDA:0,MicOffIcon
DA:3,1
DA:11,12
DA:12,12
DA:13,12
DA:14,12
DA:15,12
DA:16,12
DA:17,12
DA:18,12
DA:20,12
DA:21,12
DA:22,12
DA:23,12
DA:24,12
DA:26,12
DA:29,12
DA:30,6
DA:32,6
DA:35,5
DA:36,0
DA:37,0
DA:39,5
DA:40,5
DA:42,5
DA:43,5
DA:44,5
DA:45,5
DA:47,5
DA:50,1
DA:51,1
DA:52,1
DA:55,6
DA:56,6
DA:58,6
DA:59,6
DA:60,6
DA:66,0
DA:67,0
DA:68,0
DA:69,0
DA:75,0
DA:76,0
DA:77,0
DA:78,0
DA:83,12
DA:84,0
DA:85,0
DA:86,0
DA:87,0
DA:88,0
DA:89,0
DA:90,0
DA:91,0
DA:92,0
DA:94,0
DA:99,0
DA:100,0
DA:101,0
DA:102,0
DA:103,0
DA:104,0
DA:105,0
DA:107,0
DA:108,0
DA:111,0
DA:113,0
DA:114,0
DA:115,0
DA:116,0
DA:117,0
DA:119,0
DA:120,0
DA:121,0
DA:122,0
DA:127,0
DA:130,0
DA:131,0
DA:132,0
DA:134,0
DA:135,0
DA:136,0
DA:141,0
DA:142,0
DA:143,0
DA:144,0
DA:145,0
DA:148,12
DA:150,12
DA:153,0
DA:250,0
DA:251,0
DA:270,144
DA:272,288
DA:334,22
DA:358,24
DA:370,12
DA:378,23
DA:386,1
DA:395,23
DA:405,0
LF:100
LH:45
BRDA:35,0,0,0
BRDA:35,0,1,5
BRDA:40,1,0,5
BRDA:40,1,1,0
BRDA:44,2,0,5
BRDA:44,2,1,0
BRDA:44,3,0,5
BRDA:44,3,1,0
BRDA:45,4,0,5
BRDA:45,4,1,0
BRDA:45,5,0,5
BRDA:45,5,1,0
BRDA:50,6,0,0
BRDA:50,6,1,1
BRDA:84,7,0,0
BRDA:84,7,1,0
BRDA:88,8,0,0
BRDA:88,8,1,0
BRDA:92,9,0,0
BRDA:92,9,1,0
BRDA:92,10,0,0
BRDA:92,10,1,0
BRDA:99,11,0,0
BRDA:99,11,1,0
BRDA:105,12,0,0
BRDA:105,12,1,0
BRDA:111,13,0,0
BRDA:111,13,1,0
BRDA:127,14,0,0
BRDA:127,14,1,0
BRDA:127,15,0,0
BRDA:127,15,1,0
BRDA:148,16,0,12
BRDA:148,16,1,0
BRDA:148,16,2,0
BRDA:153,17,0,0
BRDA:153,17,1,0
BRDA:181,18,0,6
BRDA:181,18,1,6
BRDA:181,19,0,12
BRDA:181,19,1,12
BRDA:186,20,0,12
BRDA:186,20,1,6
BRDA:186,20,2,6
BRDA:194,21,0,12
BRDA:194,21,1,1
BRDA:202,22,0,12
BRDA:202,22,1,0
BRDA:202,22,2,0
BRDA:202,22,3,0
BRDA:210,23,0,12
BRDA:210,23,1,11
BRDA:218,24,0,11
BRDA:218,24,1,0
BRDA:226,25,0,11
BRDA:226,25,1,0
BRDA:251,26,0,0
BRDA:251,26,1,0
BRDA:260,27,0,12
BRDA:260,27,1,0
BRDA:260,28,0,12
BRDA:260,28,1,12
BRDA:261,29,0,12
BRDA:261,29,1,0
BRDA:261,30,0,12
BRDA:261,30,1,12
BRDA:280,31,0,12
BRDA:280,31,1,6
BRDA:282,32,0,0
BRDA:282,32,1,12
BRDA:287,33,0,0
BRDA:287,33,1,12
BRDA:290,34,0,12
BRDA:290,34,1,0
BRDA:290,34,2,0
BRDA:340,35,0,22
BRDA:340,35,1,0
BRDA:345,36,0,22
BRDA:345,36,1,0
BRDA:360,37,0,12
BRDA:360,37,1,12
BRDA:362,38,0,12
BRDA:362,38,1,12
BRDA:385,39,0,0
BRF:84
BRH:39
end_of_record
TN:
SF:src\components\Header.tsx
FN:15,Header
FN:31,(anonymous_1)
FN:36,(anonymous_2)
FN:38,handleOutside
FN:44,(anonymous_4)
FN:47,handleLogout
FN:53,handleSearchSubmit
FN:79,(anonymous_7)
FN:85,(anonymous_8)
FN:135,(anonymous_9)
FN:152,(anonymous_10)
FN:165,(anonymous_11)
FN:165,(anonymous_12)
FN:193,(anonymous_13)
FN:201,(anonymous_14)
FN:237,(anonymous_15)
FN:245,(anonymous_16)
FN:259,UploadIcon
FN:278,SunIcon
FN:303,MoonIcon
FN:320,SearchIcon
FN:338,MicrophoneIcon
FN:357,ClearIcon
FN:375,InstallIcon
FN:395,UserIcon
FN:413,PlaylistIcon
FN:435,LogoutIcon
FNF:27
FNH:17
FNDA:13,Header
FNDA:6,(anonymous_1)
FNDA:9,(anonymous_2)
FNDA:0,handleOutside
FNDA:2,(anonymous_4)
FNDA:1,handleLogout
FNDA:1,handleSearchSubmit
FNDA:1,(anonymous_7)
FNDA:0,(anonymous_8)
FNDA:0,(anonymous_9)
FNDA:0,(anonymous_10)
FNDA:2,(anonymous_11)
FNDA:2,(anonymous_12)
FNDA:0,(anonymous_13)
FNDA:0,(anonymous_14)
FNDA:0,(anonymous_15)
FNDA:0,(anonymous_16)
FNDA:9,UploadIcon
FNDA:10,SunIcon
FNDA:0,MoonIcon
FNDA:10,SearchIcon
FNDA:10,MicrophoneIcon
FNDA:1,ClearIcon
FNDA:0,InstallIcon
FNDA:2,UserIcon
FNDA:2,PlaylistIcon
FNDA:2,LogoutIcon
DA:16,13
DA:17,13
DA:19,13
DA:20,13
DA:21,13
DA:22,13
DA:23,13
DA:25,13
DA:26,13
DA:27,13
DA:29,13
DA:31,13
DA:32,6
DA:36,13
DA:37,9
DA:39,0
DA:40,0
DA:43,2
DA:44,2
DA:48,1
DA:49,1
DA:50,1
DA:54,1
DA:55,1
DA:56,1
DA:58,0
DA:62,13
DA:79,1
DA:85,0
DA:135,0
DA:152,0
DA:165,2
DA:193,0
DA:201,0
DA:238,0
DA:239,0
DA:241,0
DA:243,0
DA:245,0
DA:260,9
DA:279,10
DA:304,0
DA:321,10
DA:339,10
DA:358,1
DA:376,0
DA:396,2
DA:414,2
DA:436,2
LF:49
LH:34
BRDA:26,0,0,13
BRDA:26,0,1,13
BRDA:32,1,0,6
BRDA:32,1,1,6
BRDA:37,2,0,7
BRDA:37,2,1,2
BRDA:39,3,0,0
BRDA:39,3,1,0
BRDA:39,4,0,0
BRDA:39,4,1,0
BRDA:55,5,0,1
BRDA:55,5,1,0
BRDA:82,6,0,13
BRDA:82,6,1,2
BRDA:109,7,0,13
BRDA:109,7,1,0
BRDA:125,8,0,13
BRDA:125,8,1,0
BRDA:128,9,0,13
BRDA:128,9,1,0
BRDA:132,10,0,13
BRDA:132,10,1,12
BRDA:142,11,0,1
BRDA:142,11,1,11
BRDA:152,12,0,11
BRDA:152,12,1,8
BRDA:161,13,0,12
BRDA:161,13,1,12
BRDA:174,14,0,12
BRDA:174,14,1,4
BRDA:225,15,0,13
BRDA:225,15,1,1
BRDA:235,16,0,13
BRDA:235,16,1,0
BRDA:238,17,0,0
BRDA:238,17,1,0
BRF:36
BRH:25
end_of_record
TN:
SF:src\components\OfflineBanner.tsx
FN:7,OfflineBanner
FNF:1
FNH:0
FNDA:0,OfflineBanner
DA:8,0
DA:10,0
LF:2
LH:0
BRDA:18,0,0,0
BRDA:18,0,1,0
BRF:2
BRH:0
end_of_record
TN:
SF:src\components\UploadVideoModal.tsx
FN:10,formatBytes
FN:15,UploadVideoModal
FN:31,(anonymous_2)
FN:32,fetchTags
FN:46,(anonymous_4)
FN:61,(anonymous_5)
FN:64,addTag
FN:72,handleTagInputChange
FN:81,handleTagInputKeyDown
FN:88,handleFileSelect
FN:98,(anonymous_10)
FN:107,handleUpload
FN:139,handleClose
FN:149,(anonymous_13)
FN:179,(anonymous_14)
FN:192,(anonymous_15)
FN:236,(anonymous_16)
FN:237,(anonymous_17)
FN:250,(anonymous_18)
FN:273,(anonymous_19)
FN:281,(anonymous_20)
FN:288,(anonymous_21)
FN:296,(anonymous_22)
FN:296,(anonymous_23)
FN:358,InfoRow
FN:369,XIcon
FN:386,UploadIcon
FN:405,AlertIcon
FNF:28
FNH:13
FNDA:0,formatBytes
FNDA:8,UploadVideoModal
FNDA:5,(anonymous_2)
FNDA:5,fetchTags
FNDA:0,(anonymous_4)
FNDA:0,(anonymous_5)
FNDA:1,addTag
FNDA:1,handleTagInputChange
FNDA:0,handleTagInputKeyDown
FNDA:0,handleFileSelect
FNDA:0,(anonymous_10)
FNDA:0,handleUpload
FNDA:0,handleClose
FNDA:2,(anonymous_13)
FNDA:0,(anonymous_14)
FNDA:0,(anonymous_15)
FNDA:0,(anonymous_16)
FNDA:0,(anonymous_17)
FNDA:0,(anonymous_18)
FNDA:1,(anonymous_19)
FNDA:0,(anonymous_20)
FNDA:1,(anonymous_21)
FNDA:1,(anonymous_22)
FNDA:1,(anonymous_23)
FNDA:24,InfoRow
FNDA:8,XIcon
FNDA:16,UploadIcon
FNDA:0,AlertIcon
DA:11,0
DA:12,0
DA:16,8
DA:17,8
DA:18,8
DA:19,8
DA:20,8
DA:21,8
DA:22,8
DA:23,8
DA:25,8
DA:26,8
DA:27,8
DA:29,8
DA:31,8
DA:33,5
DA:34,5
DA:35,5
DA:36,5
DA:37,5
DA:40,0
DA:43,5
DA:46,8
DA:47,0
DA:48,0
DA:49,0
DA:50,0
DA:51,0
DA:52,0
DA:53,0
DA:54,0
DA:57,0
DA:60,8
DA:61,0
DA:65,1
DA:66,1
DA:67,1
DA:69,1
DA:73,1
DA:74,1
DA:75,0
DA:77,1
DA:82,0
DA:83,0
DA:84,0
DA:89,0
DA:90,0
DA:91,0
DA:92,0
DA:93,0
DA:94,0
DA:97,0
DA:98,0
DA:99,0
DA:101,0
DA:103,0
DA:108,0
DA:109,0
DA:110,0
DA:112,0
DA:113,0
DA:120,0
DA:131,0
DA:133,0
DA:134,0
DA:135,0
DA:140,0
DA:141,0
DA:144,8
DA:146,8
DA:149,2
DA:179,0
DA:192,0
DA:236,0
DA:237,0
DA:250,0
DA:273,1
DA:282,0
DA:289,1
DA:296,1
DA:359,24
DA:370,8
DA:387,16
DA:406,0
LF:84
LH:37
BRDA:11,0,0,0
BRDA:11,0,1,0
BRDA:35,1,0,5
BRDA:35,1,1,0
BRDA:47,2,0,0
BRDA:47,2,1,0
BRDA:52,3,0,0
BRDA:52,3,1,0
BRDA:54,4,0,0
BRDA:54,4,1,0
BRDA:61,5,0,0
BRDA:61,5,1,0
BRDA:66,6,0,1
BRDA:66,6,1,0
BRDA:66,7,0,1
BRDA:66,7,1,1
BRDA:74,8,0,0
BRDA:74,8,1,1
BRDA:82,9,0,0
BRDA:82,9,1,0
BRDA:90,10,0,0
BRDA:90,10,1,0
BRDA:90,11,0,0
BRDA:90,11,1,0
BRDA:108,12,0,0
BRDA:108,12,1,0
BRDA:108,13,0,0
BRDA:108,13,1,0
BRDA:128,14,0,0
BRDA:128,14,1,0
BRDA:128,14,2,0
BRDA:133,15,0,0
BRDA:133,15,1,0
BRDA:140,16,0,0
BRDA:140,16,1,0
BRDA:144,17,0,8
BRDA:144,17,1,0
BRDA:144,17,2,0
BRDA:149,18,0,2
BRDA:149,18,1,0
BRDA:165,19,0,8
BRDA:165,19,1,0
BRDA:175,20,0,0
BRDA:175,20,1,8
BRDA:175,21,0,8
BRDA:175,21,1,0
BRDA:179,22,0,0
BRDA:179,22,1,0
BRDA:181,23,0,0
BRDA:181,23,1,8
BRDA:190,24,0,8
BRDA:190,24,1,0
BRDA:190,24,2,0
BRDA:200,25,0,8
BRDA:200,25,1,0
BRDA:237,26,0,0
BRDA:237,26,1,0
BRDA:237,26,2,0
BRDA:310,27,0,8
BRDA:310,27,1,8
BRDA:311,28,0,8
BRDA:311,28,1,0
BRDA:331,29,0,0
BRDA:331,29,1,8
BRDA:386,30,0,0
BRDA:405,31,0,0
BRF:66
BRH:17
end_of_record
TN:
SF:src\components\VideoCard.tsx
FN:10,VideoCard
FN:13,(anonymous_1)
FN:19,(anonymous_2)
FN:20,(anonymous_3)
FN:23,(anonymous_4)
FN:39,(anonymous_5)
FN:40,(anonymous_6)
FN:74,(anonymous_7)
FNF:8
FNH:6
FNDA:4,VideoCard
FNDA:1,(anonymous_1)
FNDA:1,(anonymous_2)
FNDA:0,(anonymous_3)
FNDA:1,(anonymous_4)
FNDA:1,(anonymous_5)
FNDA:1,(anonymous_6)
FNDA:0,(anonymous_7)
DA:11,4
DA:12,4
DA:13,4
DA:14,1
DA:15,1
DA:16,1
DA:19,4
DA:20,1
DA:23,4
DA:24,1
DA:25,1
DA:28,4
DA:39,1
DA:40,1
DA:74,0
LF:15
LH:14
BRDA:11,0,0,4
BRDA:11,0,1,2
BRDA:12,1,0,1
BRDA:12,1,1,3
BRDA:34,2,0,4
BRDA:34,2,1,0
BRDA:52,3,0,4
BRDA:52,3,1,1
BRF:8
BRH:7
end_of_record
TN:
SF:src\components\VideoPlayer.tsx
FN:8,formatTime
FN:15,VideoPlayer
FN:26,(anonymous_2)
FN:29,(anonymous_3)
FN:33,(anonymous_4)
FN:39,(anonymous_5)
FN:49,(anonymous_6)
FN:60,(anonymous_7)
FN:70,(anonymous_8)
FN:74,(anonymous_9)
FN:76,(anonymous_10)
FN:80,(anonymous_11)
FN:83,(anonymous_12)
FN:84,(anonymous_13)
FN:85,(anonymous_14)
FN:86,(anonymous_15)
FN:87,(anonymous_16)
FN:93,(anonymous_17)
FN:103,(anonymous_18)
FN:104,(anonymous_19)
FN:106,(anonymous_20)
FN:167,(anonymous_21)
FN:173,(anonymous_22)
FN:187,(anonymous_23)
FN:203,ControlButton
FN:223,PlayIcon
FN:230,PauseIcon
FN:237,SkipBackIcon
FN:244,SkipForwardIcon
FN:251,VolumeIcon
FN:258,VolumeOffIcon
FN:265,EnterFullscreenIcon
FN:272,ExitFullscreenIcon
FNF:33
FNH:24
FNDA:20,formatTime
FNDA:10,VideoPlayer
FNDA:2,(anonymous_2)
FNDA:0,(anonymous_3)
FNDA:1,(anonymous_4)
FNDA:1,(anonymous_5)
FNDA:2,(anonymous_6)
FNDA:0,(anonymous_7)
FNDA:2,(anonymous_8)
FNDA:0,(anonymous_9)
FNDA:0,(anonymous_10)
FNDA:5,(anonymous_11)
FNDA:1,(anonymous_12)
FNDA:0,(anonymous_13)
FNDA:0,(anonymous_14)
FNDA:0,(anonymous_15)
FNDA:0,(anonymous_16)
FNDA:5,(anonymous_17)
FNDA:5,(anonymous_18)
FNDA:1,(anonymous_19)
FNDA:5,(anonymous_20)
FNDA:0,(anonymous_21)
FNDA:1,(anonymous_22)
FNDA:1,(anonymous_23)
FNDA:40,ControlButton
FNDA:18,PlayIcon
FNDA:1,PauseIcon
FNDA:10,SkipBackIcon
FNDA:10,SkipForwardIcon
FNDA:9,VolumeIcon
FNDA:1,VolumeOffIcon
FNDA:9,EnterFullscreenIcon
FNDA:1,ExitFullscreenIcon
DA:9,20
DA:10,20
DA:11,20
DA:12,20
DA:16,10
DA:17,10
DA:18,10
DA:19,10
DA:20,10
DA:21,10
DA:22,10
DA:23,10
DA:24,10
DA:26,10
DA:27,2
DA:28,2
DA:29,2
DA:30,0
DA:33,10
DA:34,1
DA:35,1
DA:36,1
DA:39,10
DA:40,1
DA:41,1
DA:42,1
DA:43,1
DA:44,1
DA:45,1
DA:46,1
DA:49,10
DA:50,2
DA:51,2
DA:52,2
DA:53,2
DA:54,2
DA:55,0
DA:56,0
DA:60,10
DA:61,0
DA:62,0
DA:63,0
DA:64,0
DA:65,0
DA:66,0
DA:70,10
DA:71,2
DA:72,2
DA:73,2
DA:74,1
DA:76,1
DA:80,10
DA:81,5
DA:82,5
DA:83,5
DA:84,5
DA:85,5
DA:86,5
DA:87,5
DA:88,5
DA:89,5
DA:90,5
DA:91,5
DA:92,5
DA:93,5
DA:94,5
DA:95,5
DA:96,5
DA:97,5
DA:98,5
DA:103,10
DA:104,5
DA:105,5
DA:106,5
DA:109,10
DA:111,10
DA:167,0
DA:173,1
DA:187,1
DA:212,40
DA:224,18
DA:231,1
DA:238,10
DA:245,10
DA:252,9
DA:259,1
DA:266,9
DA:273,1
LF:88
LH:78
BRDA:9,0,0,0
BRDA:9,0,1,20
BRDA:9,1,0,20
BRDA:9,1,1,20
BRDA:28,2,0,0
BRDA:28,2,1,2
BRDA:29,3,0,2
BRDA:29,3,1,0
BRDA:35,4,0,0
BRDA:35,4,1,1
BRDA:36,5,0,1
BRDA:36,5,1,1
BRDA:41,6,0,0
BRDA:41,6,1,1
BRDA:51,7,0,0
BRDA:51,7,1,2
BRDA:54,8,0,0
BRDA:54,8,1,2
BRDA:54,9,0,2
BRDA:54,9,1,1
BRDA:63,10,0,0
BRDA:63,10,1,0
BRDA:63,11,0,0
BRDA:63,11,1,0
BRDA:63,11,2,0
BRDA:72,12,0,0
BRDA:72,12,1,2
BRDA:73,13,0,1
BRDA:73,13,1,1
BRDA:82,14,0,0
BRDA:82,14,1,5
BRDA:109,15,0,0
BRDA:109,15,1,10
BRDA:122,16,0,10
BRDA:122,16,1,9
BRDA:137,17,0,1
BRDA:137,17,1,9
BRDA:140,18,0,1
BRDA:140,18,1,9
BRDA:170,19,0,1
BRDA:170,19,1,9
BRDA:171,20,0,1
BRDA:171,20,1,9
BRDA:178,21,0,1
BRDA:178,21,1,9
BRDA:179,22,0,1
BRDA:179,22,1,9
BRDA:179,23,0,10
BRDA:179,23,1,9
BRDA:186,24,0,1
BRDA:186,24,1,9
BRDA:223,25,0,9
BRF:52
BRH:37
end_of_record
TN:
SF:src\hooks\useInstallPWA.ts
FN:13,useInstallPWA
FN:17,(anonymous_1)
FN:22,(anonymous_2)
FN:25,(anonymous_3)
FN:32,(anonymous_4)
FN:38,install
FNF:6
FNH:3
FNDA:13,useInstallPWA
FNDA:6,(anonymous_1)
FNDA:0,(anonymous_2)
FNDA:0,(anonymous_3)
FNDA:6,(anonymous_4)
FNDA:0,install
DA:14,13
DA:15,13
DA:17,13
DA:19,6
DA:20,6
DA:22,6
DA:23,6
DA:25,6
DA:26,0
DA:27,0
DA:30,6
DA:32,6
DA:33,6
DA:34,6
DA:39,0
DA:40,0
DA:41,0
DA:42,0
DA:43,0
DA:47,13
LF:20
LH:13
BRDA:39,0,0,0
BRDA:39,0,1,0
BRDA:42,1,0,0
BRDA:42,1,1,0
BRDA:47,2,0,13
BRDA:47,2,1,0
BRF:6
BRH:1
end_of_record
TN:
SF:src\hooks\useOnlineStatus.ts
FN:6,useOnlineStatus
FN:9,(anonymous_1)
FN:10,(anonymous_2)
FN:11,(anonymous_3)
FN:16,(anonymous_4)
FNF:5
FNH:0
FNDA:0,useOnlineStatus
FNDA:0,(anonymous_1)
FNDA:0,(anonymous_2)
FNDA:0,(anonymous_3)
FNDA:0,(anonymous_4)
DA:7,0
DA:9,0
DA:10,0
DA:11,0
DA:13,0
DA:14,0
DA:16,0
DA:17,0
DA:18,0
DA:22,0
LF:10
LH:0
BRF:0
BRH:0
end_of_record
TN:
SF:src\hooks\useStreamRecorder.ts
FN:3,getSupportedMimeType
FN:9,(anonymous_1)
FN:12,useStreamRecorder
FN:16,(anonymous_3)
FN:23,(anonymous_4)
FN:30,(anonymous_5)
FN:38,(anonymous_6)
FN:39,(anonymous_7)
FN:47,(anonymous_8)
FN:51,(anonymous_9)
FNF:10
FNH:9
FNDA:3,getSupportedMimeType
FNDA:3,(anonymous_1)
FNDA:4,useStreamRecorder
FNDA:4,(anonymous_3)
FNDA:3,(anonymous_4)
FNDA:3,(anonymous_5)
FNDA:2,(anonymous_6)
FNDA:2,(anonymous_7)
FNDA:2,(anonymous_8)
FNDA:0,(anonymous_9)
DA:4,3
DA:9,3
DA:13,4
DA:14,4
DA:16,4
DA:17,4
DA:19,3
DA:20,3
DA:21,3
DA:23,3
DA:24,3
DA:27,3
DA:28,3
DA:30,3
DA:31,3
DA:32,3
DA:33,1
DA:38,4
DA:39,2
DA:40,2
DA:41,2
DA:42,1
DA:43,1
DA:44,1
DA:47,1
DA:48,2
DA:49,2
DA:51,1
DA:52,1
DA:56,4
LF:30
LH:30
BRDA:9,0,0,3
BRDA:9,0,1,0
BRDA:17,1,0,1
BRDA:17,1,1,3
BRDA:21,2,0,3
BRDA:21,2,1,0
BRDA:24,3,0,3
BRDA:24,3,1,0
BRDA:32,4,0,1
BRDA:32,4,1,2
BRDA:41,5,0,1
BRDA:41,5,1,1
BRDA:41,6,0,2
BRDA:41,6,1,2
BRDA:42,7,0,1
BRDA:42,7,1,0
BRDA:48,8,0,2
BRDA:48,8,1,0
BRDA:48,8,2,0
BRF:19
BRH:13
end_of_record
TN:
SF:src\pages\HomePage.tsx
FN:18,getDeterministicTag
FN:20,(anonymous_1)
FN:38,HomePage
FN:53,(anonymous_3)
FN:59,(anonymous_4)
FN:59,(anonymous_5)
FN:68,(anonymous_6)
FN:69,(anonymous_7)
FN:85,(anonymous_8)
FN:89,(anonymous_9)
FN:94,(anonymous_10)
FN:100,(anonymous_11)
FN:101,(anonymous_12)
FN:105,(anonymous_13)
FN:111,(anonymous_14)
FN:112,(anonymous_15)
FN:127,(anonymous_16)
FN:131,(anonymous_17)
FN:136,(anonymous_18)
FN:137,fetchTags
FN:143,(anonymous_20)
FN:156,handleGoLiveStart
FN:167,handleUploadVideo
FN:168,(anonymous_23)
FN:173,handleDeleteVideo
FN:174,(anonymous_25)
FN:174,(anonymous_26)
FN:178,(anonymous_27)
FN:190,(anonymous_28)
FN:209,(anonymous_29)
FN:216,(anonymous_30)
FN:219,(anonymous_31)
FN:273,(anonymous_32)
FN:308,(anonymous_33)
FN:331,(anonymous_34)
FN:352,(anonymous_35)
FN:356,(anonymous_36)
FNF:37
FNH:20
FNDA:0,getDeterministicTag
FNDA:0,(anonymous_1)
FNDA:19,HomePage
FNDA:6,(anonymous_3)
FNDA:0,(anonymous_4)
FNDA:0,(anonymous_5)
FNDA:6,(anonymous_6)
FNDA:6,(anonymous_7)
FNDA:6,(anonymous_8)
FNDA:0,(anonymous_9)
FNDA:1,(anonymous_10)
FNDA:1,(anonymous_11)
FNDA:2,(anonymous_12)
FNDA:1,(anonymous_13)
FNDA:0,(anonymous_14)
FNDA:0,(anonymous_15)
FNDA:0,(anonymous_16)
FNDA:6,(anonymous_17)
FNDA:6,(anonymous_18)
FNDA:6,fetchTags
FNDA:24,(anonymous_20)
FNDA:2,handleGoLiveStart
FNDA:0,handleUploadVideo
FNDA:0,(anonymous_23)
FNDA:0,handleDeleteVideo
FNDA:0,(anonymous_25)
FNDA:0,(anonymous_26)
FNDA:16,(anonymous_27)
FNDA:2,(anonymous_28)
FNDA:2,(anonymous_29)
FNDA:40,(anonymous_30)
FNDA:1,(anonymous_31)
FNDA:0,(anonymous_32)
FNDA:0,(anonymous_33)
FNDA:14,(anonymous_34)
FNDA:0,(anonymous_35)
FNDA:0,(anonymous_36)
DA:19,0
DA:20,0
DA:21,0
DA:23,0
DA:24,0
DA:27,0
DA:28,0
DA:29,0
DA:34,0
DA:35,0
DA:39,19
DA:40,19
DA:41,19
DA:42,19
DA:43,19
DA:44,19
DA:45,19
DA:47,19
DA:48,19
DA:49,19
DA:50,19
DA:51,19
DA:53,19
DA:54,6
DA:55,6
DA:57,0
DA:58,0
DA:59,0
DA:60,0
DA:61,0
DA:62,0
DA:63,0
DA:64,0
DA:68,19
DA:69,6
DA:70,6
DA:71,6
DA:72,6
DA:73,6
DA:74,6
DA:76,0
DA:78,6
DA:82,6
DA:85,19
DA:86,6
DA:87,6
DA:89,6
DA:90,0
DA:91,0
DA:94,6
DA:95,1
DA:96,1
DA:97,1
DA:98,1
DA:100,1
DA:101,2
DA:102,0
DA:105,1
DA:106,1
DA:107,1
DA:108,1
DA:111,1
DA:112,0
DA:113,0
DA:114,0
DA:115,0
DA:119,1
DA:123,0
DA:127,6
DA:128,0
DA:131,6
DA:132,6
DA:136,19
DA:138,6
DA:139,6
DA:140,6
DA:141,6
DA:142,6
DA:143,24
DA:144,6
DA:145,6
DA:149,0
DA:151,0
DA:153,6
DA:157,2
DA:158,1
DA:159,1
DA:160,1
DA:162,1
DA:163,1
DA:164,1
DA:168,0
DA:169,0
DA:170,0
DA:174,0
DA:175,0
DA:178,19
DA:179,16
DA:180,2
DA:181,2
DA:182,2
DA:183,2
DA:184,1
DA:188,15
DA:189,2
DA:190,2
DA:191,2
DA:192,1
DA:195,0
DA:196,0
DA:197,0
DA:202,14
DA:205,19
DA:209,2
DA:217,40
DA:219,1
DA:273,0
DA:309,0
DA:310,0
DA:332,14
DA:352,0
DA:356,0
LF:122
LH:79
BRDA:19,0,0,0
BRDA:19,0,1,0
BRDA:21,1,0,0
BRDA:21,1,1,0
BRDA:24,2,0,0
BRDA:24,2,1,0
BRDA:28,3,0,0
BRDA:28,3,1,0
BRDA:28,4,0,0
BRDA:28,4,1,0
BRDA:50,5,0,19
BRDA:50,5,1,17
BRDA:55,6,0,6
BRDA:55,6,1,0
BRDA:57,7,0,0
BRDA:57,7,1,0
BRDA:59,8,0,0
BRDA:59,8,1,0
BRDA:62,9,0,0
BRDA:62,9,1,0
BRDA:76,10,0,0
BRDA:76,10,1,0
BRDA:97,11,0,1
BRDA:97,11,1,0
BRDA:97,12,0,1
BRDA:97,12,1,1
BRDA:101,13,0,0
BRDA:101,13,1,1
BRDA:140,14,0,6
BRDA:140,14,1,0
BRDA:142,15,0,6
BRDA:142,15,1,0
BRDA:142,16,0,6
BRDA:142,16,1,6
BRDA:157,17,0,1
BRDA:157,17,1,1
BRDA:179,18,0,2
BRDA:179,18,1,14
BRDA:182,19,0,2
BRDA:182,19,1,0
BRDA:183,20,0,1
BRDA:183,20,1,1
BRDA:183,21,0,2
BRDA:183,21,1,2
BRDA:188,22,0,2
BRDA:188,22,1,13
BRDA:189,23,0,2
BRDA:189,23,1,0
BRDA:189,24,0,2
BRDA:189,24,1,2
BRDA:191,25,0,1
BRDA:191,25,1,1
BRDA:196,26,0,0
BRDA:196,26,1,0
BRDA:221,27,0,19
BRDA:221,27,1,21
BRDA:235,28,0,19
BRDA:235,28,1,12
BRDA:242,29,0,19
BRDA:242,29,1,0
BRDA:250,30,0,19
BRDA:250,30,1,7
BRDA:250,30,2,0
BRDA:250,30,3,0
BRDA:283,31,0,19
BRDA:283,31,1,7
BRDA:283,31,2,7
BRDA:283,31,3,0
BRDA:321,32,0,19
BRDA:321,32,1,7
BRDA:321,32,2,7
BRDA:326,33,0,2
BRDA:326,33,1,5
BRDA:335,34,0,2
BRDA:335,34,1,12
BRDA:341,35,0,14
BRDA:341,35,1,14
BRDA:351,36,0,19
BRDA:351,36,1,4
BRDA:355,37,0,19
BRDA:355,37,1,0
BRF:81
BRH:49
end_of_record
TN:
SF:src\pages\LivePage.tsx
FN:15,LivePage
FN:27,(anonymous_1)
FN:34,(anonymous_2)
FN:38,(anonymous_3)
FN:62,(anonymous_4)
FN:69,(anonymous_5)
FN:75,(anonymous_6)
FN:77,(anonymous_7)
FN:80,(anonymous_8)
FN:81,(anonymous_9)
FN:81,(anonymous_10)
FN:85,(anonymous_11)
FN:86,(anonymous_12)
FN:86,(anonymous_13)
FN:87,(anonymous_14)
FN:91,(anonymous_15)
FN:92,(anonymous_16)
FN:93,(anonymous_17)
FN:95,(anonymous_18)
FN:98,handleEnd
FN:102,formatDuration
FN:194,(anonymous_21)
FN:220,Stat
FN:229,HealthRow
FN:244,StopIcon
FNF:25
FNH:19
FNDA:5,LivePage
FNDA:4,(anonymous_1)
FNDA:4,(anonymous_2)
FNDA:1,(anonymous_3)
FNDA:0,(anonymous_4)
FNDA:1,(anonymous_5)
FNDA:4,(anonymous_6)
FNDA:0,(anonymous_7)
FNDA:3,(anonymous_8)
FNDA:3,(anonymous_9)
FNDA:3,(anonymous_10)
FNDA:4,(anonymous_11)
FNDA:0,(anonymous_12)
FNDA:0,(anonymous_13)
FNDA:4,(anonymous_14)
FNDA:4,(anonymous_15)
FNDA:0,(anonymous_16)
FNDA:0,(anonymous_17)
FNDA:4,(anonymous_18)
FNDA:1,handleEnd
FNDA:8,formatDuration
FNDA:4,(anonymous_21)
FNDA:8,Stat
FNDA:8,HealthRow
FNDA:4,StopIcon
DA:16,5
DA:17,5
DA:18,5
DA:19,5
DA:20,5
DA:21,5
DA:22,5
DA:24,5
DA:27,5
DA:28,4
DA:29,3
DA:34,5
DA:35,4
DA:38,5
DA:39,1
DA:40,1
DA:41,1
DA:42,1
DA:46,1
DA:47,1
DA:48,0
DA:51,1
DA:52,1
DA:53,1
DA:54,1
DA:57,0
DA:58,0
DA:59,0
DA:60,0
DA:61,0
DA:62,0
DA:63,0
DA:64,0
DA:66,0
DA:69,1
DA:70,1
DA:71,1
DA:75,5
DA:76,4
DA:77,3
DA:78,0
DA:80,3
DA:81,3
DA:85,5
DA:86,4
DA:87,4
DA:91,5
DA:92,4
DA:93,0
DA:95,4
DA:99,1
DA:103,8
DA:104,8
DA:105,8
DA:106,8
DA:107,8
DA:110,5
DA:112,4
DA:195,4
DA:221,8
DA:230,8
DA:245,4
LF:62
LH:50
BRDA:28,0,0,3
BRDA:28,0,1,1
BRDA:28,1,0,4
BRDA:28,1,1,3
BRDA:35,2,0,1
BRDA:35,2,1,3
BRDA:39,3,0,0
BRDA:39,3,1,1
BRDA:39,4,0,1
BRDA:39,4,1,1
BRDA:47,5,0,0
BRDA:47,5,1,1
BRDA:52,6,0,1
BRDA:52,6,1,0
BRDA:57,7,0,0
BRDA:57,7,1,0
BRDA:61,8,0,0
BRDA:61,8,1,0
BRDA:71,9,0,1
BRDA:71,9,1,0
BRDA:76,10,0,1
BRDA:76,10,1,3
BRDA:106,11,0,0
BRDA:106,11,1,8
BRDA:110,12,0,1
BRDA:110,12,1,4
BRDA:114,13,0,4
BRDA:114,13,1,1
BRDA:124,14,0,4
BRDA:124,14,1,0
BRDA:186,15,0,0
BRDA:186,15,1,4
BRDA:198,16,0,4
BRDA:198,16,1,0
BRDA:224,17,0,4
BRDA:224,17,1,4
BRDA:235,18,0,4
BRDA:235,18,1,4
BRDA:238,19,0,4
BRDA:238,19,1,4
BRF:40
BRH:28
end_of_record
TN:
SF:src\pages\LoginPage.tsx
FN:6,LoginPage
FN:15,handleSubmit
FN:57,(anonymous_2)
FN:72,(anonymous_3)
FNF:4
FNH:4
FNDA:12,LoginPage
FNDA:2,handleSubmit
FNDA:2,(anonymous_2)
FNDA:2,(anonymous_3)
DA:7,12
DA:8,12
DA:9,12
DA:10,12
DA:11,12
DA:12,12
DA:13,12
DA:16,2
DA:17,2
DA:18,2
DA:20,2
DA:21,2
DA:22,1
DA:23,1
DA:24,1
DA:25,1
DA:29,1
DA:31,1
DA:33,2
DA:37,12
DA:57,2
DA:72,2
LF:22
LH:22
BRDA:31,0,0,1
BRDA:31,0,1,0
BRDA:79,1,0,12
BRDA:79,1,1,1
BRDA:85,2,0,12
BRDA:85,2,1,1
BRDA:96,3,0,2
BRDA:96,3,1,10
BRF:8
BRH:7
end_of_record
TN:
SF:src\pages\PlaylistDetailPage.tsx
FN:8,PlaylistDetailPage
FN:17,(anonymous_1)
FN:30,(anonymous_2)
FN:31,(anonymous_3)
FN:34,handleRemoveVideo
FN:40,(anonymous_5)
FN:44,(anonymous_6)
FN:124,(anonymous_7)
FN:149,PlaylistVideoCard
FN:150,(anonymous_9)
FN:150,(anonymous_10)
FN:151,(anonymous_11)
FN:167,(anonymous_12)
FN:168,(anonymous_13)
FN:190,(anonymous_14)
FN:217,EmptyState
FN:248,ChevronLeftIcon
FN:264,PlaylistHeaderIcon
FN:285,RemoveIcon
FNF:19
FNH:0
FNDA:0,PlaylistDetailPage
FNDA:0,(anonymous_1)
FNDA:0,(anonymous_2)
FNDA:0,(anonymous_3)
FNDA:0,handleRemoveVideo
FNDA:0,(anonymous_5)
FNDA:0,(anonymous_6)
FNDA:0,(anonymous_7)
FNDA:0,PlaylistVideoCard
FNDA:0,(anonymous_9)
FNDA:0,(anonymous_10)
FNDA:0,(anonymous_11)
FNDA:0,(anonymous_12)
FNDA:0,(anonymous_13)
FNDA:0,(anonymous_14)
FNDA:0,EmptyState
FNDA:0,ChevronLeftIcon
FNDA:0,PlaylistHeaderIcon
FNDA:0,RemoveIcon
DA:9,0
DA:10,0
DA:12,0
DA:13,0
DA:14,0
DA:15,0
DA:17,0
DA:18,0
DA:19,0
DA:20,0
DA:22,0
DA:23,0
DA:24,0
DA:25,0
DA:27,0
DA:30,0
DA:31,0
DA:35,0
DA:36,0
DA:37,0
DA:38,0
DA:39,0
DA:40,0
DA:41,0
DA:44,0
DA:50,0
DA:52,0
DA:56,0
DA:125,0
DA:150,0
DA:151,0
DA:152,0
DA:153,0
DA:156,0
DA:167,0
DA:168,0
DA:190,0
DA:218,0
DA:249,0
DA:265,0
DA:286,0
LF:41
LH:0
BRDA:18,0,0,0
BRDA:18,0,1,0
BRDA:22,1,0,0
BRDA:22,1,1,0
BRDA:30,2,0,0
BRDA:30,2,1,0
BRDA:35,3,0,0
BRDA:35,3,1,0
BRDA:36,4,0,0
BRDA:36,4,1,0
BRDA:41,5,0,0
BRDA:41,5,1,0
BRDA:50,6,0,0
BRDA:50,6,1,0
BRDA:71,7,0,0
BRDA:71,7,1,0
BRDA:78,8,0,0
BRDA:78,8,1,0
BRDA:78,8,2,0
BRDA:86,9,0,0
BRDA:86,9,1,0
BRDA:86,9,2,0
BRDA:97,10,0,0
BRDA:97,10,1,0
BRDA:103,11,0,0
BRDA:103,11,1,0
BRDA:104,12,0,0
BRDA:104,12,1,0
BRDA:120,13,0,0
BRDA:120,13,1,0
BRDA:162,14,0,0
BRDA:162,14,1,0
BRDA:196,15,0,0
BRDA:196,15,1,0
BRF:34
BRH:0
end_of_record
TN:
SF:src\pages\PlaylistsPage.tsx
FN:8,PlaylistsPage
FN:24,(anonymous_1)
FN:32,(anonymous_2)
FN:33,(anonymous_3)
FN:36,handleCreate
FN:46,(anonymous_5)
FN:57,handleDelete
FN:64,(anonymous_7)
FN:64,(anonymous_8)
FN:89,(anonymous_9)
FN:89,(anonymous_10)
FN:116,(anonymous_11)
FN:129,(anonymous_12)
FN:156,(anonymous_13)
FN:197,(anonymous_14)
FN:208,(anonymous_15)
FN:238,PlaylistCard
FN:267,(anonymous_17)
FN:284,PlusIcon
FN:300,PlaylistPlusIcon
FN:323,PlaylistBigIcon
FN:342,EmptyPlaylistIcon
FN:363,TrashSmallIcon
FNF:23
FNH:0
FNDA:0,PlaylistsPage
FNDA:0,(anonymous_1)
FNDA:0,(anonymous_2)
FNDA:0,(anonymous_3)
FNDA:0,handleCreate
FNDA:0,(anonymous_5)
FNDA:0,handleDelete
FNDA:0,(anonymous_7)
FNDA:0,(anonymous_8)
FNDA:0,(anonymous_9)
FNDA:0,(anonymous_10)
FNDA:0,(anonymous_11)
FNDA:0,(anonymous_12)
FNDA:0,(anonymous_13)
FNDA:0,(anonymous_14)
FNDA:0,(anonymous_15)
FNDA:0,PlaylistCard
FNDA:0,(anonymous_17)
FNDA:0,PlusIcon
FNDA:0,PlaylistPlusIcon
FNDA:0,PlaylistBigIcon
FNDA:0,EmptyPlaylistIcon
FNDA:0,TrashSmallIcon
DA:9,0
DA:10,0
DA:11,0
DA:12,0
DA:15,0
DA:16,0
DA:17,0
DA:18,0
DA:19,0
DA:22,0
DA:24,0
DA:25,0
DA:26,0
DA:27,0
DA:29,0
DA:32,0
DA:33,0
DA:37,0
DA:38,0
DA:39,0
DA:40,0
DA:41,0
DA:42,0
DA:46,0
DA:47,0
DA:48,0
DA:49,0
DA:51,0
DA:53,0
DA:58,0
DA:59,0
DA:60,0
DA:61,0
DA:62,0
DA:63,0
DA:64,0
DA:66,0
DA:68,0
DA:72,0
DA:89,0
DA:116,0
DA:129,0
DA:157,0
DA:158,0
DA:159,0
DA:160,0
DA:197,0
DA:209,0
DA:239,0
DA:267,0
DA:285,0
DA:301,0
DA:324,0
DA:343,0
DA:364,0
LF:55
LH:0
BRDA:25,0,0,0
BRDA:25,0,1,0
BRDA:32,1,0,0
BRDA:32,1,1,0
BRDA:38,2,0,0
BRDA:38,2,1,0
BRDA:44,3,0,0
BRDA:44,3,1,0
BRDA:51,4,0,0
BRDA:51,4,1,0
BRDA:60,5,0,0
BRDA:60,5,1,0
BRDA:66,6,0,0
BRDA:66,6,1,0
BRDA:98,7,0,0
BRDA:98,7,1,0
BRDA:136,8,0,0
BRDA:136,8,1,0
BRDA:142,9,0,0
BRDA:142,9,1,0
BRDA:145,10,0,0
BRDA:145,10,1,0
BRDA:172,11,0,0
BRDA:172,11,1,0
BRDA:179,12,0,0
BRDA:179,12,1,0
BRDA:179,12,2,0
BRDA:187,13,0,0
BRDA:187,13,1,0
BRDA:187,13,2,0
BRDA:187,13,3,0
BRDA:206,14,0,0
BRDA:206,14,1,0
BRDA:206,14,2,0
BRDA:206,14,3,0
BRDA:249,15,0,0
BRDA:249,15,1,0
BRDA:258,16,0,0
BRDA:258,16,1,0
BRDA:272,17,0,0
BRDA:272,17,1,0
BRF:41
BRH:0
end_of_record
TN:
SF:src\pages\ProfilePage.tsx
FN:10,ProfilePage
FN:23,(anonymous_1)
FN:31,(anonymous_2)
FN:35,(anonymous_3)
FN:41,(anonymous_4)
FN:45,(anonymous_5)
FN:58,(anonymous_6)
FN:63,(anonymous_7)
FN:64,(anonymous_8)
FN:67,handleSaveProfile
FN:85,handleDeleteVideo
FN:88,(anonymous_11)
FN:92,(anonymous_12)
FN:135,(anonymous_13)
FN:142,(anonymous_14)
FN:156,(anonymous_15)
FN:178,(anonymous_16)
FN:203,(anonymous_17)
FNF:18
FNH:0
FNDA:0,ProfilePage
FNDA:0,(anonymous_1)
FNDA:0,(anonymous_2)
FNDA:0,(anonymous_3)
FNDA:0,(anonymous_4)
FNDA:0,(anonymous_5)
FNDA:0,(anonymous_6)
FNDA:0,(anonymous_7)
FNDA:0,(anonymous_8)
FNDA:0,handleSaveProfile
FNDA:0,handleDeleteVideo
FNDA:0,(anonymous_11)
FNDA:0,(anonymous_12)
FNDA:0,(anonymous_13)
FNDA:0,(anonymous_14)
FNDA:0,(anonymous_15)
FNDA:0,(anonymous_16)
FNDA:0,(anonymous_17)
DA:11,0
DA:12,0
DA:13,0
DA:14,0
DA:15,0
DA:16,0
DA:17,0
DA:18,0
DA:19,0
DA:20,0
DA:21,0
DA:23,0
DA:24,0
DA:25,0
DA:26,0
DA:27,0
DA:29,0
DA:32,0
DA:33,0
DA:36,0
DA:37,0
DA:41,0
DA:42,0
DA:45,0
DA:46,0
DA:47,0
DA:48,0
DA:49,0
DA:53,0
DA:57,0
DA:59,0
DA:60,0
DA:61,0
DA:63,0
DA:64,0
DA:68,0
DA:69,0
DA:70,0
DA:71,0
DA:72,0
DA:76,0
DA:77,0
DA:79,0
DA:81,0
DA:86,0
DA:87,0
DA:88,0
DA:89,0
DA:92,0
DA:98,0
DA:102,0
DA:104,0
DA:135,0
DA:142,0
DA:157,0
DA:158,0
DA:159,0
DA:160,0
DA:178,0
DA:204,0
LF:60
LH:0
BRDA:24,0,0,0
BRDA:24,0,1,0
BRDA:33,1,0,0
BRDA:33,1,1,0
BRDA:42,2,0,0
BRDA:42,2,1,0
BRDA:46,3,0,0
BRDA:46,3,1,0
BRDA:53,4,0,0
BRDA:53,4,1,0
BRDA:63,5,0,0
BRDA:63,5,1,0
BRDA:68,6,0,0
BRDA:68,6,1,0
BRDA:68,7,0,0
BRDA:68,7,1,0
BRDA:68,7,2,0
BRDA:79,8,0,0
BRDA:79,8,1,0
BRDA:89,9,0,0
BRDA:89,9,1,0
BRDA:102,10,0,0
BRDA:102,10,1,0
BRDA:109,11,0,0
BRDA:109,11,1,0
BRDA:115,12,0,0
BRDA:115,12,1,0
BRDA:121,13,0,0
BRDA:121,13,1,0
BRDA:121,13,2,0
BRDA:130,14,0,0
BRDA:130,14,1,0
BRDA:146,15,0,0
BRDA:146,15,1,0
BRDA:150,16,0,0
BRDA:150,16,1,0
BRDA:153,17,0,0
BRDA:153,17,1,0
BRDA:174,18,0,0
BRDA:174,18,1,0
BRDA:176,19,0,0
BRDA:176,19,1,0
BRDA:192,20,0,0
BRDA:192,20,1,0
BRDA:195,21,0,0
BRDA:195,21,1,0
BRDA:208,22,0,0
BRDA:208,22,1,0
BRF:48
BRH:0
end_of_record
TN:
SF:src\pages\RegisterPage.tsx
FN:10,RegisterPage
FN:20,handleSubmit
FN:65,(anonymous_2)
FN:80,(anonymous_3)
FN:95,(anonymous_4)
FN:110,(anonymous_5)
FN:125,(anonymous_6)
FNF:7
FNH:7
FNDA:19,RegisterPage
FNDA:2,handleSubmit
FNDA:2,(anonymous_2)
FNDA:2,(anonymous_3)
FNDA:2,(anonymous_4)
FNDA:3,(anonymous_5)
FNDA:3,(anonymous_6)
DA:6,1
DA:8,1
DA:11,19
DA:12,19
DA:13,19
DA:14,19
DA:15,19
DA:16,19
DA:17,19
DA:18,19
DA:21,2
DA:22,2
DA:24,2
DA:25,1
DA:26,1
DA:28,1
DA:29,0
DA:30,0
DA:33,1
DA:35,1
DA:36,1
DA:37,1
DA:39,0
DA:41,1
DA:45,19
DA:65,2
DA:80,2
DA:95,2
DA:110,3
DA:125,3
LF:30
LH:27
BRDA:24,0,0,1
BRDA:24,0,1,1
BRDA:28,1,0,0
BRDA:28,1,1,1
BRDA:39,2,0,0
BRDA:39,2,1,0
BRDA:132,3,0,19
BRDA:132,3,1,1
BRDA:143,4,0,1
BRDA:143,4,1,18
BRF:10
BRH:7
end_of_record
TN:
SF:src\pages\VideoPage.tsx
FN:8,VideoPage
FN:21,(anonymous_1)
FN:27,(anonymous_2)
FN:43,(anonymous_3)
FN:48,(anonymous_4)
FN:51,(anonymous_5)
FN:59,(anonymous_6)
FN:65,(anonymous_7)
FN:170,(anonymous_8)
FN:177,(anonymous_9)
FN:195,(anonymous_10)
FN:216,ChevronLeftIcon
FN:233,ThumbUpIcon
FNF:13
FNH:11
FNDA:13,VideoPage
FNDA:4,(anonymous_1)
FNDA:4,(anonymous_2)
FNDA:7,(anonymous_3)
FNDA:0,(anonymous_4)
FNDA:1,(anonymous_5)
FNDA:1,(anonymous_6)
FNDA:1,(anonymous_7)
FNDA:1,(anonymous_8)
FNDA:0,(anonymous_9)
FNDA:6,(anonymous_10)
FNDA:9,ChevronLeftIcon
FNDA:8,ThumbUpIcon
DA:9,13
DA:11,13
DA:12,13
DA:13,13
DA:15,13
DA:16,13
DA:17,13
DA:18,13
DA:21,13
DA:22,4
DA:23,0
DA:24,0
DA:25,0
DA:27,4
DA:28,4
DA:29,4
DA:30,4
DA:31,4
DA:32,3
DA:34,1
DA:36,4
DA:39,4
DA:43,13
DA:44,7
DA:45,3
DA:51,13
DA:52,1
DA:53,1
DA:54,1
DA:55,1
DA:59,13
DA:60,1
DA:61,1
DA:62,1
DA:63,1
DA:64,1
DA:65,1
DA:66,1
DA:68,1
DA:71,13
DA:72,4
DA:82,9
DA:83,1
DA:103,8
DA:105,8
DA:170,1
DA:177,0
DA:196,6
DA:217,9
DA:234,8
LF:50
LH:46
BRDA:22,0,0,0
BRDA:22,0,1,4
BRDA:34,1,0,1
BRDA:34,1,1,0
BRDA:44,2,0,4
BRDA:44,2,1,3
BRDA:52,3,0,0
BRDA:52,3,1,1
BRDA:52,4,0,1
BRDA:52,4,1,1
BRDA:61,5,0,0
BRDA:61,5,1,1
BRDA:61,6,0,1
BRDA:61,6,1,1
BRDA:61,6,2,1
BRDA:71,7,0,4
BRDA:71,7,1,9
BRDA:82,8,0,1
BRDA:82,8,1,8
BRDA:82,9,0,9
BRDA:82,9,1,8
BRDA:96,10,0,1
BRDA:96,10,1,0
BRDA:103,11,0,8
BRDA:103,11,1,8
BRDA:131,12,0,1
BRDA:131,12,1,7
BRDA:137,13,0,1
BRDA:137,13,1,7
BRDA:161,14,0,4
BRDA:161,14,1,4
BRDA:184,15,0,8
BRDA:184,15,1,2
BRDA:237,16,0,1
BRDA:237,16,1,7
BRF:35
BRH:30
end_of_record
TN:
SF:src\pages\WatchVideoPage.tsx
FN:11,formatDate
FN:22,(anonymous_1)
FN:30,WatchVideoPage
FN:51,(anonymous_3)
FN:58,(anonymous_4)
FN:76,(anonymous_5)
FN:81,(anonymous_6)
FN:85,(anonymous_7)
FN:87,handleOutside
FN:93,(anonymous_9)
FN:96,(anonymous_10)
FN:104,(anonymous_11)
FN:110,(anonymous_12)
FN:116,handleDelete
FN:203,(anonymous_14)
FN:229,(anonymous_15)
FN:229,(anonymous_16)
FN:242,(anonymous_17)
FN:295,(anonymous_18)
FN:302,(anonymous_19)
FN:320,(anonymous_20)
FN:341,(anonymous_21)
FN:345,(anonymous_22)
FN:352,ChevronLeftIcon
FN:369,PencilIcon
FN:387,TrashIcon
FN:407,ThumbUpIcon
FN:422,DotsVerticalIcon
FNF:28
FNH:17
FNDA:11,formatDate
FNDA:55,(anonymous_1)
FNDA:16,WatchVideoPage
FNDA:5,(anonymous_3)
FNDA:5,(anonymous_4)
FNDA:10,(anonymous_5)
FNDA:0,(anonymous_6)
FNDA:5,(anonymous_7)
FNDA:0,handleOutside
FNDA:0,(anonymous_9)
FNDA:1,(anonymous_10)
FNDA:1,(anonymous_11)
FNDA:1,(anonymous_12)
FNDA:1,handleDelete
FNDA:0,(anonymous_14)
FNDA:0,(anonymous_15)
FNDA:0,(anonymous_16)
FNDA:0,(anonymous_17)
FNDA:1,(anonymous_18)
FNDA:0,(anonymous_19)
FNDA:13,(anonymous_20)
FNDA:0,(anonymous_21)
FNDA:0,(anonymous_22)
FNDA:11,ChevronLeftIcon
FNDA:3,PencilIcon
FNDA:2,TrashIcon
FNDA:11,ThumbUpIcon
FNDA:0,DotsVerticalIcon
DA:12,11
DA:15,11
DA:18,11
DA:20,11
DA:22,55
DA:24,11
DA:31,16
DA:32,16
DA:33,16
DA:34,16
DA:35,16
DA:36,16
DA:37,16
DA:38,16
DA:39,16
DA:40,16
DA:41,16
DA:44,16
DA:45,16
DA:47,16
DA:48,16
DA:49,16
DA:51,16
DA:52,5
DA:53,0
DA:54,0
DA:55,0
DA:58,5
DA:59,5
DA:60,5
DA:61,5
DA:62,5
DA:63,5
DA:65,0
DA:66,0
DA:68,5
DA:72,5
DA:76,16
DA:77,10
DA:78,5
DA:85,16
DA:86,5
DA:88,0
DA:89,0
DA:92,0
DA:93,0
DA:96,16
DA:97,1
DA:98,1
DA:99,1
DA:100,1
DA:104,16
DA:105,1
DA:106,1
DA:107,1
DA:108,1
DA:109,1
DA:110,1
DA:111,1
DA:113,1
DA:117,1
DA:118,1
DA:119,1
DA:120,1
DA:121,1
DA:123,0
DA:124,0
DA:128,16
DA:129,5
DA:139,11
DA:140,0
DA:160,11
DA:162,11
DA:203,0
DA:229,0
DA:242,0
DA:295,1
DA:302,0
DA:321,13
DA:342,0
DA:343,0
DA:345,0
DA:353,11
DA:370,3
DA:388,2
DA:408,11
DA:423,0
LF:87
LH:67
BRDA:12,0,0,0
BRDA:12,0,1,11
BRDA:20,1,0,0
BRDA:20,1,1,11
BRDA:49,2,0,16
BRDA:49,2,1,13
BRDA:49,2,2,9
BRDA:52,3,0,0
BRDA:52,3,1,5
BRDA:65,4,0,0
BRDA:65,4,1,0
BRDA:77,5,0,5
BRDA:77,5,1,5
BRDA:86,6,0,5
BRDA:86,6,1,0
BRDA:88,7,0,0
BRDA:88,7,1,0
BRDA:88,8,0,0
BRDA:88,8,1,0
BRDA:97,9,0,0
BRDA:97,9,1,1
BRDA:97,10,0,1
BRDA:97,10,1,1
BRDA:106,11,0,0
BRDA:106,11,1,1
BRDA:106,12,0,1
BRDA:106,12,1,1
BRDA:106,12,2,1
BRDA:117,13,0,0
BRDA:117,13,1,1
BRDA:117,14,0,1
BRDA:117,14,1,1
BRDA:123,15,0,0
BRDA:123,15,1,0
BRDA:128,16,0,5
BRDA:128,16,1,11
BRDA:139,17,0,0
BRDA:139,17,1,11
BRDA:139,18,0,11
BRDA:139,18,1,11
BRDA:153,19,0,0
BRDA:153,19,1,0
BRDA:160,20,0,11
BRDA:160,20,1,11
BRDA:190,21,0,1
BRDA:190,21,1,10
BRDA:196,22,0,1
BRDA:196,22,1,10
BRDA:200,23,0,11
BRDA:200,23,1,3
BRDA:214,24,0,1
BRDA:214,24,1,2
BRDA:225,25,0,11
BRDA:225,25,1,0
BRDA:239,26,0,0
BRDA:239,26,1,0
BRDA:257,27,0,3
BRDA:257,27,1,8
BRDA:273,28,0,11
BRDA:273,28,1,11
BRDA:284,29,0,11
BRDA:284,29,1,0
BRDA:290,30,0,11
BRDA:290,30,1,2
BRDA:309,31,0,11
BRDA:309,31,1,2
BRDA:338,32,0,11
BRDA:338,32,1,0
BRDA:411,33,0,1
BRDA:411,33,1,10
BRF:70
BRH:47
end_of_record
TN:
SF:src\services\authService.ts
FN:6,(anonymous_0)
FN:24,(anonymous_1)
FN:41,(anonymous_2)
FN:46,(anonymous_3)
FN:50,(anonymous_4)
FN:54,(anonymous_5)
FN:64,(anonymous_6)
FN:69,(anonymous_7)
FN:75,(anonymous_8)
FN:79,(anonymous_9)
FN:100,(anonymous_10)
FNF:11
FNH:11
FNDA:2,(anonymous_0)
FNDA:1,(anonymous_1)
FNDA:4,(anonymous_2)
FNDA:10,(anonymous_3)
FNDA:3,(anonymous_4)
FNDA:4,(anonymous_5)
FNDA:3,(anonymous_6)
FNDA:2,(anonymous_7)
FNDA:2,(anonymous_8)
FNDA:2,(anonymous_9)
FNDA:1,(anonymous_10)
DA:3,7
DA:7,2
DA:16,2
DA:17,1
DA:18,1
DA:21,1
DA:25,1
DA:33,1
DA:34,0
DA:35,0
DA:38,1
DA:42,4
DA:43,4
DA:47,10
DA:51,3
DA:55,4
DA:56,4
DA:57,2
DA:58,2
DA:60,0
DA:65,3
DA:66,3
DA:70,2
DA:71,2
DA:72,1
DA:76,2
DA:80,2
DA:81,2
DA:83,2
DA:84,2
DA:86,2
DA:92,2
DA:93,1
DA:94,1
DA:97,1
DA:101,1
DA:105,1
LF:37
LH:34
BRDA:16,0,0,1
BRDA:16,0,1,1
BRDA:18,1,0,1
BRDA:18,1,1,0
BRDA:18,1,2,0
BRDA:33,2,0,0
BRDA:33,2,1,1
BRDA:35,3,0,0
BRDA:35,3,1,0
BRDA:35,3,2,0
BRDA:42,4,0,0
BRDA:42,4,1,4
BRDA:56,5,0,2
BRDA:56,5,1,2
BRDA:71,6,0,1
BRDA:71,6,1,1
BRDA:76,7,0,2
BRDA:76,7,1,1
BRDA:79,8,0,1
BRDA:81,9,0,2
BRDA:81,9,1,0
BRDA:84,10,0,2
BRDA:84,10,1,0
BRDA:92,11,0,1
BRDA:92,11,1,1
BRF:25
BRH:16
end_of_record
TN:
SF:src\services\playlistService.ts
FN:8,mapPlaylist
FN:21,(anonymous_1)
FN:24,(anonymous_2)
FN:32,(anonymous_3)
FN:37,(anonymous_4)
FN:44,(anonymous_5)
FN:54,(anonymous_6)
FN:61,(anonymous_7)
FN:71,(anonymous_8)
FN:77,(anonymous_9)
FN:83,(anonymous_10)
FN:89,(anonymous_11)
FN:95,(anonymous_12)
FNF:13
FNH:0
FNDA:0,mapPlaylist
FNDA:0,(anonymous_1)
FNDA:0,(anonymous_2)
FNDA:0,(anonymous_3)
FNDA:0,(anonymous_4)
FNDA:0,(anonymous_5)
FNDA:0,(anonymous_6)
FNDA:0,(anonymous_7)
FNDA:0,(anonymous_8)
FNDA:0,(anonymous_9)
FNDA:0,(anonymous_10)
FNDA:0,(anonymous_11)
FNDA:0,(anonymous_12)
DA:5,1
DA:9,0
DA:22,0
DA:23,0
DA:24,0
DA:25,0
DA:27,0
DA:28,0
DA:33,0
DA:36,0
DA:37,0
DA:38,0
DA:40,0
DA:45,0
DA:46,0
DA:48,0
DA:53,0
DA:54,0
DA:55,0
DA:57,0
DA:62,0
DA:70,0
DA:71,0
DA:72,0
DA:78,0
DA:82,0
DA:83,0
DA:84,0
DA:90,0
DA:94,0
DA:95,0
DA:96,0
LF:32
LH:1
BRDA:12,0,0,0
BRDA:12,0,1,0
BRDA:13,1,0,0
BRDA:13,1,1,0
BRDA:13,2,0,0
BRDA:13,2,1,0
BRDA:14,3,0,0
BRDA:14,3,1,0
BRDA:15,4,0,0
BRDA:15,4,1,0
BRDA:23,5,0,0
BRDA:23,5,1,0
BRDA:25,6,0,0
BRDA:25,6,1,0
BRDA:28,7,0,0
BRDA:28,7,1,0
BRDA:36,8,0,0
BRDA:36,8,1,0
BRDA:38,9,0,0
BRDA:38,9,1,0
BRDA:46,10,0,0
BRDA:46,10,1,0
BRDA:53,11,0,0
BRDA:53,11,1,0
BRDA:55,12,0,0
BRDA:55,12,1,0
BRDA:70,13,0,0
BRDA:70,13,1,0
BRDA:72,14,0,0
BRDA:72,14,1,0
BRDA:82,15,0,0
BRDA:82,15,1,0
BRDA:84,16,0,0
BRDA:84,16,1,0
BRDA:94,17,0,0
BRDA:94,17,1,0
BRDA:96,18,0,0
BRDA:96,18,1,0
BRF:38
BRH:0
end_of_record
TN:
SF:src\services\userService.ts
FN:7,mapProfile
FN:19,(anonymous_1)
FN:22,(anonymous_2)
FN:38,(anonymous_3)
FN:43,(anonymous_4)
FN:49,(anonymous_5)
FN:59,(anonymous_6)
FN:76,(anonymous_7)
FN:83,(anonymous_8)
FNF:9
FNH:1
FNDA:0,mapProfile
FNDA:1,(anonymous_1)
FNDA:0,(anonymous_2)
FNDA:0,(anonymous_3)
FNDA:0,(anonymous_4)
FNDA:0,(anonymous_5)
FNDA:0,(anonymous_6)
FNDA:0,(anonymous_7)
FNDA:0,(anonymous_8)
DA:5,1
DA:8,0
DA:20,1
DA:21,1
DA:22,0
DA:23,0
DA:25,0
DA:26,0
DA:27,0
DA:28,0
DA:35,0
DA:39,0
DA:42,0
DA:43,0
DA:44,0
DA:46,0
DA:50,0
DA:58,0
DA:59,0
DA:60,0
DA:63,0
DA:64,0
DA:65,0
DA:66,0
DA:73,0
DA:77,0
DA:82,0
DA:83,0
DA:84,0
DA:87,0
DA:88,0
DA:89,0
DA:90,0
DA:97,0
LF:34
LH:3
BRDA:21,0,0,0
BRDA:21,0,1,0
BRDA:23,1,0,0
BRDA:23,1,1,0
BRDA:27,2,0,0
BRDA:27,2,1,0
BRDA:42,3,0,0
BRDA:42,3,1,0
BRDA:44,4,0,0
BRDA:44,4,1,0
BRDA:58,5,0,0
BRDA:58,5,1,0
BRDA:60,6,0,0
BRDA:60,6,1,0
BRDA:65,7,0,0
BRDA:65,7,1,0
BRDA:82,8,0,0
BRDA:82,8,1,0
BRDA:84,9,0,0
BRDA:84,9,1,0
BRDA:89,10,0,0
BRDA:89,10,1,0
BRF:22
BRH:0
end_of_record
TN:
SF:src\services\videoService.ts
FN:7,getStreamUrl
FN:11,formatDate
FN:15,(anonymous_2)
FN:22,mapVideo
FN:37,(anonymous_4)
FN:50,(anonymous_5)
FN:60,(anonymous_6)
FN:80,(anonymous_7)
FN:90,(anonymous_8)
FN:99,(anonymous_9)
FN:103,(anonymous_10)
FN:110,(anonymous_11)
FN:126,(anonymous_12)
FN:137,(anonymous_13)
FN:147,(anonymous_14)
FN:151,(anonymous_15)
FNF:16
FNH:14
FNDA:3,getStreamUrl
FNDA:3,formatDate
FNDA:15,(anonymous_2)
FNDA:3,mapVideo
FNDA:2,(anonymous_4)
FNDA:1,(anonymous_5)
FNDA:0,(anonymous_6)
FNDA:1,(anonymous_7)
FNDA:1,(anonymous_8)
FNDA:0,(anonymous_9)
FNDA:1,(anonymous_10)
FNDA:2,(anonymous_11)
FNDA:1,(anonymous_12)
FNDA:1,(anonymous_13)
FNDA:1,(anonymous_14)
FNDA:2,(anonymous_15)
DA:5,3
DA:8,3
DA:12,3
DA:13,3
DA:14,3
DA:15,15
DA:16,3
DA:23,3
DA:38,2
DA:39,1
DA:42,1
DA:44,1
DA:45,1
DA:46,1
DA:47,1
DA:48,1
DA:49,1
DA:50,1
DA:53,1
DA:59,1
DA:60,0
DA:61,0
DA:66,1
DA:67,1
DA:68,1
DA:69,1
DA:70,1
DA:77,1
DA:81,1
DA:85,1
DA:86,1
DA:87,1
DA:91,1
DA:95,1
DA:96,1
DA:100,0
DA:104,1
DA:107,1
DA:111,2
DA:112,2
DA:114,1
DA:122,1
DA:123,1
DA:127,1
DA:132,1
DA:133,1
DA:134,1
DA:138,1
DA:144,1
DA:148,1
DA:149,1
DA:150,1
DA:151,2
DA:154,1
DA:159,1
DA:160,0
DA:163,1
DA:164,1
LF:58
LH:54
BRDA:12,0,0,0
BRDA:12,0,1,3
BRDA:14,1,0,0
BRDA:14,1,1,3
BRDA:26,2,0,3
BRDA:26,2,1,0
BRDA:28,3,0,3
BRDA:28,3,1,2
BRDA:29,4,0,3
BRDA:29,4,1,1
BRDA:32,5,0,3
BRDA:32,5,1,2
BRDA:38,6,0,1
BRDA:38,6,1,1
BRDA:49,7,0,1
BRDA:49,7,1,0
BRDA:55,8,0,1
BRDA:55,8,1,0
BRDA:59,9,0,0
BRDA:59,9,1,1
BRDA:62,10,0,0
BRDA:62,10,1,0
BRDA:62,10,2,0
BRDA:68,11,0,1
BRDA:68,11,1,0
BRDA:69,12,0,1
BRDA:69,12,1,0
BRDA:73,13,0,1
BRDA:73,13,1,0
BRDA:74,14,0,1
BRDA:74,14,1,1
BRDA:85,15,0,0
BRDA:85,15,1,1
BRDA:95,16,0,0
BRDA:95,16,1,1
BRDA:107,17,0,0
BRDA:107,17,1,1
BRDA:112,18,0,1
BRDA:112,18,1,1
BRDA:122,19,0,0
BRDA:122,19,1,1
BRDA:133,20,0,0
BRDA:133,20,1,1
BRDA:144,21,0,0
BRDA:144,21,1,1
BRDA:149,22,0,1
BRDA:149,22,1,0
BRDA:150,23,0,1
BRDA:150,23,1,0
BRDA:159,24,0,0
BRDA:159,24,1,1
BRF:51
BRH:30
end_of_record
TN:
SF:src\utils\recordingUpload.ts
FN:4,uploadStreamRecording
FNF:1
FNH:1
FNDA:4,uploadStreamRecording
DA:9,4
DA:10,4
DA:11,4
DA:13,4
DA:19,4
LF:5
LH:5
BRDA:7,0,0,3
BRDA:9,1,0,2
BRDA:9,1,1,2
BRDA:10,2,0,4
BRDA:10,2,1,1
BRDA:11,3,0,4
BRDA:11,3,1,0
BRF:7
BRH:6
end_of_record
