TN:
SF:src\types.ts
FNF:0
FNH:0
LF:0
LH:0
BRF:0
BRH:0
end_of_record
TN:
SF:src\components\EditVideoModal.tsx
FN:11,EditVideoModal
FN:19,handleSave
FN:38,(anonymous_2)
FN:69,(anonymous_3)
FN:83,(anonymous_4)
FN:121,XIcon
FNF:6
FNH:3
FNDA:5,EditVideoModal
FNDA:0,handleSave
FNDA:1,(anonymous_2)
FNDA:0,(anonymous_3)
FNDA:0,(anonymous_4)
FNDA:5,XIcon
DA:12,5
DA:13,5
DA:14,5
DA:15,5
DA:17,5
DA:20,0
DA:21,0
DA:22,0
DA:23,0
DA:24,0
DA:28,0
DA:30,0
DA:31,0
DA:35,5
DA:38,1
DA:69,0
DA:83,0
DA:122,5
LF:18
LH:8
BRDA:17,0,0,5
BRDA:17,0,1,5
BRDA:20,1,0,0
BRDA:20,1,1,0
BRDA:20,2,0,0
BRDA:20,2,1,0
BRDA:30,3,0,0
BRDA:30,3,1,0
BRDA:38,4,0,1
BRDA:38,4,1,0
BRDA:38,4,2,0
BRDA:54,5,0,5
BRDA:54,5,1,0
BRDA:103,6,0,5
BRDA:103,6,1,5
BRDA:103,6,2,0
BRDA:106,7,0,0
BRDA:106,7,1,5
BRF:18
BRH:7
end_of_record
TN:
SF:src\components\GoLiveModal.tsx
FN:10,GoLiveModal
FN:29,(anonymous_1)
FN:34,(anonymous_2)
FN:36,(anonymous_3)
FN:49,(anonymous_4)
FN:55,(anonymous_5)
FN:58,(anonymous_6)
FN:65,handleCameraToggle
FN:68,(anonymous_8)
FN:74,handleMicToggle
FN:77,(anonymous_10)
FN:83,(anonymous_11)
FN:87,(anonymous_12)
FN:98,handleAudioTest
FN:104,(anonymous_14)
FN:126,handleStart
FN:140,handleClose
FN:141,(anonymous_17)
FN:153,(anonymous_18)
FN:250,(anonymous_19)
FN:251,(anonymous_20)
FN:269,(anonymous_21)
FN:272,(anonymous_22)
FN:333,ToggleButton
FN:357,DeviceRow
FN:369,XIcon
FN:377,CameraOnIcon
FN:385,CameraOffIcon
FN:394,MicOnIcon
FN:404,MicOffIcon
FNF:30
FNH:14
FNDA:12,GoLiveModal
FNDA:6,(anonymous_1)
FNDA:5,(anonymous_2)
FNDA:0,(anonymous_3)
FNDA:1,(anonymous_4)
FNDA:6,(anonymous_5)
FNDA:5,(anonymous_6)
FNDA:0,handleCameraToggle
FNDA:0,(anonymous_8)
FNDA:0,handleMicToggle
FNDA:0,(anonymous_10)
FNDA:0,(anonymous_11)
FNDA:0,(anonymous_12)
FNDA:0,handleAudioTest
FNDA:0,(anonymous_14)
FNDA:0,handleStart
FNDA:0,handleClose
FNDA:0,(anonymous_17)
FNDA:0,(anonymous_18)
FNDA:0,(anonymous_19)
FNDA:0,(anonymous_20)
FNDA:144,(anonymous_21)
FNDA:288,(anonymous_22)
FNDA:22,ToggleButton
FNDA:24,DeviceRow
FNDA:12,XIcon
FNDA:23,CameraOnIcon
FNDA:1,CameraOffIcon
FNDA:23,MicOnIcon
FNDA:0,MicOffIcon
DA:3,1
DA:11,12
DA:12,12
DA:13,12
DA:14,12
DA:15,12
DA:16,12
DA:17,12
DA:18,12
DA:20,12
DA:21,12
DA:22,12
DA:23,12
DA:24,12
DA:26,12
DA:29,12
DA:30,6
DA:32,6
DA:35,5
DA:36,0
DA:37,0
DA:39,5
DA:40,5
DA:42,5
DA:43,5
DA:44,5
DA:45,5
DA:47,5
DA:50,1
DA:51,1
DA:52,1
DA:55,6
DA:56,6
DA:58,6
DA:59,6
DA:60,6
DA:66,0
DA:67,0
DA:68,0
DA:69,0
DA:75,0
DA:76,0
DA:77,0
DA:78,0
DA:83,12
DA:84,0
DA:85,0
DA:86,0
DA:87,0
DA:88,0
DA:89,0
DA:90,0
DA:91,0
DA:92,0
DA:94,0
DA:99,0
DA:100,0
DA:101,0
DA:102,0
DA:103,0
DA:104,0
DA:105,0
DA:107,0
DA:108,0
DA:111,0
DA:113,0
DA:114,0
DA:115,0
DA:116,0
DA:117,0
DA:119,0
DA:120,0
DA:121,0
DA:122,0
DA:127,0
DA:130,0
DA:131,0
DA:132,0
DA:134,0
DA:135,0
DA:136,0
DA:141,0
DA:142,0
DA:143,0
DA:144,0
DA:145,0
DA:148,12
DA:150,12
DA:153,0
DA:250,0
DA:251,0
DA:270,144
DA:272,288
DA:334,22
DA:358,24
DA:370,12
DA:378,23
DA:386,1
DA:395,23
DA:405,0
LF:100
LH:45
BRDA:35,0,0,0
BRDA:35,0,1,5
BRDA:40,1,0,5
BRDA:40,1,1,0
BRDA:44,2,0,5
BRDA:44,2,1,0
BRDA:44,3,0,5
BRDA:44,3,1,0
BRDA:45,4,0,5
BRDA:45,4,1,0
BRDA:45,5,0,5
BRDA:45,5,1,0
BRDA:50,6,0,0
BRDA:50,6,1,1
BRDA:84,7,0,0
BRDA:84,7,1,0
BRDA:88,8,0,0
BRDA:88,8,1,0
BRDA:92,9,0,0
BRDA:92,9,1,0
BRDA:92,10,0,0
BRDA:92,10,1,0
BRDA:99,11,0,0
BRDA:99,11,1,0
BRDA:105,12,0,0
BRDA:105,12,1,0
BRDA:111,13,0,0
BRDA:111,13,1,0
BRDA:127,14,0,0
BRDA:127,14,1,0
BRDA:127,15,0,0
BRDA:127,15,1,0
BRDA:148,16,0,12
BRDA:148,16,1,0
BRDA:148,16,2,0
BRDA:153,17,0,0
BRDA:153,17,1,0
BRDA:181,18,0,6
BRDA:181,18,1,6
BRDA:181,19,0,12
BRDA:181,19,1,12
BRDA:186,20,0,12
BRDA:186,20,1,6
BRDA:186,20,2,6
BRDA:194,21,0,12
BRDA:194,21,1,1
BRDA:202,22,0,12
BRDA:202,22,1,0
BRDA:202,22,2,0
BRDA:202,22,3,0
BRDA:210,23,0,12
BRDA:210,23,1,11
BRDA:218,24,0,11
BRDA:218,24,1,0
BRDA:226,25,0,11
BRDA:226,25,1,0
BRDA:251,26,0,0
BRDA:251,26,1,0
BRDA:260,27,0,12
BRDA:260,27,1,0
BRDA:260,28,0,12
BRDA:260,28,1,12
BRDA:261,29,0,12
BRDA:261,29,1,0
BRDA:261,30,0,12
BRDA:261,30,1,12
BRDA:280,31,0,12
BRDA:280,31,1,6
BRDA:282,32,0,0
BRDA:282,32,1,12
BRDA:287,33,0,0
BRDA:287,33,1,12
BRDA:290,34,0,12
BRDA:290,34,1,0
BRDA:290,34,2,0
BRDA:340,35,0,22
BRDA:340,35,1,0
BRDA:345,36,0,22
BRDA:345,36,1,0
BRDA:360,37,0,12
BRDA:360,37,1,12
BRDA:362,38,0,12
BRDA:362,38,1,12
BRDA:385,39,0,0
BRF:84
BRH:39
end_of_record
TN:
SF:src\components\Header.tsx
FN:14,Header
FN:25,(anonymous_1)
FN:29,handleLogout
FN:34,handleSearchSubmit
FN:60,(anonymous_4)
FN:66,(anonymous_5)
FN:103,(anonymous_6)
FN:152,(anonymous_7)
FN:156,(anonymous_8)
FN:163,UploadIcon
FN:182,SunIcon
FN:207,MoonIcon
FN:224,SearchIcon
FN:242,MicrophoneIcon
FN:261,ClearIcon
FNF:15
FNH:10
FNDA:8,Header
FNDA:6,(anonymous_1)
FNDA:1,handleLogout
FNDA:1,handleSearchSubmit
FNDA:1,(anonymous_4)
FNDA:0,(anonymous_5)
FNDA:0,(anonymous_6)
FNDA:0,(anonymous_7)
FNDA:0,(anonymous_8)
FNDA:3,UploadIcon
FNDA:7,SunIcon
FNDA:0,MoonIcon
FNDA:7,SearchIcon
FNDA:7,MicrophoneIcon
FNDA:1,ClearIcon
DA:15,8
DA:17,8
DA:18,8
DA:19,8
DA:21,8
DA:22,8
DA:23,8
DA:25,8
DA:26,6
DA:30,1
DA:31,1
DA:35,1
DA:36,1
DA:37,1
DA:39,0
DA:43,8
DA:60,1
DA:66,0
DA:103,0
DA:153,0
DA:154,0
DA:156,0
DA:164,3
DA:183,7
DA:208,0
DA:225,7
DA:243,7
DA:262,1
LF:28
LH:21
BRDA:22,0,0,8
BRDA:22,0,1,8
BRDA:26,1,0,6
BRDA:26,1,1,6
BRDA:36,2,0,1
BRDA:36,2,1,0
BRDA:63,3,0,8
BRDA:63,3,1,2
BRDA:92,4,0,8
BRDA:92,4,1,0
BRDA:95,5,0,8
BRDA:95,5,1,0
BRDA:99,6,0,8
BRDA:99,6,1,5
BRDA:99,6,2,3
BRDA:99,6,3,3
BRDA:101,7,0,3
BRDA:101,7,1,3
BRDA:111,8,0,1
BRDA:111,8,1,2
BRDA:120,9,0,2
BRDA:120,9,1,1
BRDA:140,10,0,8
BRDA:140,10,1,1
BRDA:150,11,0,8
BRDA:150,11,1,0
BRDA:150,11,2,0
BRF:27
BRH:22
end_of_record
TN:
SF:src\components\UploadVideoModal.tsx
FN:10,formatBytes
FN:15,UploadVideoModal
FN:31,(anonymous_2)
FN:32,fetchTags
FN:46,(anonymous_4)
FN:61,(anonymous_5)
FN:64,addTag
FN:72,handleTagInputChange
FN:81,handleTagInputKeyDown
FN:88,handleFileSelect
FN:98,(anonymous_10)
FN:107,handleUpload
FN:139,handleClose
FN:149,(anonymous_13)
FN:179,(anonymous_14)
FN:192,(anonymous_15)
FN:236,(anonymous_16)
FN:237,(anonymous_17)
FN:250,(anonymous_18)
FN:273,(anonymous_19)
FN:281,(anonymous_20)
FN:288,(anonymous_21)
FN:296,(anonymous_22)
FN:296,(anonymous_23)
FN:358,InfoRow
FN:369,XIcon
FN:386,UploadIcon
FN:405,AlertIcon
FNF:28
FNH:13
FNDA:0,formatBytes
FNDA:8,UploadVideoModal
FNDA:5,(anonymous_2)
FNDA:5,fetchTags
FNDA:0,(anonymous_4)
FNDA:0,(anonymous_5)
FNDA:1,addTag
FNDA:1,handleTagInputChange
FNDA:0,handleTagInputKeyDown
FNDA:0,handleFileSelect
FNDA:0,(anonymous_10)
FNDA:0,handleUpload
FNDA:0,handleClose
FNDA:2,(anonymous_13)
FNDA:0,(anonymous_14)
FNDA:0,(anonymous_15)
FNDA:0,(anonymous_16)
FNDA:0,(anonymous_17)
FNDA:0,(anonymous_18)
FNDA:1,(anonymous_19)
FNDA:0,(anonymous_20)
FNDA:1,(anonymous_21)
FNDA:1,(anonymous_22)
FNDA:1,(anonymous_23)
FNDA:24,InfoRow
FNDA:8,XIcon
FNDA:16,UploadIcon
FNDA:0,AlertIcon
DA:11,0
DA:12,0
DA:16,8
DA:17,8
DA:18,8
DA:19,8
DA:20,8
DA:21,8
DA:22,8
DA:23,8
DA:25,8
DA:26,8
DA:27,8
DA:29,8
DA:31,8
DA:33,5
DA:34,5
DA:35,5
DA:36,5
DA:37,5
DA:40,0
DA:43,5
DA:46,8
DA:47,0
DA:48,0
DA:49,0
DA:50,0
DA:51,0
DA:52,0
DA:53,0
DA:54,0
DA:57,0
DA:60,8
DA:61,0
DA:65,1
DA:66,1
DA:67,1
DA:69,1
DA:73,1
DA:74,1
DA:75,0
DA:77,1
DA:82,0
DA:83,0
DA:84,0
DA:89,0
DA:90,0
DA:91,0
DA:92,0
DA:93,0
DA:94,0
DA:97,0
DA:98,0
DA:99,0
DA:101,0
DA:103,0
DA:108,0
DA:109,0
DA:110,0
DA:112,0
DA:113,0
DA:120,0
DA:131,0
DA:133,0
DA:134,0
DA:135,0
DA:140,0
DA:141,0
DA:144,8
DA:146,8
DA:149,2
DA:179,0
DA:192,0
DA:236,0
DA:237,0
DA:250,0
DA:273,1
DA:282,0
DA:289,1
DA:296,1
DA:359,24
DA:370,8
DA:387,16
DA:406,0
LF:84
LH:37
BRDA:11,0,0,0
BRDA:11,0,1,0
BRDA:35,1,0,5
BRDA:35,1,1,0
BRDA:47,2,0,0
BRDA:47,2,1,0
BRDA:52,3,0,0
BRDA:52,3,1,0
BRDA:54,4,0,0
BRDA:54,4,1,0
BRDA:61,5,0,0
BRDA:61,5,1,0
BRDA:66,6,0,1
BRDA:66,6,1,0
BRDA:66,7,0,1
BRDA:66,7,1,1
BRDA:74,8,0,0
BRDA:74,8,1,1
BRDA:82,9,0,0
BRDA:82,9,1,0
BRDA:90,10,0,0
BRDA:90,10,1,0
BRDA:90,11,0,0
BRDA:90,11,1,0
BRDA:108,12,0,0
BRDA:108,12,1,0
BRDA:108,13,0,0
BRDA:108,13,1,0
BRDA:128,14,0,0
BRDA:128,14,1,0
BRDA:128,14,2,0
BRDA:133,15,0,0
BRDA:133,15,1,0
BRDA:140,16,0,0
BRDA:140,16,1,0
BRDA:144,17,0,8
BRDA:144,17,1,0
BRDA:144,17,2,0
BRDA:149,18,0,2
BRDA:149,18,1,0
BRDA:165,19,0,8
BRDA:165,19,1,0
BRDA:175,20,0,0
BRDA:175,20,1,8
BRDA:175,21,0,8
BRDA:175,21,1,0
BRDA:179,22,0,0
BRDA:179,22,1,0
BRDA:181,23,0,0
BRDA:181,23,1,8
BRDA:190,24,0,8
BRDA:190,24,1,0
BRDA:190,24,2,0
BRDA:200,25,0,8
BRDA:200,25,1,0
BRDA:237,26,0,0
BRDA:237,26,1,0
BRDA:237,26,2,0
BRDA:310,27,0,8
BRDA:310,27,1,8
BRDA:311,28,0,8
BRDA:311,28,1,0
BRDA:331,29,0,0
BRDA:331,29,1,8
BRDA:386,30,0,0
BRDA:405,31,0,0
BRF:66
BRH:17
end_of_record
TN:
SF:src\components\VideoCard.tsx
FN:10,VideoCard
FN:12,(anonymous_1)
FN:18,(anonymous_2)
FN:19,(anonymous_3)
FN:22,(anonymous_4)
FN:38,(anonymous_5)
FN:39,(anonymous_6)
FNF:7
FNH:6
FNDA:4,VideoCard
FNDA:1,(anonymous_1)
FNDA:1,(anonymous_2)
FNDA:0,(anonymous_3)
FNDA:1,(anonymous_4)
FNDA:1,(anonymous_5)
FNDA:1,(anonymous_6)
DA:11,4
DA:12,4
DA:13,1
DA:14,1
DA:15,1
DA:18,4
DA:19,1
DA:22,4
DA:23,1
DA:24,1
DA:27,4
DA:38,1
DA:39,1
LF:13
LH:13
BRDA:11,0,0,4
BRDA:11,0,1,2
BRDA:33,1,0,4
BRDA:33,1,1,0
BRDA:51,2,0,4
BRDA:51,2,1,1
BRF:6
BRH:5
end_of_record
TN:
SF:src\components\VideoPlayer.tsx
FN:8,formatTime
FN:15,VideoPlayer
FN:26,(anonymous_2)
FN:29,(anonymous_3)
FN:33,(anonymous_4)
FN:39,(anonymous_5)
FN:49,(anonymous_6)
FN:60,(anonymous_7)
FN:70,(anonymous_8)
FN:74,(anonymous_9)
FN:76,(anonymous_10)
FN:80,(anonymous_11)
FN:83,(anonymous_12)
FN:84,(anonymous_13)
FN:85,(anonymous_14)
FN:86,(anonymous_15)
FN:87,(anonymous_16)
FN:93,(anonymous_17)
FN:103,(anonymous_18)
FN:104,(anonymous_19)
FN:106,(anonymous_20)
FN:167,(anonymous_21)
FN:173,(anonymous_22)
FN:187,(anonymous_23)
FN:203,ControlButton
FN:223,PlayIcon
FN:230,PauseIcon
FN:237,SkipBackIcon
FN:244,SkipForwardIcon
FN:251,VolumeIcon
FN:258,VolumeOffIcon
FN:265,EnterFullscreenIcon
FN:272,ExitFullscreenIcon
FNF:33
FNH:24
FNDA:20,formatTime
FNDA:10,VideoPlayer
FNDA:2,(anonymous_2)
FNDA:0,(anonymous_3)
FNDA:1,(anonymous_4)
FNDA:1,(anonymous_5)
FNDA:2,(anonymous_6)
FNDA:0,(anonymous_7)
FNDA:2,(anonymous_8)
FNDA:0,(anonymous_9)
FNDA:0,(anonymous_10)
FNDA:5,(anonymous_11)
FNDA:1,(anonymous_12)
FNDA:0,(anonymous_13)
FNDA:0,(anonymous_14)
FNDA:0,(anonymous_15)
FNDA:0,(anonymous_16)
FNDA:5,(anonymous_17)
FNDA:5,(anonymous_18)
FNDA:1,(anonymous_19)
FNDA:5,(anonymous_20)
FNDA:0,(anonymous_21)
FNDA:1,(anonymous_22)
FNDA:1,(anonymous_23)
FNDA:40,ControlButton
FNDA:18,PlayIcon
FNDA:1,PauseIcon
FNDA:10,SkipBackIcon
FNDA:10,SkipForwardIcon
FNDA:9,VolumeIcon
FNDA:1,VolumeOffIcon
FNDA:9,EnterFullscreenIcon
FNDA:1,ExitFullscreenIcon
DA:9,20
DA:10,20
DA:11,20
DA:12,20
DA:16,10
DA:17,10
DA:18,10
DA:19,10
DA:20,10
DA:21,10
DA:22,10
DA:23,10
DA:24,10
DA:26,10
DA:27,2
DA:28,2
DA:29,2
DA:30,0
DA:33,10
DA:34,1
DA:35,1
DA:36,1
DA:39,10
DA:40,1
DA:41,1
DA:42,1
DA:43,1
DA:44,1
DA:45,1
DA:46,1
DA:49,10
DA:50,2
DA:51,2
DA:52,2
DA:53,2
DA:54,2
DA:55,0
DA:56,0
DA:60,10
DA:61,0
DA:62,0
DA:63,0
DA:64,0
DA:65,0
DA:66,0
DA:70,10
DA:71,2
DA:72,2
DA:73,2
DA:74,1
DA:76,1
DA:80,10
DA:81,5
DA:82,5
DA:83,5
DA:84,5
DA:85,5
DA:86,5
DA:87,5
DA:88,5
DA:89,5
DA:90,5
DA:91,5
DA:92,5
DA:93,5
DA:94,5
DA:95,5
DA:96,5
DA:97,5
DA:98,5
DA:103,10
DA:104,5
DA:105,5
DA:106,5
DA:109,10
DA:111,10
DA:167,0
DA:173,1
DA:187,1
DA:212,40
DA:224,18
DA:231,1
DA:238,10
DA:245,10
DA:252,9
DA:259,1
DA:266,9
DA:273,1
LF:88
LH:78
BRDA:9,0,0,0
BRDA:9,0,1,20
BRDA:9,1,0,20
BRDA:9,1,1,20
BRDA:28,2,0,0
BRDA:28,2,1,2
BRDA:29,3,0,2
BRDA:29,3,1,0
BRDA:35,4,0,0
BRDA:35,4,1,1
BRDA:36,5,0,1
BRDA:36,5,1,1
BRDA:41,6,0,0
BRDA:41,6,1,1
BRDA:51,7,0,0
BRDA:51,7,1,2
BRDA:54,8,0,0
BRDA:54,8,1,2
BRDA:54,9,0,2
BRDA:54,9,1,1
BRDA:63,10,0,0
BRDA:63,10,1,0
BRDA:63,11,0,0
BRDA:63,11,1,0
BRDA:63,11,2,0
BRDA:72,12,0,0
BRDA:72,12,1,2
BRDA:73,13,0,1
BRDA:73,13,1,1
BRDA:82,14,0,0
BRDA:82,14,1,5
BRDA:109,15,0,0
BRDA:109,15,1,10
BRDA:122,16,0,10
BRDA:122,16,1,9
BRDA:137,17,0,1
BRDA:137,17,1,9
BRDA:140,18,0,1
BRDA:140,18,1,9
BRDA:170,19,0,1
BRDA:170,19,1,9
BRDA:171,20,0,1
BRDA:171,20,1,9
BRDA:178,21,0,1
BRDA:178,21,1,9
BRDA:179,22,0,1
BRDA:179,22,1,9
BRDA:179,23,0,10
BRDA:179,23,1,9
BRDA:186,24,0,1
BRDA:186,24,1,9
BRDA:223,25,0,9
BRF:52
BRH:37
end_of_record
TN:
SF:src\hooks\useStreamRecorder.ts
FN:3,getSupportedMimeType
FN:9,(anonymous_1)
FN:12,useStreamRecorder
FN:16,(anonymous_3)
FN:23,(anonymous_4)
FN:30,(anonymous_5)
FN:38,(anonymous_6)
FN:39,(anonymous_7)
FN:47,(anonymous_8)
FN:51,(anonymous_9)
FNF:10
FNH:9
FNDA:3,getSupportedMimeType
FNDA:3,(anonymous_1)
FNDA:4,useStreamRecorder
FNDA:4,(anonymous_3)
FNDA:3,(anonymous_4)
FNDA:3,(anonymous_5)
FNDA:2,(anonymous_6)
FNDA:2,(anonymous_7)
FNDA:2,(anonymous_8)
FNDA:0,(anonymous_9)
DA:4,3
DA:9,3
DA:13,4
DA:14,4
DA:16,4
DA:17,4
DA:19,3
DA:20,3
DA:21,3
DA:23,3
DA:24,3
DA:27,3
DA:28,3
DA:30,3
DA:31,3
DA:32,3
DA:33,1
DA:38,4
DA:39,2
DA:40,2
DA:41,2
DA:42,1
DA:43,1
DA:44,1
DA:47,1
DA:48,2
DA:49,2
DA:51,1
DA:52,1
DA:56,4
LF:30
LH:30
BRDA:9,0,0,3
BRDA:9,0,1,0
BRDA:17,1,0,1
BRDA:17,1,1,3
BRDA:21,2,0,3
BRDA:21,2,1,0
BRDA:24,3,0,3
BRDA:24,3,1,0
BRDA:32,4,0,1
BRDA:32,4,1,2
BRDA:41,5,0,1
BRDA:41,5,1,1
BRDA:41,6,0,2
BRDA:41,6,1,2
BRDA:42,7,0,1
BRDA:42,7,1,0
BRDA:48,8,0,2
BRDA:48,8,1,0
BRDA:48,8,2,0
BRF:19
BRH:13
end_of_record
TN:
SF:src\pages\HomePage.tsx
FN:18,getDeterministicTag
FN:20,(anonymous_1)
FN:38,HomePage
FN:53,(anonymous_3)
FN:56,(anonymous_4)
FN:56,(anonymous_5)
FN:61,(anonymous_6)
FN:62,(anonymous_7)
FN:78,(anonymous_8)
FN:82,(anonymous_9)
FN:87,(anonymous_10)
FN:93,(anonymous_11)
FN:94,(anonymous_12)
FN:98,(anonymous_13)
FN:104,(anonymous_14)
FN:105,(anonymous_15)
FN:120,(anonymous_16)
FN:124,(anonymous_17)
FN:129,(anonymous_18)
FN:130,fetchTags
FN:136,(anonymous_20)
FN:149,handleGoLiveStart
FN:160,handleUploadVideo
FN:161,(anonymous_23)
FN:166,handleDeleteVideo
FN:167,(anonymous_25)
FN:167,(anonymous_26)
FN:171,(anonymous_27)
FN:183,(anonymous_28)
FN:202,(anonymous_29)
FN:209,(anonymous_30)
FN:212,(anonymous_31)
FN:266,(anonymous_32)
FN:301,(anonymous_33)
FN:324,(anonymous_34)
FN:345,(anonymous_35)
FN:349,(anonymous_36)
FNF:37
FNH:20
FNDA:0,getDeterministicTag
FNDA:0,(anonymous_1)
FNDA:19,HomePage
FNDA:6,(anonymous_3)
FNDA:0,(anonymous_4)
FNDA:0,(anonymous_5)
FNDA:6,(anonymous_6)
FNDA:6,(anonymous_7)
FNDA:6,(anonymous_8)
FNDA:0,(anonymous_9)
FNDA:1,(anonymous_10)
FNDA:1,(anonymous_11)
FNDA:2,(anonymous_12)
FNDA:1,(anonymous_13)
FNDA:0,(anonymous_14)
FNDA:0,(anonymous_15)
FNDA:0,(anonymous_16)
FNDA:6,(anonymous_17)
FNDA:6,(anonymous_18)
FNDA:6,fetchTags
FNDA:24,(anonymous_20)
FNDA:2,handleGoLiveStart
FNDA:0,handleUploadVideo
FNDA:0,(anonymous_23)
FNDA:0,handleDeleteVideo
FNDA:0,(anonymous_25)
FNDA:0,(anonymous_26)
FNDA:16,(anonymous_27)
FNDA:2,(anonymous_28)
FNDA:2,(anonymous_29)
FNDA:40,(anonymous_30)
FNDA:1,(anonymous_31)
FNDA:0,(anonymous_32)
FNDA:0,(anonymous_33)
FNDA:14,(anonymous_34)
FNDA:0,(anonymous_35)
FNDA:0,(anonymous_36)
DA:19,0
DA:20,0
DA:21,0
DA:23,0
DA:24,0
DA:27,0
DA:28,0
DA:29,0
DA:34,0
DA:35,0
DA:39,19
DA:40,19
DA:41,19
DA:42,19
DA:43,19
DA:44,19
DA:45,19
DA:47,19
DA:48,19
DA:49,19
DA:50,19
DA:51,19
DA:53,19
DA:54,6
DA:55,6
DA:56,0
DA:57,0
DA:58,0
DA:61,19
DA:62,6
DA:63,6
DA:64,6
DA:65,6
DA:66,6
DA:67,6
DA:69,0
DA:71,6
DA:75,6
DA:78,19
DA:79,6
DA:80,6
DA:82,6
DA:83,0
DA:84,0
DA:87,6
DA:88,1
DA:89,1
DA:90,1
DA:91,1
DA:93,1
DA:94,2
DA:95,0
DA:98,1
DA:99,1
DA:100,1
DA:101,1
DA:104,1
DA:105,0
DA:106,0
DA:107,0
DA:108,0
DA:112,1
DA:116,0
DA:120,6
DA:121,0
DA:124,6
DA:125,6
DA:129,19
DA:131,6
DA:132,6
DA:133,6
DA:134,6
DA:135,6
DA:136,24
DA:137,6
DA:138,6
DA:142,0
DA:144,0
DA:146,6
DA:150,2
DA:151,1
DA:152,1
DA:153,1
DA:155,1
DA:156,1
DA:157,1
DA:161,0
DA:162,0
DA:163,0
DA:167,0
DA:168,0
DA:171,19
DA:172,16
DA:173,2
DA:174,2
DA:175,2
DA:176,2
DA:177,1
DA:181,15
DA:182,2
DA:183,2
DA:184,2
DA:185,1
DA:188,0
DA:189,0
DA:190,0
DA:195,14
DA:198,19
DA:202,2
DA:210,40
DA:212,1
DA:266,0
DA:302,0
DA:303,0
DA:325,14
DA:345,0
DA:349,0
LF:117
LH:79
BRDA:19,0,0,0
BRDA:19,0,1,0
BRDA:21,1,0,0
BRDA:21,1,1,0
BRDA:24,2,0,0
BRDA:24,2,1,0
BRDA:28,3,0,0
BRDA:28,3,1,0
BRDA:28,4,0,0
BRDA:28,4,1,0
BRDA:50,5,0,19
BRDA:50,5,1,17
BRDA:55,6,0,6
BRDA:55,6,1,0
BRDA:56,7,0,0
BRDA:56,7,1,0
BRDA:69,8,0,0
BRDA:69,8,1,0
BRDA:90,9,0,1
BRDA:90,9,1,0
BRDA:90,10,0,1
BRDA:90,10,1,1
BRDA:94,11,0,0
BRDA:94,11,1,1
BRDA:133,12,0,6
BRDA:133,12,1,0
BRDA:135,13,0,6
BRDA:135,13,1,0
BRDA:135,14,0,6
BRDA:135,14,1,6
BRDA:150,15,0,1
BRDA:150,15,1,1
BRDA:172,16,0,2
BRDA:172,16,1,14
BRDA:175,17,0,2
BRDA:175,17,1,0
BRDA:176,18,0,1
BRDA:176,18,1,1
BRDA:176,19,0,2
BRDA:176,19,1,2
BRDA:181,20,0,2
BRDA:181,20,1,13
BRDA:182,21,0,2
BRDA:182,21,1,0
BRDA:182,22,0,2
BRDA:182,22,1,2
BRDA:184,23,0,1
BRDA:184,23,1,1
BRDA:189,24,0,0
BRDA:189,24,1,0
BRDA:214,25,0,19
BRDA:214,25,1,21
BRDA:228,26,0,19
BRDA:228,26,1,12
BRDA:235,27,0,19
BRDA:235,27,1,0
BRDA:243,28,0,19
BRDA:243,28,1,7
BRDA:243,28,2,0
BRDA:243,28,3,0
BRDA:276,29,0,19
BRDA:276,29,1,7
BRDA:276,29,2,7
BRDA:276,29,3,0
BRDA:314,30,0,19
BRDA:314,30,1,7
BRDA:314,30,2,7
BRDA:319,31,0,2
BRDA:319,31,1,5
BRDA:328,32,0,2
BRDA:328,32,1,12
BRDA:334,33,0,14
BRDA:334,33,1,14
BRDA:344,34,0,19
BRDA:344,34,1,4
BRDA:348,35,0,19
BRDA:348,35,1,0
BRF:77
BRH:49
end_of_record
TN:
SF:src\pages\LivePage.tsx
FN:15,LivePage
FN:27,(anonymous_1)
FN:34,(anonymous_2)
FN:38,(anonymous_3)
FN:62,(anonymous_4)
FN:69,(anonymous_5)
FN:75,(anonymous_6)
FN:77,(anonymous_7)
FN:80,(anonymous_8)
FN:81,(anonymous_9)
FN:81,(anonymous_10)
FN:85,(anonymous_11)
FN:86,(anonymous_12)
FN:86,(anonymous_13)
FN:87,(anonymous_14)
FN:91,(anonymous_15)
FN:92,(anonymous_16)
FN:93,(anonymous_17)
FN:95,(anonymous_18)
FN:98,handleEnd
FN:102,formatDuration
FN:194,(anonymous_21)
FN:220,Stat
FN:229,HealthRow
FN:244,StopIcon
FNF:25
FNH:19
FNDA:5,LivePage
FNDA:4,(anonymous_1)
FNDA:4,(anonymous_2)
FNDA:1,(anonymous_3)
FNDA:0,(anonymous_4)
FNDA:1,(anonymous_5)
FNDA:4,(anonymous_6)
FNDA:0,(anonymous_7)
FNDA:3,(anonymous_8)
FNDA:3,(anonymous_9)
FNDA:3,(anonymous_10)
FNDA:4,(anonymous_11)
FNDA:0,(anonymous_12)
FNDA:0,(anonymous_13)
FNDA:4,(anonymous_14)
FNDA:4,(anonymous_15)
FNDA:0,(anonymous_16)
FNDA:0,(anonymous_17)
FNDA:4,(anonymous_18)
FNDA:1,handleEnd
FNDA:8,formatDuration
FNDA:4,(anonymous_21)
FNDA:8,Stat
FNDA:8,HealthRow
FNDA:4,StopIcon
DA:16,5
DA:17,5
DA:18,5
DA:19,5
DA:20,5
DA:21,5
DA:22,5
DA:24,5
DA:27,5
DA:28,4
DA:29,3
DA:34,5
DA:35,4
DA:38,5
DA:39,1
DA:40,1
DA:41,1
DA:42,1
DA:46,1
DA:47,1
DA:48,0
DA:51,1
DA:52,1
DA:53,1
DA:54,1
DA:57,0
DA:58,0
DA:59,0
DA:60,0
DA:61,0
DA:62,0
DA:63,0
DA:64,0
DA:66,0
DA:69,1
DA:70,1
DA:71,1
DA:75,5
DA:76,4
DA:77,3
DA:78,0
DA:80,3
DA:81,3
DA:85,5
DA:86,4
DA:87,4
DA:91,5
DA:92,4
DA:93,0
DA:95,4
DA:99,1
DA:103,8
DA:104,8
DA:105,8
DA:106,8
DA:107,8
DA:110,5
DA:112,4
DA:195,4
DA:221,8
DA:230,8
DA:245,4
LF:62
LH:50
BRDA:28,0,0,3
BRDA:28,0,1,1
BRDA:28,1,0,4
BRDA:28,1,1,3
BRDA:35,2,0,1
BRDA:35,2,1,3
BRDA:39,3,0,0
BRDA:39,3,1,1
BRDA:39,4,0,1
BRDA:39,4,1,1
BRDA:47,5,0,0
BRDA:47,5,1,1
BRDA:52,6,0,1
BRDA:52,6,1,0
BRDA:57,7,0,0
BRDA:57,7,1,0
BRDA:61,8,0,0
BRDA:61,8,1,0
BRDA:71,9,0,1
BRDA:71,9,1,0
BRDA:76,10,0,1
BRDA:76,10,1,3
BRDA:106,11,0,0
BRDA:106,11,1,8
BRDA:110,12,0,1
BRDA:110,12,1,4
BRDA:114,13,0,4
BRDA:114,13,1,1
BRDA:124,14,0,4
BRDA:124,14,1,0
BRDA:186,15,0,0
BRDA:186,15,1,4
BRDA:198,16,0,4
BRDA:198,16,1,0
BRDA:224,17,0,4
BRDA:224,17,1,4
BRDA:235,18,0,4
BRDA:235,18,1,4
BRDA:238,19,0,4
BRDA:238,19,1,4
BRF:40
BRH:28
end_of_record
TN:
SF:src\pages\LoginPage.tsx
FN:5,LoginPage
FN:14,handleSubmit
FN:51,(anonymous_2)
FN:66,(anonymous_3)
FNF:4
FNH:4
FNDA:12,LoginPage
FNDA:2,handleSubmit
FNDA:2,(anonymous_2)
FNDA:2,(anonymous_3)
DA:6,12
DA:7,12
DA:8,12
DA:9,12
DA:10,12
DA:11,12
DA:12,12
DA:15,2
DA:16,2
DA:17,2
DA:19,2
DA:20,2
DA:21,1
DA:22,1
DA:23,1
DA:25,1
DA:27,2
DA:31,12
DA:51,2
DA:66,2
LF:20
LH:20
BRDA:25,0,0,1
BRDA:25,0,1,0
BRDA:73,1,0,12
BRDA:73,1,1,1
BRDA:79,2,0,12
BRDA:79,2,1,1
BRDA:90,3,0,2
BRDA:90,3,1,10
BRF:8
BRH:7
end_of_record
TN:
SF:src\pages\RegisterPage.tsx
FN:10,RegisterPage
FN:20,handleSubmit
FN:65,(anonymous_2)
FN:80,(anonymous_3)
FN:95,(anonymous_4)
FN:110,(anonymous_5)
FN:125,(anonymous_6)
FNF:7
FNH:7
FNDA:19,RegisterPage
FNDA:2,handleSubmit
FNDA:2,(anonymous_2)
FNDA:2,(anonymous_3)
FNDA:2,(anonymous_4)
FNDA:3,(anonymous_5)
FNDA:3,(anonymous_6)
DA:6,1
DA:8,1
DA:11,19
DA:12,19
DA:13,19
DA:14,19
DA:15,19
DA:16,19
DA:17,19
DA:18,19
DA:21,2
DA:22,2
DA:24,2
DA:25,1
DA:26,1
DA:28,1
DA:29,0
DA:30,0
DA:33,1
DA:35,1
DA:36,1
DA:37,1
DA:39,0
DA:41,1
DA:45,19
DA:65,2
DA:80,2
DA:95,2
DA:110,3
DA:125,3
LF:30
LH:27
BRDA:24,0,0,1
BRDA:24,0,1,1
BRDA:28,1,0,0
BRDA:28,1,1,1
BRDA:39,2,0,0
BRDA:39,2,1,0
BRDA:132,3,0,19
BRDA:132,3,1,1
BRDA:143,4,0,1
BRDA:143,4,1,18
BRF:10
BRH:7
end_of_record
TN:
SF:src\pages\VideoPage.tsx
FN:8,VideoPage
FN:21,(anonymous_1)
FN:27,(anonymous_2)
FN:43,(anonymous_3)
FN:48,(anonymous_4)
FN:51,(anonymous_5)
FN:59,(anonymous_6)
FN:65,(anonymous_7)
FN:170,(anonymous_8)
FN:177,(anonymous_9)
FN:195,(anonymous_10)
FN:216,ChevronLeftIcon
FN:233,ThumbUpIcon
FNF:13
FNH:11
FNDA:13,VideoPage
FNDA:4,(anonymous_1)
FNDA:4,(anonymous_2)
FNDA:7,(anonymous_3)
FNDA:0,(anonymous_4)
FNDA:1,(anonymous_5)
FNDA:1,(anonymous_6)
FNDA:1,(anonymous_7)
FNDA:1,(anonymous_8)
FNDA:0,(anonymous_9)
FNDA:6,(anonymous_10)
FNDA:9,ChevronLeftIcon
FNDA:8,ThumbUpIcon
DA:9,13
DA:11,13
DA:12,13
DA:13,13
DA:15,13
DA:16,13
DA:17,13
DA:18,13
DA:21,13
DA:22,4
DA:23,0
DA:24,0
DA:25,0
DA:27,4
DA:28,4
DA:29,4
DA:30,4
DA:31,4
DA:32,3
DA:34,1
DA:36,4
DA:39,4
DA:43,13
DA:44,7
DA:45,3
DA:51,13
DA:52,1
DA:53,1
DA:54,1
DA:55,1
DA:59,13
DA:60,1
DA:61,1
DA:62,1
DA:63,1
DA:64,1
DA:65,1
DA:66,1
DA:68,1
DA:71,13
DA:72,4
DA:82,9
DA:83,1
DA:103,8
DA:105,8
DA:170,1
DA:177,0
DA:196,6
DA:217,9
DA:234,8
LF:50
LH:46
BRDA:22,0,0,0
BRDA:22,0,1,4
BRDA:34,1,0,1
BRDA:34,1,1,0
BRDA:44,2,0,4
BRDA:44,2,1,3
BRDA:52,3,0,0
BRDA:52,3,1,1
BRDA:52,4,0,1
BRDA:52,4,1,1
BRDA:61,5,0,0
BRDA:61,5,1,1
BRDA:61,6,0,1
BRDA:61,6,1,1
BRDA:61,6,2,1
BRDA:71,7,0,4
BRDA:71,7,1,9
BRDA:82,8,0,1
BRDA:82,8,1,8
BRDA:82,9,0,9
BRDA:82,9,1,8
BRDA:96,10,0,1
BRDA:96,10,1,0
BRDA:103,11,0,8
BRDA:103,11,1,8
BRDA:131,12,0,1
BRDA:131,12,1,7
BRDA:137,13,0,1
BRDA:137,13,1,7
BRDA:161,14,0,4
BRDA:161,14,1,4
BRDA:184,15,0,8
BRDA:184,15,1,2
BRDA:237,16,0,1
BRDA:237,16,1,7
BRF:35
BRH:30
end_of_record
TN:
SF:src\pages\WatchVideoPage.tsx
FN:10,formatDate
FN:21,(anonymous_1)
FN:29,WatchVideoPage
FN:45,(anonymous_3)
FN:52,(anonymous_4)
FN:70,(anonymous_5)
FN:75,(anonymous_6)
FN:78,(anonymous_7)
FN:86,(anonymous_8)
FN:92,(anonymous_9)
FN:98,handleDelete
FN:185,(anonymous_11)
FN:248,(anonymous_12)
FN:255,(anonymous_13)
FN:273,(anonymous_14)
FN:294,(anonymous_15)
FN:298,(anonymous_16)
FN:305,ChevronLeftIcon
FN:322,PencilIcon
FN:340,TrashIcon
FN:360,ThumbUpIcon
FNF:21
FNH:16
FNDA:11,formatDate
FNDA:55,(anonymous_1)
FNDA:16,WatchVideoPage
FNDA:5,(anonymous_3)
FNDA:5,(anonymous_4)
FNDA:10,(anonymous_5)
FNDA:0,(anonymous_6)
FNDA:1,(anonymous_7)
FNDA:1,(anonymous_8)
FNDA:1,(anonymous_9)
FNDA:1,handleDelete
FNDA:0,(anonymous_11)
FNDA:1,(anonymous_12)
FNDA:0,(anonymous_13)
FNDA:13,(anonymous_14)
FNDA:0,(anonymous_15)
FNDA:0,(anonymous_16)
FNDA:11,ChevronLeftIcon
FNDA:3,PencilIcon
FNDA:2,TrashIcon
FNDA:11,ThumbUpIcon
DA:11,11
DA:14,11
DA:17,11
DA:19,11
DA:21,55
DA:23,11
DA:30,16
DA:31,16
DA:32,16
DA:33,16
DA:34,16
DA:35,16
DA:36,16
DA:37,16
DA:38,16
DA:39,16
DA:40,16
DA:42,16
DA:43,16
DA:45,16
DA:46,5
DA:47,0
DA:48,0
DA:49,0
DA:52,5
DA:53,5
DA:54,5
DA:55,5
DA:56,5
DA:57,5
DA:59,0
DA:60,0
DA:62,5
DA:66,5
DA:70,16
DA:71,10
DA:72,5
DA:78,16
DA:79,1
DA:80,1
DA:81,1
DA:82,1
DA:86,16
DA:87,1
DA:88,1
DA:89,1
DA:90,1
DA:91,1
DA:92,1
DA:93,1
DA:95,1
DA:99,1
DA:100,1
DA:101,1
DA:102,1
DA:103,1
DA:105,0
DA:106,0
DA:110,16
DA:111,5
DA:121,11
DA:122,0
DA:142,11
DA:144,11
DA:185,0
DA:248,1
DA:255,0
DA:274,13
DA:295,0
DA:296,0
DA:298,0
DA:306,11
DA:323,3
DA:341,2
DA:361,11
LF:75
LH:62
BRDA:11,0,0,0
BRDA:11,0,1,11
BRDA:19,1,0,0
BRDA:19,1,1,11
BRDA:43,2,0,16
BRDA:43,2,1,13
BRDA:43,2,2,9
BRDA:46,3,0,0
BRDA:46,3,1,5
BRDA:59,4,0,0
BRDA:59,4,1,0
BRDA:71,5,0,5
BRDA:71,5,1,5
BRDA:79,6,0,0
BRDA:79,6,1,1
BRDA:79,7,0,1
BRDA:79,7,1,1
BRDA:88,8,0,0
BRDA:88,8,1,1
BRDA:88,9,0,1
BRDA:88,9,1,1
BRDA:88,9,2,1
BRDA:99,10,0,0
BRDA:99,10,1,1
BRDA:99,11,0,1
BRDA:99,11,1,1
BRDA:105,12,0,0
BRDA:105,12,1,0
BRDA:110,13,0,5
BRDA:110,13,1,11
BRDA:121,14,0,0
BRDA:121,14,1,11
BRDA:121,15,0,11
BRDA:121,15,1,11
BRDA:135,16,0,0
BRDA:135,16,1,0
BRDA:142,17,0,11
BRDA:142,17,1,11
BRDA:172,18,0,1
BRDA:172,18,1,10
BRDA:178,19,0,1
BRDA:178,19,1,10
BRDA:182,20,0,11
BRDA:182,20,1,3
BRDA:196,21,0,1
BRDA:196,21,1,2
BRDA:226,22,0,11
BRDA:226,22,1,11
BRDA:237,23,0,11
BRDA:237,23,1,0
BRDA:243,24,0,11
BRDA:243,24,1,2
BRDA:262,25,0,11
BRDA:262,25,1,2
BRDA:291,26,0,11
BRDA:291,26,1,0
BRDA:364,27,0,1
BRDA:364,27,1,10
BRF:58
BRH:43
end_of_record
TN:
SF:src\services\authService.ts
FN:6,(anonymous_0)
FN:24,(anonymous_1)
FN:41,(anonymous_2)
FN:46,(anonymous_3)
FN:50,(anonymous_4)
FN:54,(anonymous_5)
FN:64,(anonymous_6)
FN:69,(anonymous_7)
FN:75,(anonymous_8)
FN:79,(anonymous_9)
FNF:10
FNH:10
FNDA:2,(anonymous_0)
FNDA:1,(anonymous_1)
FNDA:3,(anonymous_2)
FNDA:9,(anonymous_3)
FNDA:2,(anonymous_4)
FNDA:4,(anonymous_5)
FNDA:2,(anonymous_6)
FNDA:2,(anonymous_7)
FNDA:2,(anonymous_8)
FNDA:2,(anonymous_9)
DA:3,7
DA:7,2
DA:16,2
DA:17,1
DA:18,1
DA:21,1
DA:25,1
DA:33,1
DA:34,0
DA:35,0
DA:38,1
DA:42,3
DA:43,3
DA:47,9
DA:51,2
DA:55,4
DA:56,4
DA:57,2
DA:58,2
DA:60,0
DA:65,2
DA:66,2
DA:70,2
DA:71,2
DA:72,1
DA:76,2
DA:80,2
DA:81,2
DA:83,2
DA:84,2
DA:86,2
DA:92,2
DA:93,1
DA:94,1
DA:97,1
LF:35
LH:32
BRDA:16,0,0,1
BRDA:16,0,1,1
BRDA:18,1,0,1
BRDA:18,1,1,0
BRDA:18,1,2,0
BRDA:33,2,0,0
BRDA:33,2,1,1
BRDA:35,3,0,0
BRDA:35,3,1,0
BRDA:35,3,2,0
BRDA:42,4,0,0
BRDA:42,4,1,3
BRDA:56,5,0,2
BRDA:56,5,1,2
BRDA:71,6,0,1
BRDA:71,6,1,1
BRDA:76,7,0,2
BRDA:76,7,1,1
BRDA:79,8,0,1
BRDA:81,9,0,2
BRDA:81,9,1,0
BRDA:84,10,0,2
BRDA:84,10,1,0
BRDA:92,11,0,1
BRDA:92,11,1,1
BRF:25
BRH:16
end_of_record
TN:
SF:src\services\videoService.ts
FN:7,getStreamUrl
FN:11,formatDate
FN:15,(anonymous_2)
FN:22,mapVideo
FN:37,(anonymous_4)
FN:50,(anonymous_5)
FN:60,(anonymous_6)
FN:69,(anonymous_7)
FN:79,(anonymous_8)
FN:88,(anonymous_9)
FN:92,(anonymous_10)
FN:99,(anonymous_11)
FN:115,(anonymous_12)
FN:126,(anonymous_13)
FN:136,(anonymous_14)
FN:140,(anonymous_15)
FNF:16
FNH:14
FNDA:3,getStreamUrl
FNDA:3,formatDate
FNDA:15,(anonymous_2)
FNDA:3,mapVideo
FNDA:2,(anonymous_4)
FNDA:1,(anonymous_5)
FNDA:0,(anonymous_6)
FNDA:1,(anonymous_7)
FNDA:1,(anonymous_8)
FNDA:0,(anonymous_9)
FNDA:1,(anonymous_10)
FNDA:2,(anonymous_11)
FNDA:1,(anonymous_12)
FNDA:1,(anonymous_13)
FNDA:1,(anonymous_14)
FNDA:2,(anonymous_15)
DA:5,2
DA:8,3
DA:12,3
DA:13,3
DA:14,3
DA:15,15
DA:16,3
DA:23,3
DA:38,2
DA:39,1
DA:42,1
DA:44,1
DA:45,1
DA:46,1
DA:47,1
DA:48,1
DA:49,1
DA:50,1
DA:53,1
DA:59,1
DA:60,0
DA:61,0
DA:66,1
DA:70,1
DA:74,1
DA:75,1
DA:76,1
DA:80,1
DA:84,1
DA:85,1
DA:89,0
DA:93,1
DA:96,1
DA:100,2
DA:101,2
DA:103,1
DA:111,1
DA:112,1
DA:116,1
DA:121,1
DA:122,1
DA:123,1
DA:127,1
DA:133,1
DA:137,1
DA:138,1
DA:139,1
DA:140,2
DA:143,1
DA:148,1
DA:149,0
DA:152,1
DA:153,1
LF:53
LH:49
BRDA:12,0,0,0
BRDA:12,0,1,3
BRDA:14,1,0,0
BRDA:14,1,1,3
BRDA:26,2,0,3
BRDA:26,2,1,0
BRDA:28,3,0,3
BRDA:28,3,1,2
BRDA:29,4,0,3
BRDA:29,4,1,1
BRDA:32,5,0,3
BRDA:32,5,1,2
BRDA:38,6,0,1
BRDA:38,6,1,1
BRDA:49,7,0,1
BRDA:49,7,1,0
BRDA:55,8,0,1
BRDA:55,8,1,0
BRDA:59,9,0,0
BRDA:59,9,1,1
BRDA:62,10,0,0
BRDA:62,10,1,0
BRDA:62,10,2,0
BRDA:74,11,0,0
BRDA:74,11,1,1
BRDA:84,12,0,0
BRDA:84,12,1,1
BRDA:96,13,0,0
BRDA:96,13,1,1
BRDA:101,14,0,1
BRDA:101,14,1,1
BRDA:111,15,0,0
BRDA:111,15,1,1
BRDA:122,16,0,0
BRDA:122,16,1,1
BRDA:133,17,0,0
BRDA:133,17,1,1
BRDA:138,18,0,1
BRDA:138,18,1,0
BRDA:139,19,0,1
BRDA:139,19,1,0
BRDA:148,20,0,0
BRDA:148,20,1,1
BRF:43
BRH:25
end_of_record
TN:
SF:src\utils\recordingUpload.ts
FN:4,uploadStreamRecording
FNF:1
FNH:1
FNDA:3,uploadStreamRecording
DA:9,3
DA:10,3
DA:11,3
DA:13,3
DA:19,3
LF:5
LH:5
BRDA:7,0,0,2
BRDA:9,1,0,1
BRDA:9,1,1,2
BRDA:10,2,0,3
BRDA:10,2,1,1
BRDA:11,3,0,3
BRDA:11,3,1,0
BRF:7
BRH:6
end_of_record
